{"/Users/dwikyhutomo/Documents/LibraryExpressJS/libraryapp-api/src/config/mysql.js":{"path":"/Users/dwikyhutomo/Documents/LibraryExpressJS/libraryapp-api/src/config/mysql.js","statementMap":{"0":{"start":{"line":1,"column":14},"end":{"line":1,"column":30}},"1":{"start":{"line":2,"column":19},"end":{"line":7,"column":2}},"2":{"start":{"line":8,"column":0},"end":{"line":12,"column":2}},"3":{"start":{"line":9,"column":4},"end":{"line":9,"column":26}},"4":{"start":{"line":9,"column":15},"end":{"line":9,"column":26}},"5":{"start":{"line":10,"column":4},"end":{"line":10,"column":41}},"6":{"start":{"line":13,"column":0},"end":{"line":13,"column":27}}},"fnMap":{"0":{"name":"(anonymous_0)","decl":{"start":{"line":8,"column":19},"end":{"line":8,"column":20}},"loc":{"start":{"line":8,"column":35},"end":{"line":12,"column":1}},"line":8}},"branchMap":{"0":{"loc":{"start":{"line":9,"column":4},"end":{"line":9,"column":26}},"type":"if","locations":[{"start":{"line":9,"column":4},"end":{"line":9,"column":26}},{"start":{"line":9,"column":4},"end":{"line":9,"column":26}}],"line":9}},"s":{"0":0,"1":0,"2":0,"3":0,"4":0,"5":0,"6":0},"f":{"0":0},"b":{"0":[0,0]},"all":true},"/Users/dwikyhutomo/Documents/LibraryExpressJS/libraryapp-api/src/config/redisConn.js":{"path":"/Users/dwikyhutomo/Documents/LibraryExpressJS/libraryapp-api/src/config/redisConn.js","statementMap":{"0":{"start":{"line":1,"column":14},"end":{"line":1,"column":30}},"1":{"start":{"line":6,"column":8},"end":{"line":10,"column":10}},"2":{"start":{"line":14,"column":8},"end":{"line":23,"column":10}},"3":{"start":{"line":15,"column":12},"end":{"line":22,"column":14}},"4":{"start":{"line":16,"column":16},"end":{"line":18,"column":17}},"5":{"start":{"line":17,"column":20},"end":{"line":17,"column":33}},"6":{"start":{"line":19,"column":16},"end":{"line":21,"column":17}},"7":{"start":{"line":20,"column":20},"end":{"line":20,"column":62}},"8":{"start":{"line":26,"column":0},"end":{"line":26,"column":32}}},"fnMap":{"0":{"name":"(anonymous_0)","decl":{"start":{"line":5,"column":4},"end":{"line":5,"column":5}},"loc":{"start":{"line":5,"column":18},"end":{"line":11,"column":5}},"line":5},"1":{"name":"(anonymous_1)","decl":{"start":{"line":13,"column":4},"end":{"line":13,"column":5}},"loc":{"start":{"line":13,"column":16},"end":{"line":24,"column":5}},"line":13},"2":{"name":"(anonymous_2)","decl":{"start":{"line":14,"column":27},"end":{"line":14,"column":28}},"loc":{"start":{"line":14,"column":45},"end":{"line":23,"column":9}},"line":14},"3":{"name":"(anonymous_3)","decl":{"start":{"line":15,"column":38},"end":{"line":15,"column":39}},"loc":{"start":{"line":15,"column":56},"end":{"line":22,"column":13}},"line":15}},"branchMap":{"0":{"loc":{"start":{"line":16,"column":16},"end":{"line":18,"column":17}},"type":"if","locations":[{"start":{"line":16,"column":16},"end":{"line":18,"column":17}},{"start":{"line":16,"column":16},"end":{"line":18,"column":17}}],"line":16},"1":{"loc":{"start":{"line":19,"column":16},"end":{"line":21,"column":17}},"type":"if","locations":[{"start":{"line":19,"column":16},"end":{"line":21,"column":17}},{"start":{"line":19,"column":16},"end":{"line":21,"column":17}}],"line":19},"2":{"loc":{"start":{"line":19,"column":19},"end":{"line":19,"column":51}},"type":"binary-expr","locations":[{"start":{"line":19,"column":19},"end":{"line":19,"column":34}},{"start":{"line":19,"column":36},"end":{"line":19,"column":51}}],"line":19}},"s":{"0":0,"1":0,"2":0,"3":0,"4":0,"5":0,"6":0,"7":0,"8":0},"f":{"0":0,"1":0,"2":0,"3":0},"b":{"0":[0,0],"1":[0,0],"2":[0,0]},"all":true},"/Users/dwikyhutomo/Documents/LibraryExpressJS/libraryapp-api/src/controllers/auth.js":{"path":"/Users/dwikyhutomo/Documents/LibraryExpressJS/libraryapp-api/src/controllers/auth.js","statementMap":{"0":{"start":{"line":1,"column":18},"end":{"line":1,"column":43}},"1":{"start":{"line":2,"column":20},"end":{"line":2,"column":47}},"2":{"start":{"line":3,"column":15},"end":{"line":3,"column":36}},"3":{"start":{"line":4,"column":12},"end":{"line":4,"column":35}},"4":{"start":{"line":5,"column":12},"end":{"line":5,"column":26}},"5":{"start":{"line":6,"column":0},"end":{"line":6,"column":26}},"6":{"start":{"line":7,"column":22},"end":{"line":7,"column":24}},"7":{"start":{"line":8,"column":0},"end":{"line":191,"column":1}},"8":{"start":{"line":11,"column":8},"end":{"line":21,"column":9}},"9":{"start":{"line":12,"column":27},"end":{"line":12,"column":52}},"10":{"start":{"line":14,"column":12},"end":{"line":14,"column":57}},"11":{"start":{"line":17,"column":12},"end":{"line":17,"column":30}},"12":{"start":{"line":19,"column":12},"end":{"line":19,"column":56}},"13":{"start":{"line":25,"column":8},"end":{"line":36,"column":9}},"14":{"start":{"line":26,"column":23},"end":{"line":26,"column":24}},"15":{"start":{"line":27,"column":27},"end":{"line":27,"column":62}},"16":{"start":{"line":29,"column":12},"end":{"line":29,"column":57}},"17":{"start":{"line":32,"column":12},"end":{"line":32,"column":30}},"18":{"start":{"line":34,"column":12},"end":{"line":34,"column":56}},"19":{"start":{"line":40,"column":8},"end":{"line":64,"column":9}},"20":{"start":{"line":43,"column":28},"end":{"line":43,"column":40}},"21":{"start":{"line":44,"column":12},"end":{"line":48,"column":13}},"22":{"start":{"line":46,"column":16},"end":{"line":46,"column":83}},"23":{"start":{"line":49,"column":31},"end":{"line":49,"column":70}},"24":{"start":{"line":50,"column":12},"end":{"line":50,"column":35}},"25":{"start":{"line":51,"column":12},"end":{"line":58,"column":13}},"26":{"start":{"line":53,"column":16},"end":{"line":53,"column":61}},"27":{"start":{"line":54,"column":31},"end":{"line":54,"column":64}},"28":{"start":{"line":55,"column":16},"end":{"line":55,"column":61}},"29":{"start":{"line":59,"column":12},"end":{"line":59,"column":82}},"30":{"start":{"line":61,"column":12},"end":{"line":61,"column":31}},"31":{"start":{"line":62,"column":12},"end":{"line":62,"column":56}},"32":{"start":{"line":68,"column":8},"end":{"line":100,"column":9}},"33":{"start":{"line":69,"column":28},"end":{"line":69,"column":40}},"34":{"start":{"line":70,"column":12},"end":{"line":70,"column":57}},"35":{"start":{"line":71,"column":39},"end":{"line":71,"column":71}},"36":{"start":{"line":74,"column":12},"end":{"line":74,"column":41}},"37":{"start":{"line":76,"column":27},"end":{"line":76,"column":61}},"38":{"start":{"line":78,"column":12},"end":{"line":94,"column":13}},"39":{"start":{"line":79,"column":16},"end":{"line":79,"column":103}},"40":{"start":{"line":83,"column":30},"end":{"line":83,"column":95}},"41":{"start":{"line":84,"column":37},"end":{"line":84,"column":97}},"42":{"start":{"line":85,"column":32},"end":{"line":89,"column":17}},"43":{"start":{"line":90,"column":16},"end":{"line":90,"column":39}},"44":{"start":{"line":91,"column":16},"end":{"line":91,"column":49}},"45":{"start":{"line":93,"column":16},"end":{"line":93,"column":55}},"46":{"start":{"line":97,"column":12},"end":{"line":97,"column":30}},"47":{"start":{"line":98,"column":12},"end":{"line":98,"column":56}},"48":{"start":{"line":107,"column":8},"end":{"line":137,"column":9}},"49":{"start":{"line":108,"column":26},"end":{"line":108,"column":44}},"50":{"start":{"line":109,"column":12},"end":{"line":109,"column":38}},"51":{"start":{"line":111,"column":12},"end":{"line":113,"column":13}},"52":{"start":{"line":112,"column":16},"end":{"line":112,"column":85}},"53":{"start":{"line":114,"column":12},"end":{"line":116,"column":13}},"54":{"start":{"line":115,"column":16},"end":{"line":115,"column":94}},"55":{"start":{"line":117,"column":12},"end":{"line":130,"column":14}},"56":{"start":{"line":119,"column":16},"end":{"line":129,"column":17}},"57":{"start":{"line":120,"column":20},"end":{"line":120,"column":82}},"58":{"start":{"line":123,"column":34},"end":{"line":123,"column":99}},"59":{"start":{"line":125,"column":20},"end":{"line":125,"column":68}},"60":{"start":{"line":134,"column":12},"end":{"line":134,"column":30}},"61":{"start":{"line":135,"column":12},"end":{"line":135,"column":56}},"62":{"start":{"line":143,"column":8},"end":{"line":155,"column":9}},"63":{"start":{"line":144,"column":28},"end":{"line":144,"column":40}},"64":{"start":{"line":145,"column":12},"end":{"line":145,"column":57}},"65":{"start":{"line":147,"column":23},"end":{"line":147,"column":40}},"66":{"start":{"line":148,"column":27},"end":{"line":148,"column":63}},"67":{"start":{"line":149,"column":12},"end":{"line":149,"column":57}},"68":{"start":{"line":152,"column":12},"end":{"line":152,"column":30}},"69":{"start":{"line":153,"column":12},"end":{"line":153,"column":56}},"70":{"start":{"line":159,"column":8},"end":{"line":175,"column":9}},"71":{"start":{"line":160,"column":23},"end":{"line":160,"column":40}},"72":{"start":{"line":161,"column":25},"end":{"line":161,"column":63}},"73":{"start":{"line":162,"column":12},"end":{"line":168,"column":119}},"74":{"start":{"line":163,"column":31},"end":{"line":163,"column":61}},"75":{"start":{"line":165,"column":16},"end":{"line":165,"column":61}},"76":{"start":{"line":168,"column":16},"end":{"line":168,"column":118}},"77":{"start":{"line":173,"column":12},"end":{"line":173,"column":56}},"78":{"start":{"line":179,"column":8},"end":{"line":188,"column":9}},"79":{"start":{"line":180,"column":13},"end":{"line":180,"column":65}},"80":{"start":{"line":180,"column":42},"end":{"line":180,"column":64}},"81":{"start":{"line":182,"column":11},"end":{"line":182,"column":47}},"82":{"start":{"line":185,"column":12},"end":{"line":185,"column":30}},"83":{"start":{"line":186,"column":12},"end":{"line":186,"column":56}}},"fnMap":{"0":{"name":"(anonymous_0)","decl":{"start":{"line":10,"column":13},"end":{"line":10,"column":14}},"loc":{"start":{"line":10,"column":47},"end":{"line":23,"column":5}},"line":10},"1":{"name":"(anonymous_1)","decl":{"start":{"line":24,"column":19},"end":{"line":24,"column":20}},"loc":{"start":{"line":24,"column":53},"end":{"line":38,"column":5}},"line":24},"2":{"name":"(anonymous_2)","decl":{"start":{"line":39,"column":14},"end":{"line":39,"column":15}},"loc":{"start":{"line":39,"column":48},"end":{"line":66,"column":5}},"line":39},"3":{"name":"(anonymous_3)","decl":{"start":{"line":67,"column":15},"end":{"line":67,"column":16}},"loc":{"start":{"line":67,"column":49},"end":{"line":102,"column":5}},"line":67},"4":{"name":"(anonymous_4)","decl":{"start":{"line":104,"column":14},"end":{"line":104,"column":15}},"loc":{"start":{"line":104,"column":48},"end":{"line":139,"column":5}},"line":104},"5":{"name":"(anonymous_5)","decl":{"start":{"line":117,"column":64},"end":{"line":117,"column":65}},"loc":{"start":{"line":117,"column":88},"end":{"line":130,"column":13}},"line":117},"6":{"name":"(anonymous_6)","decl":{"start":{"line":140,"column":13},"end":{"line":140,"column":14}},"loc":{"start":{"line":140,"column":47},"end":{"line":157,"column":5}},"line":140},"7":{"name":"(anonymous_7)","decl":{"start":{"line":158,"column":16},"end":{"line":158,"column":17}},"loc":{"start":{"line":158,"column":50},"end":{"line":177,"column":5}},"line":158},"8":{"name":"(anonymous_8)","decl":{"start":{"line":178,"column":17},"end":{"line":178,"column":18}},"loc":{"start":{"line":178,"column":51},"end":{"line":190,"column":5}},"line":178},"9":{"name":"(anonymous_9)","decl":{"start":{"line":180,"column":34},"end":{"line":180,"column":35}},"loc":{"start":{"line":180,"column":42},"end":{"line":180,"column":64}},"line":180}},"branchMap":{"0":{"loc":{"start":{"line":44,"column":12},"end":{"line":48,"column":13}},"type":"if","locations":[{"start":{"line":44,"column":12},"end":{"line":48,"column":13}},{"start":{"line":44,"column":12},"end":{"line":48,"column":13}}],"line":44},"1":{"loc":{"start":{"line":51,"column":12},"end":{"line":58,"column":13}},"type":"if","locations":[{"start":{"line":51,"column":12},"end":{"line":58,"column":13}},{"start":{"line":51,"column":12},"end":{"line":58,"column":13}}],"line":51},"2":{"loc":{"start":{"line":78,"column":12},"end":{"line":94,"column":13}},"type":"if","locations":[{"start":{"line":78,"column":12},"end":{"line":94,"column":13}},{"start":{"line":78,"column":12},"end":{"line":94,"column":13}}],"line":78},"3":{"loc":{"start":{"line":111,"column":12},"end":{"line":113,"column":13}},"type":"if","locations":[{"start":{"line":111,"column":12},"end":{"line":113,"column":13}},{"start":{"line":111,"column":12},"end":{"line":113,"column":13}}],"line":111},"4":{"loc":{"start":{"line":114,"column":12},"end":{"line":116,"column":13}},"type":"if","locations":[{"start":{"line":114,"column":12},"end":{"line":116,"column":13}},{"start":{"line":114,"column":12},"end":{"line":116,"column":13}}],"line":114},"5":{"loc":{"start":{"line":119,"column":16},"end":{"line":129,"column":17}},"type":"if","locations":[{"start":{"line":119,"column":16},"end":{"line":129,"column":17}},{"start":{"line":119,"column":16},"end":{"line":129,"column":17}}],"line":119},"6":{"loc":{"start":{"line":119,"column":20},"end":{"line":119,"column":110}},"type":"binary-expr","locations":[{"start":{"line":119,"column":20},"end":{"line":119,"column":25}},{"start":{"line":119,"column":29},"end":{"line":119,"column":63}},{"start":{"line":119,"column":67},"end":{"line":119,"column":72}},{"start":{"line":119,"column":76},"end":{"line":119,"column":110}}],"line":119},"7":{"loc":{"start":{"line":162,"column":12},"end":{"line":168,"column":119}},"type":"if","locations":[{"start":{"line":162,"column":12},"end":{"line":168,"column":119}},{"start":{"line":162,"column":12},"end":{"line":168,"column":119}}],"line":162}},"s":{"0":0,"1":0,"2":0,"3":0,"4":0,"5":0,"6":0,"7":0,"8":0,"9":0,"10":0,"11":0,"12":0,"13":0,"14":0,"15":0,"16":0,"17":0,"18":0,"19":0,"20":0,"21":0,"22":0,"23":0,"24":0,"25":0,"26":0,"27":0,"28":0,"29":0,"30":0,"31":0,"32":0,"33":0,"34":0,"35":0,"36":0,"37":0,"38":0,"39":0,"40":0,"41":0,"42":0,"43":0,"44":0,"45":0,"46":0,"47":0,"48":0,"49":0,"50":0,"51":0,"52":0,"53":0,"54":0,"55":0,"56":0,"57":0,"58":0,"59":0,"60":0,"61":0,"62":0,"63":0,"64":0,"65":0,"66":0,"67":0,"68":0,"69":0,"70":0,"71":0,"72":0,"73":0,"74":0,"75":0,"76":0,"77":0,"78":0,"79":0,"80":0,"81":0,"82":0,"83":0},"f":{"0":0,"1":0,"2":0,"3":0,"4":0,"5":0,"6":0,"7":0,"8":0,"9":0},"b":{"0":[0,0],"1":[0,0],"2":[0,0],"3":[0,0],"4":[0,0],"5":[0,0],"6":[0,0,0,0],"7":[0,0]},"all":true},"/Users/dwikyhutomo/Documents/LibraryExpressJS/libraryapp-api/src/controllers/author.js":{"path":"/Users/dwikyhutomo/Documents/LibraryExpressJS/libraryapp-api/src/controllers/author.js","statementMap":{"0":{"start":{"line":1,"column":19},"end":{"line":1,"column":44}},"1":{"start":{"line":2,"column":19},"end":{"line":2,"column":45}},"2":{"start":{"line":3,"column":15},"end":{"line":3,"column":36}},"3":{"start":{"line":4,"column":16},"end":{"line":4,"column":34}},"4":{"start":{"line":6,"column":0},"end":{"line":105,"column":1}},"5":{"start":{"line":8,"column":8},"end":{"line":16,"column":9}},"6":{"start":{"line":10,"column":27},"end":{"line":10,"column":61}},"7":{"start":{"line":11,"column":12},"end":{"line":11,"column":57}},"8":{"start":{"line":14,"column":12},"end":{"line":14,"column":56}},"9":{"start":{"line":22,"column":8},"end":{"line":43,"column":9}},"10":{"start":{"line":26,"column":23},"end":{"line":26,"column":40}},"11":{"start":{"line":28,"column":27},"end":{"line":28,"column":68}},"12":{"start":{"line":29,"column":12},"end":{"line":35,"column":13}},"13":{"start":{"line":30,"column":16},"end":{"line":30,"column":61}},"14":{"start":{"line":34,"column":16},"end":{"line":34,"column":86}},"15":{"start":{"line":41,"column":12},"end":{"line":41,"column":56}},"16":{"start":{"line":47,"column":8},"end":{"line":56,"column":9}},"17":{"start":{"line":48,"column":28},"end":{"line":48,"column":40}},"18":{"start":{"line":49,"column":27},"end":{"line":49,"column":71}},"19":{"start":{"line":50,"column":12},"end":{"line":50,"column":57}},"20":{"start":{"line":53,"column":12},"end":{"line":53,"column":30}},"21":{"start":{"line":54,"column":12},"end":{"line":54,"column":56}},"22":{"start":{"line":61,"column":8},"end":{"line":71,"column":9}},"23":{"start":{"line":62,"column":28},"end":{"line":62,"column":40}},"24":{"start":{"line":63,"column":23},"end":{"line":63,"column":40}},"25":{"start":{"line":64,"column":27},"end":{"line":64,"column":74}},"26":{"start":{"line":65,"column":12},"end":{"line":65,"column":57}},"27":{"start":{"line":68,"column":12},"end":{"line":68,"column":30}},"28":{"start":{"line":69,"column":12},"end":{"line":69,"column":56}},"29":{"start":{"line":75,"column":8},"end":{"line":99,"column":9}},"30":{"start":{"line":76,"column":23},"end":{"line":76,"column":40}},"31":{"start":{"line":77,"column":25},"end":{"line":77,"column":61}},"32":{"start":{"line":78,"column":12},"end":{"line":93,"column":109}},"33":{"start":{"line":80,"column":31},"end":{"line":80,"column":72}},"34":{"start":{"line":81,"column":16},"end":{"line":87,"column":17}},"35":{"start":{"line":82,"column":20},"end":{"line":82,"column":65}},"36":{"start":{"line":86,"column":20},"end":{"line":86,"column":109}},"37":{"start":{"line":93,"column":12},"end":{"line":93,"column":108}},"38":{"start":{"line":96,"column":12},"end":{"line":96,"column":30}},"39":{"start":{"line":97,"column":12},"end":{"line":97,"column":56}}},"fnMap":{"0":{"name":"(anonymous_0)","decl":{"start":{"line":7,"column":15},"end":{"line":7,"column":16}},"loc":{"start":{"line":7,"column":49},"end":{"line":18,"column":5}},"line":7},"1":{"name":"(anonymous_1)","decl":{"start":{"line":19,"column":19},"end":{"line":19,"column":20}},"loc":{"start":{"line":19,"column":53},"end":{"line":45,"column":5}},"line":19},"2":{"name":"(anonymous_2)","decl":{"start":{"line":46,"column":16},"end":{"line":46,"column":17}},"loc":{"start":{"line":46,"column":50},"end":{"line":58,"column":5}},"line":46},"3":{"name":"(anonymous_3)","decl":{"start":{"line":59,"column":15},"end":{"line":59,"column":16}},"loc":{"start":{"line":59,"column":49},"end":{"line":73,"column":5}},"line":59},"4":{"name":"(anonymous_4)","decl":{"start":{"line":74,"column":18},"end":{"line":74,"column":19}},"loc":{"start":{"line":74,"column":52},"end":{"line":101,"column":5}},"line":74}},"branchMap":{"0":{"loc":{"start":{"line":29,"column":12},"end":{"line":35,"column":13}},"type":"if","locations":[{"start":{"line":29,"column":12},"end":{"line":35,"column":13}},{"start":{"line":29,"column":12},"end":{"line":35,"column":13}}],"line":29},"1":{"loc":{"start":{"line":78,"column":12},"end":{"line":93,"column":109}},"type":"if","locations":[{"start":{"line":78,"column":12},"end":{"line":93,"column":109}},{"start":{"line":78,"column":12},"end":{"line":93,"column":109}}],"line":78},"2":{"loc":{"start":{"line":81,"column":16},"end":{"line":87,"column":17}},"type":"if","locations":[{"start":{"line":81,"column":16},"end":{"line":87,"column":17}},{"start":{"line":81,"column":16},"end":{"line":87,"column":17}}],"line":81}},"s":{"0":0,"1":0,"2":0,"3":0,"4":0,"5":0,"6":0,"7":0,"8":0,"9":0,"10":0,"11":0,"12":0,"13":0,"14":0,"15":0,"16":0,"17":0,"18":0,"19":0,"20":0,"21":0,"22":0,"23":0,"24":0,"25":0,"26":0,"27":0,"28":0,"29":0,"30":0,"31":0,"32":0,"33":0,"34":0,"35":0,"36":0,"37":0,"38":0,"39":0},"f":{"0":0,"1":0,"2":0,"3":0,"4":0},"b":{"0":[0,0],"1":[0,0],"2":[0,0]},"all":true},"/Users/dwikyhutomo/Documents/LibraryExpressJS/libraryapp-api/src/controllers/books.js":{"path":"/Users/dwikyhutomo/Documents/LibraryExpressJS/libraryapp-api/src/controllers/books.js","statementMap":{"0":{"start":{"line":1,"column":20},"end":{"line":1,"column":46}},"1":{"start":{"line":2,"column":15},"end":{"line":2,"column":36}},"2":{"start":{"line":3,"column":21},"end":{"line":3,"column":48}},"3":{"start":{"line":4,"column":14},"end":{"line":4,"column":51}},"4":{"start":{"line":6,"column":0},"end":{"line":414,"column":1}},"5":{"start":{"line":11,"column":8},"end":{"line":139,"column":9}},"6":{"start":{"line":13,"column":12},"end":{"line":15,"column":13}},"7":{"start":{"line":14,"column":16},"end":{"line":14,"column":38}},"8":{"start":{"line":17,"column":12},"end":{"line":19,"column":13}},"9":{"start":{"line":18,"column":16},"end":{"line":18,"column":39}},"10":{"start":{"line":20,"column":12},"end":{"line":22,"column":13}},"11":{"start":{"line":21,"column":16},"end":{"line":21,"column":45}},"12":{"start":{"line":24,"column":12},"end":{"line":26,"column":13}},"13":{"start":{"line":25,"column":16},"end":{"line":25,"column":43}},"14":{"start":{"line":28,"column":12},"end":{"line":30,"column":13}},"15":{"start":{"line":29,"column":16},"end":{"line":29,"column":40}},"16":{"start":{"line":32,"column":12},"end":{"line":38,"column":13}},"17":{"start":{"line":33,"column":16},"end":{"line":33,"column":43}},"18":{"start":{"line":37,"column":16},"end":{"line":37,"column":26}},"19":{"start":{"line":41,"column":12},"end":{"line":44,"column":13}},"20":{"start":{"line":42,"column":12},"end":{"line":42,"column":51}},"21":{"start":{"line":45,"column":12},"end":{"line":45,"column":33}},"22":{"start":{"line":46,"column":12},"end":{"line":51,"column":13}},"23":{"start":{"line":48,"column":16},"end":{"line":48,"column":66}},"24":{"start":{"line":49,"column":16},"end":{"line":49,"column":49}},"25":{"start":{"line":53,"column":12},"end":{"line":58,"column":13}},"26":{"start":{"line":54,"column":16},"end":{"line":54,"column":53}},"27":{"start":{"line":57,"column":16},"end":{"line":57,"column":25}},"28":{"start":{"line":60,"column":12},"end":{"line":65,"column":13}},"29":{"start":{"line":61,"column":16},"end":{"line":61,"column":30}},"30":{"start":{"line":64,"column":16},"end":{"line":64,"column":76}},"31":{"start":{"line":73,"column":12},"end":{"line":78,"column":13}},"32":{"start":{"line":74,"column":16},"end":{"line":74,"column":51}},"33":{"start":{"line":77,"column":16},"end":{"line":77,"column":24}},"34":{"start":{"line":79,"column":12},"end":{"line":81,"column":13}},"35":{"start":{"line":80,"column":16},"end":{"line":80,"column":93}},"36":{"start":{"line":82,"column":12},"end":{"line":84,"column":13}},"37":{"start":{"line":83,"column":16},"end":{"line":83,"column":33}},"38":{"start":{"line":88,"column":12},"end":{"line":93,"column":13}},"39":{"start":{"line":89,"column":16},"end":{"line":89,"column":45}},"40":{"start":{"line":92,"column":16},"end":{"line":92,"column":29}},"41":{"start":{"line":95,"column":12},"end":{"line":101,"column":13}},"42":{"start":{"line":96,"column":16},"end":{"line":96,"column":44}},"43":{"start":{"line":100,"column":16},"end":{"line":100,"column":28}},"44":{"start":{"line":103,"column":31},"end":{"line":103,"column":49}},"45":{"start":{"line":104,"column":30},"end":{"line":104,"column":69}},"46":{"start":{"line":105,"column":31},"end":{"line":116,"column":13}},"47":{"start":{"line":117,"column":10},"end":{"line":131,"column":11}},"48":{"start":{"line":118,"column":22},"end":{"line":118,"column":118}},"49":{"start":{"line":120,"column":27},"end":{"line":120,"column":96}},"50":{"start":{"line":121,"column":31},"end":{"line":124,"column":13}},"51":{"start":{"line":125,"column":25},"end":{"line":125,"column":51}},"52":{"start":{"line":126,"column":12},"end":{"line":126,"column":40}},"53":{"start":{"line":127,"column":12},"end":{"line":127,"column":69}},"54":{"start":{"line":130,"column":14},"end":{"line":130,"column":33}},"55":{"start":{"line":135,"column":12},"end":{"line":135,"column":30}},"56":{"start":{"line":137,"column":12},"end":{"line":137,"column":56}},"57":{"start":{"line":145,"column":8},"end":{"line":164,"column":9}},"58":{"start":{"line":147,"column":23},"end":{"line":147,"column":40}},"59":{"start":{"line":149,"column":27},"end":{"line":149,"column":60}},"60":{"start":{"line":150,"column":12},"end":{"line":157,"column":13}},"61":{"start":{"line":151,"column":16},"end":{"line":151,"column":93}},"62":{"start":{"line":155,"column":16},"end":{"line":155,"column":84}},"63":{"start":{"line":160,"column":12},"end":{"line":160,"column":30}},"64":{"start":{"line":162,"column":12},"end":{"line":162,"column":56}},"65":{"start":{"line":171,"column":8},"end":{"line":186,"column":9}},"66":{"start":{"line":175,"column":23},"end":{"line":175,"column":40}},"67":{"start":{"line":177,"column":27},"end":{"line":177,"column":62}},"68":{"start":{"line":179,"column":12},"end":{"line":179,"column":57}},"69":{"start":{"line":182,"column":12},"end":{"line":182,"column":30}},"70":{"start":{"line":184,"column":12},"end":{"line":184,"column":56}},"71":{"start":{"line":193,"column":8},"end":{"line":221,"column":9}},"72":{"start":{"line":194,"column":28},"end":{"line":194,"column":40}},"73":{"start":{"line":195,"column":12},"end":{"line":195,"column":49}},"74":{"start":{"line":196,"column":27},"end":{"line":196,"column":62}},"75":{"start":{"line":197,"column":25},"end":{"line":197,"column":65}},"76":{"start":{"line":199,"column":12},"end":{"line":214,"column":17}},"77":{"start":{"line":200,"column":16},"end":{"line":200,"column":49}},"78":{"start":{"line":200,"column":25},"end":{"line":200,"column":49}},"79":{"start":{"line":201,"column":16},"end":{"line":213,"column":13}},"80":{"start":{"line":201,"column":28},"end":{"line":201,"column":29}},"81":{"start":{"line":202,"column":20},"end":{"line":202,"column":51}},"82":{"start":{"line":203,"column":20},"end":{"line":212,"column":17}},"83":{"start":{"line":204,"column":20},"end":{"line":211,"column":22}},"84":{"start":{"line":205,"column":24},"end":{"line":210,"column":25}},"85":{"start":{"line":206,"column":28},"end":{"line":206,"column":50}},"86":{"start":{"line":209,"column":28},"end":{"line":209,"column":48}},"87":{"start":{"line":216,"column":12},"end":{"line":216,"column":64}},"88":{"start":{"line":218,"column":12},"end":{"line":218,"column":30}},"89":{"start":{"line":219,"column":12},"end":{"line":219,"column":74}},"90":{"start":{"line":227,"column":8},"end":{"line":272,"column":9}},"91":{"start":{"line":228,"column":23},"end":{"line":228,"column":40}},"92":{"start":{"line":230,"column":25},"end":{"line":230,"column":64}},"93":{"start":{"line":231,"column":28},"end":{"line":231,"column":40}},"94":{"start":{"line":232,"column":12},"end":{"line":245,"column":13}},"95":{"start":{"line":233,"column":16},"end":{"line":244,"column":17}},"96":{"start":{"line":234,"column":20},"end":{"line":234,"column":51}},"97":{"start":{"line":237,"column":20},"end":{"line":237,"column":57}},"98":{"start":{"line":238,"column":20},"end":{"line":243,"column":25}},"99":{"start":{"line":239,"column":24},"end":{"line":239,"column":72}},"100":{"start":{"line":242,"column":28},"end":{"line":242,"column":61}},"101":{"start":{"line":248,"column":12},"end":{"line":263,"column":17}},"102":{"start":{"line":249,"column":16},"end":{"line":249,"column":49}},"103":{"start":{"line":249,"column":25},"end":{"line":249,"column":49}},"104":{"start":{"line":250,"column":16},"end":{"line":262,"column":13}},"105":{"start":{"line":250,"column":28},"end":{"line":250,"column":29}},"106":{"start":{"line":251,"column":20},"end":{"line":251,"column":51}},"107":{"start":{"line":252,"column":20},"end":{"line":261,"column":17}},"108":{"start":{"line":253,"column":20},"end":{"line":260,"column":22}},"109":{"start":{"line":254,"column":24},"end":{"line":259,"column":25}},"110":{"start":{"line":255,"column":28},"end":{"line":255,"column":50}},"111":{"start":{"line":258,"column":28},"end":{"line":258,"column":48}},"112":{"start":{"line":264,"column":27},"end":{"line":264,"column":65}},"113":{"start":{"line":265,"column":25},"end":{"line":265,"column":58}},"114":{"start":{"line":266,"column":12},"end":{"line":266,"column":64}},"115":{"start":{"line":269,"column":12},"end":{"line":269,"column":30}},"116":{"start":{"line":270,"column":12},"end":{"line":270,"column":56}},"117":{"start":{"line":276,"column":8},"end":{"line":332,"column":9}},"118":{"start":{"line":277,"column":23},"end":{"line":277,"column":40}},"119":{"start":{"line":278,"column":25},"end":{"line":278,"column":64}},"120":{"start":{"line":279,"column":13},"end":{"line":279,"column":48}},"121":{"start":{"line":280,"column":12},"end":{"line":280,"column":35}},"122":{"start":{"line":281,"column":12},"end":{"line":281,"column":55}},"123":{"start":{"line":290,"column":12},"end":{"line":305,"column":17}},"124":{"start":{"line":291,"column":16},"end":{"line":291,"column":49}},"125":{"start":{"line":291,"column":25},"end":{"line":291,"column":49}},"126":{"start":{"line":292,"column":16},"end":{"line":304,"column":13}},"127":{"start":{"line":292,"column":28},"end":{"line":292,"column":29}},"128":{"start":{"line":293,"column":20},"end":{"line":293,"column":51}},"129":{"start":{"line":294,"column":20},"end":{"line":303,"column":17}},"130":{"start":{"line":295,"column":20},"end":{"line":302,"column":22}},"131":{"start":{"line":296,"column":24},"end":{"line":301,"column":25}},"132":{"start":{"line":297,"column":28},"end":{"line":297,"column":50}},"133":{"start":{"line":300,"column":28},"end":{"line":300,"column":48}},"134":{"start":{"line":307,"column":12},"end":{"line":327,"column":13}},"135":{"start":{"line":310,"column":31},"end":{"line":310,"column":63}},"136":{"start":{"line":311,"column":16},"end":{"line":311,"column":61}},"137":{"start":{"line":316,"column":16},"end":{"line":316,"column":42}},"138":{"start":{"line":317,"column":16},"end":{"line":322,"column":17}},"139":{"start":{"line":318,"column":16},"end":{"line":318,"column":64}},"140":{"start":{"line":321,"column":20},"end":{"line":321,"column":53}},"141":{"start":{"line":324,"column":31},"end":{"line":324,"column":63}},"142":{"start":{"line":326,"column":16},"end":{"line":326,"column":61}},"143":{"start":{"line":329,"column":12},"end":{"line":329,"column":30}},"144":{"start":{"line":330,"column":12},"end":{"line":330,"column":56}},"145":{"start":{"line":337,"column":8},"end":{"line":346,"column":9}},"146":{"start":{"line":338,"column":25},"end":{"line":338,"column":44}},"147":{"start":{"line":340,"column":27},"end":{"line":340,"column":64}},"148":{"start":{"line":341,"column":12},"end":{"line":341,"column":57}},"149":{"start":{"line":344,"column":12},"end":{"line":344,"column":56}},"150":{"start":{"line":353,"column":8},"end":{"line":376,"column":9}},"151":{"start":{"line":355,"column":29},"end":{"line":355,"column":57}},"152":{"start":{"line":356,"column":29},"end":{"line":356,"column":70}},"153":{"start":{"line":357,"column":26},"end":{"line":357,"column":55}},"154":{"start":{"line":358,"column":12},"end":{"line":360,"column":13}},"155":{"start":{"line":359,"column":16},"end":{"line":359,"column":93}},"156":{"start":{"line":361,"column":12},"end":{"line":363,"column":13}},"157":{"start":{"line":362,"column":16},"end":{"line":362,"column":47}},"158":{"start":{"line":364,"column":25},"end":{"line":364,"column":53}},"159":{"start":{"line":365,"column":31},"end":{"line":365,"column":49}},"160":{"start":{"line":367,"column":25},"end":{"line":367,"column":46}},"161":{"start":{"line":368,"column":27},"end":{"line":368,"column":47}},"162":{"start":{"line":369,"column":27},"end":{"line":369,"column":89}},"163":{"start":{"line":370,"column":12},"end":{"line":370,"column":57}},"164":{"start":{"line":373,"column":12},"end":{"line":373,"column":30}},"165":{"start":{"line":374,"column":12},"end":{"line":374,"column":56}},"166":{"start":{"line":381,"column":8},"end":{"line":412,"column":9}},"167":{"start":{"line":382,"column":29},"end":{"line":382,"column":57}},"168":{"start":{"line":383,"column":29},"end":{"line":383,"column":70}},"169":{"start":{"line":384,"column":26},"end":{"line":384,"column":55}},"170":{"start":{"line":385,"column":12},"end":{"line":388,"column":13}},"171":{"start":{"line":386,"column":16},"end":{"line":386,"column":93}},"172":{"start":{"line":389,"column":12},"end":{"line":391,"column":13}},"173":{"start":{"line":390,"column":16},"end":{"line":390,"column":47}},"174":{"start":{"line":392,"column":25},"end":{"line":392,"column":53}},"175":{"start":{"line":393,"column":31},"end":{"line":400,"column":13}},"176":{"start":{"line":402,"column":31},"end":{"line":402,"column":49}},"177":{"start":{"line":405,"column":27},"end":{"line":405,"column":82}},"178":{"start":{"line":407,"column":12},"end":{"line":407,"column":69}},"179":{"start":{"line":410,"column":12},"end":{"line":410,"column":56}}},"fnMap":{"0":{"name":"(anonymous_0)","decl":{"start":{"line":8,"column":14},"end":{"line":8,"column":15}},"loc":{"start":{"line":8,"column":49},"end":{"line":141,"column":5}},"line":8},"1":{"name":"(anonymous_1)","decl":{"start":{"line":142,"column":17},"end":{"line":142,"column":18}},"loc":{"start":{"line":142,"column":52},"end":{"line":166,"column":5}},"line":142},"2":{"name":"(anonymous_2)","decl":{"start":{"line":168,"column":19},"end":{"line":168,"column":20}},"loc":{"start":{"line":168,"column":54},"end":{"line":188,"column":5}},"line":168},"3":{"name":"(anonymous_3)","decl":{"start":{"line":191,"column":14},"end":{"line":191,"column":15}},"loc":{"start":{"line":191,"column":49},"end":{"line":223,"column":5}},"line":191},"4":{"name":"(anonymous_4)","decl":{"start":{"line":199,"column":28},"end":{"line":199,"column":29}},"loc":{"start":{"line":199,"column":49},"end":{"line":214,"column":15}},"line":199},"5":{"name":"(anonymous_5)","decl":{"start":{"line":204,"column":38},"end":{"line":204,"column":39}},"loc":{"start":{"line":204,"column":56},"end":{"line":211,"column":21}},"line":204},"6":{"name":"(anonymous_6)","decl":{"start":{"line":224,"column":13},"end":{"line":224,"column":14}},"loc":{"start":{"line":224,"column":48},"end":{"line":274,"column":5}},"line":224},"7":{"name":"(anonymous_7)","decl":{"start":{"line":248,"column":28},"end":{"line":248,"column":29}},"loc":{"start":{"line":248,"column":49},"end":{"line":263,"column":15}},"line":248},"8":{"name":"(anonymous_8)","decl":{"start":{"line":253,"column":38},"end":{"line":253,"column":39}},"loc":{"start":{"line":253,"column":56},"end":{"line":260,"column":21}},"line":253},"9":{"name":"(anonymous_9)","decl":{"start":{"line":275,"column":16},"end":{"line":275,"column":17}},"loc":{"start":{"line":275,"column":51},"end":{"line":334,"column":5}},"line":275},"10":{"name":"(anonymous_10)","decl":{"start":{"line":290,"column":28},"end":{"line":290,"column":29}},"loc":{"start":{"line":290,"column":49},"end":{"line":305,"column":15}},"line":290},"11":{"name":"(anonymous_11)","decl":{"start":{"line":295,"column":38},"end":{"line":295,"column":39}},"loc":{"start":{"line":295,"column":56},"end":{"line":302,"column":21}},"line":295},"12":{"name":"(anonymous_12)","decl":{"start":{"line":336,"column":19},"end":{"line":336,"column":20}},"loc":{"start":{"line":336,"column":54},"end":{"line":348,"column":5}},"line":336},"13":{"name":"(anonymous_13)","decl":{"start":{"line":349,"column":17},"end":{"line":349,"column":18}},"loc":{"start":{"line":349,"column":52},"end":{"line":378,"column":5}},"line":349},"14":{"name":"(anonymous_14)","decl":{"start":{"line":380,"column":24},"end":{"line":380,"column":25}},"loc":{"start":{"line":380,"column":65},"end":{"line":413,"column":5}},"line":380}},"branchMap":{"0":{"loc":{"start":{"line":13,"column":12},"end":{"line":15,"column":13}},"type":"if","locations":[{"start":{"line":13,"column":12},"end":{"line":15,"column":13}},{"start":{"line":13,"column":12},"end":{"line":15,"column":13}}],"line":13},"1":{"loc":{"start":{"line":17,"column":12},"end":{"line":19,"column":13}},"type":"if","locations":[{"start":{"line":17,"column":12},"end":{"line":19,"column":13}},{"start":{"line":17,"column":12},"end":{"line":19,"column":13}}],"line":17},"2":{"loc":{"start":{"line":20,"column":12},"end":{"line":22,"column":13}},"type":"if","locations":[{"start":{"line":20,"column":12},"end":{"line":22,"column":13}},{"start":{"line":20,"column":12},"end":{"line":22,"column":13}}],"line":20},"3":{"loc":{"start":{"line":24,"column":12},"end":{"line":26,"column":13}},"type":"if","locations":[{"start":{"line":24,"column":12},"end":{"line":26,"column":13}},{"start":{"line":24,"column":12},"end":{"line":26,"column":13}}],"line":24},"4":{"loc":{"start":{"line":28,"column":12},"end":{"line":30,"column":13}},"type":"if","locations":[{"start":{"line":28,"column":12},"end":{"line":30,"column":13}},{"start":{"line":28,"column":12},"end":{"line":30,"column":13}}],"line":28},"5":{"loc":{"start":{"line":32,"column":12},"end":{"line":38,"column":13}},"type":"if","locations":[{"start":{"line":32,"column":12},"end":{"line":38,"column":13}},{"start":{"line":32,"column":12},"end":{"line":38,"column":13}}],"line":32},"6":{"loc":{"start":{"line":41,"column":12},"end":{"line":44,"column":13}},"type":"if","locations":[{"start":{"line":41,"column":12},"end":{"line":44,"column":13}},{"start":{"line":41,"column":12},"end":{"line":44,"column":13}}],"line":41},"7":{"loc":{"start":{"line":46,"column":12},"end":{"line":51,"column":13}},"type":"if","locations":[{"start":{"line":46,"column":12},"end":{"line":51,"column":13}},{"start":{"line":46,"column":12},"end":{"line":51,"column":13}}],"line":46},"8":{"loc":{"start":{"line":53,"column":12},"end":{"line":58,"column":13}},"type":"if","locations":[{"start":{"line":53,"column":12},"end":{"line":58,"column":13}},{"start":{"line":53,"column":12},"end":{"line":58,"column":13}}],"line":53},"9":{"loc":{"start":{"line":60,"column":12},"end":{"line":65,"column":13}},"type":"if","locations":[{"start":{"line":60,"column":12},"end":{"line":65,"column":13}},{"start":{"line":60,"column":12},"end":{"line":65,"column":13}}],"line":60},"10":{"loc":{"start":{"line":73,"column":12},"end":{"line":78,"column":13}},"type":"if","locations":[{"start":{"line":73,"column":12},"end":{"line":78,"column":13}},{"start":{"line":73,"column":12},"end":{"line":78,"column":13}}],"line":73},"11":{"loc":{"start":{"line":79,"column":12},"end":{"line":81,"column":13}},"type":"if","locations":[{"start":{"line":79,"column":12},"end":{"line":81,"column":13}},{"start":{"line":79,"column":12},"end":{"line":81,"column":13}}],"line":79},"12":{"loc":{"start":{"line":79,"column":16},"end":{"line":79,"column":39}},"type":"binary-expr","locations":[{"start":{"line":79,"column":16},"end":{"line":79,"column":25}},{"start":{"line":79,"column":29},"end":{"line":79,"column":39}}],"line":79},"13":{"loc":{"start":{"line":82,"column":12},"end":{"line":84,"column":13}},"type":"if","locations":[{"start":{"line":82,"column":12},"end":{"line":84,"column":13}},{"start":{"line":82,"column":12},"end":{"line":84,"column":13}}],"line":82},"14":{"loc":{"start":{"line":88,"column":12},"end":{"line":93,"column":13}},"type":"if","locations":[{"start":{"line":88,"column":12},"end":{"line":93,"column":13}},{"start":{"line":88,"column":12},"end":{"line":93,"column":13}}],"line":88},"15":{"loc":{"start":{"line":95,"column":12},"end":{"line":101,"column":13}},"type":"if","locations":[{"start":{"line":95,"column":12},"end":{"line":101,"column":13}},{"start":{"line":95,"column":12},"end":{"line":101,"column":13}}],"line":95},"16":{"loc":{"start":{"line":150,"column":12},"end":{"line":157,"column":13}},"type":"if","locations":[{"start":{"line":150,"column":12},"end":{"line":157,"column":13}},{"start":{"line":150,"column":12},"end":{"line":157,"column":13}}],"line":150},"17":{"loc":{"start":{"line":200,"column":16},"end":{"line":200,"column":49}},"type":"if","locations":[{"start":{"line":200,"column":16},"end":{"line":200,"column":49}},{"start":{"line":200,"column":16},"end":{"line":200,"column":49}}],"line":200},"18":{"loc":{"start":{"line":203,"column":20},"end":{"line":212,"column":17}},"type":"if","locations":[{"start":{"line":203,"column":20},"end":{"line":212,"column":17}},{"start":{"line":203,"column":20},"end":{"line":212,"column":17}}],"line":203},"19":{"loc":{"start":{"line":205,"column":24},"end":{"line":210,"column":25}},"type":"if","locations":[{"start":{"line":205,"column":24},"end":{"line":210,"column":25}},{"start":{"line":205,"column":24},"end":{"line":210,"column":25}}],"line":205},"20":{"loc":{"start":{"line":232,"column":12},"end":{"line":245,"column":13}},"type":"if","locations":[{"start":{"line":232,"column":12},"end":{"line":245,"column":13}},{"start":{"line":232,"column":12},"end":{"line":245,"column":13}}],"line":232},"21":{"loc":{"start":{"line":233,"column":16},"end":{"line":244,"column":17}},"type":"if","locations":[{"start":{"line":233,"column":16},"end":{"line":244,"column":17}},{"start":{"line":233,"column":16},"end":{"line":244,"column":17}}],"line":233},"22":{"loc":{"start":{"line":249,"column":16},"end":{"line":249,"column":49}},"type":"if","locations":[{"start":{"line":249,"column":16},"end":{"line":249,"column":49}},{"start":{"line":249,"column":16},"end":{"line":249,"column":49}}],"line":249},"23":{"loc":{"start":{"line":252,"column":20},"end":{"line":261,"column":17}},"type":"if","locations":[{"start":{"line":252,"column":20},"end":{"line":261,"column":17}},{"start":{"line":252,"column":20},"end":{"line":261,"column":17}}],"line":252},"24":{"loc":{"start":{"line":254,"column":24},"end":{"line":259,"column":25}},"type":"if","locations":[{"start":{"line":254,"column":24},"end":{"line":259,"column":25}},{"start":{"line":254,"column":24},"end":{"line":259,"column":25}}],"line":254},"25":{"loc":{"start":{"line":291,"column":16},"end":{"line":291,"column":49}},"type":"if","locations":[{"start":{"line":291,"column":16},"end":{"line":291,"column":49}},{"start":{"line":291,"column":16},"end":{"line":291,"column":49}}],"line":291},"26":{"loc":{"start":{"line":294,"column":20},"end":{"line":303,"column":17}},"type":"if","locations":[{"start":{"line":294,"column":20},"end":{"line":303,"column":17}},{"start":{"line":294,"column":20},"end":{"line":303,"column":17}}],"line":294},"27":{"loc":{"start":{"line":296,"column":24},"end":{"line":301,"column":25}},"type":"if","locations":[{"start":{"line":296,"column":24},"end":{"line":301,"column":25}},{"start":{"line":296,"column":24},"end":{"line":301,"column":25}}],"line":296},"28":{"loc":{"start":{"line":307,"column":12},"end":{"line":327,"column":13}},"type":"if","locations":[{"start":{"line":307,"column":12},"end":{"line":327,"column":13}},{"start":{"line":307,"column":12},"end":{"line":327,"column":13}}],"line":307},"29":{"loc":{"start":{"line":358,"column":12},"end":{"line":360,"column":13}},"type":"if","locations":[{"start":{"line":358,"column":12},"end":{"line":360,"column":13}},{"start":{"line":358,"column":12},"end":{"line":360,"column":13}}],"line":358},"30":{"loc":{"start":{"line":358,"column":16},"end":{"line":358,"column":53}},"type":"binary-expr","locations":[{"start":{"line":358,"column":16},"end":{"line":358,"column":39}},{"start":{"line":358,"column":43},"end":{"line":358,"column":53}}],"line":358},"31":{"loc":{"start":{"line":361,"column":12},"end":{"line":363,"column":13}},"type":"if","locations":[{"start":{"line":361,"column":12},"end":{"line":363,"column":13}},{"start":{"line":361,"column":12},"end":{"line":363,"column":13}}],"line":361},"32":{"loc":{"start":{"line":385,"column":12},"end":{"line":388,"column":13}},"type":"if","locations":[{"start":{"line":385,"column":12},"end":{"line":388,"column":13}},{"start":{"line":385,"column":12},"end":{"line":388,"column":13}}],"line":385},"33":{"loc":{"start":{"line":385,"column":16},"end":{"line":385,"column":67}},"type":"binary-expr","locations":[{"start":{"line":385,"column":16},"end":{"line":385,"column":39}},{"start":{"line":385,"column":43},"end":{"line":385,"column":67}}],"line":385},"34":{"loc":{"start":{"line":389,"column":12},"end":{"line":391,"column":13}},"type":"if","locations":[{"start":{"line":389,"column":12},"end":{"line":391,"column":13}},{"start":{"line":389,"column":12},"end":{"line":391,"column":13}}],"line":389}},"s":{"0":0,"1":0,"2":0,"3":0,"4":0,"5":0,"6":0,"7":0,"8":0,"9":0,"10":0,"11":0,"12":0,"13":0,"14":0,"15":0,"16":0,"17":0,"18":0,"19":0,"20":0,"21":0,"22":0,"23":0,"24":0,"25":0,"26":0,"27":0,"28":0,"29":0,"30":0,"31":0,"32":0,"33":0,"34":0,"35":0,"36":0,"37":0,"38":0,"39":0,"40":0,"41":0,"42":0,"43":0,"44":0,"45":0,"46":0,"47":0,"48":0,"49":0,"50":0,"51":0,"52":0,"53":0,"54":0,"55":0,"56":0,"57":0,"58":0,"59":0,"60":0,"61":0,"62":0,"63":0,"64":0,"65":0,"66":0,"67":0,"68":0,"69":0,"70":0,"71":0,"72":0,"73":0,"74":0,"75":0,"76":0,"77":0,"78":0,"79":0,"80":0,"81":0,"82":0,"83":0,"84":0,"85":0,"86":0,"87":0,"88":0,"89":0,"90":0,"91":0,"92":0,"93":0,"94":0,"95":0,"96":0,"97":0,"98":0,"99":0,"100":0,"101":0,"102":0,"103":0,"104":0,"105":0,"106":0,"107":0,"108":0,"109":0,"110":0,"111":0,"112":0,"113":0,"114":0,"115":0,"116":0,"117":0,"118":0,"119":0,"120":0,"121":0,"122":0,"123":0,"124":0,"125":0,"126":0,"127":0,"128":0,"129":0,"130":0,"131":0,"132":0,"133":0,"134":0,"135":0,"136":0,"137":0,"138":0,"139":0,"140":0,"141":0,"142":0,"143":0,"144":0,"145":0,"146":0,"147":0,"148":0,"149":0,"150":0,"151":0,"152":0,"153":0,"154":0,"155":0,"156":0,"157":0,"158":0,"159":0,"160":0,"161":0,"162":0,"163":0,"164":0,"165":0,"166":0,"167":0,"168":0,"169":0,"170":0,"171":0,"172":0,"173":0,"174":0,"175":0,"176":0,"177":0,"178":0,"179":0},"f":{"0":0,"1":0,"2":0,"3":0,"4":0,"5":0,"6":0,"7":0,"8":0,"9":0,"10":0,"11":0,"12":0,"13":0,"14":0},"b":{"0":[0,0],"1":[0,0],"2":[0,0],"3":[0,0],"4":[0,0],"5":[0,0],"6":[0,0],"7":[0,0],"8":[0,0],"9":[0,0],"10":[0,0],"11":[0,0],"12":[0,0],"13":[0,0],"14":[0,0],"15":[0,0],"16":[0,0],"17":[0,0],"18":[0,0],"19":[0,0],"20":[0,0],"21":[0,0],"22":[0,0],"23":[0,0],"24":[0,0],"25":[0,0],"26":[0,0],"27":[0,0],"28":[0,0],"29":[0,0],"30":[0,0],"31":[0,0],"32":[0,0],"33":[0,0],"34":[0,0]},"all":true},"/Users/dwikyhutomo/Documents/LibraryExpressJS/libraryapp-api/src/controllers/borrow.js":{"path":"/Users/dwikyhutomo/Documents/LibraryExpressJS/libraryapp-api/src/controllers/borrow.js","statementMap":{"0":{"start":{"line":1,"column":21},"end":{"line":1,"column":48}},"1":{"start":{"line":2,"column":15},"end":{"line":2,"column":36}},"2":{"start":{"line":3,"column":16},"end":{"line":3,"column":34}},"3":{"start":{"line":4,"column":12},"end":{"line":4,"column":35}},"4":{"start":{"line":5,"column":19},"end":{"line":5,"column":45}},"5":{"start":{"line":6,"column":14},"end":{"line":6,"column":51}},"6":{"start":{"line":8,"column":0},"end":{"line":186,"column":1}},"7":{"start":{"line":10,"column":8},"end":{"line":22,"column":9}},"8":{"start":{"line":11,"column":25},"end":{"line":11,"column":51}},"9":{"start":{"line":12,"column":27},"end":{"line":12,"column":57}},"10":{"start":{"line":13,"column":25},"end":{"line":13,"column":47}},"11":{"start":{"line":14,"column":12},"end":{"line":14,"column":42}},"12":{"start":{"line":15,"column":12},"end":{"line":15,"column":57}},"13":{"start":{"line":18,"column":12},"end":{"line":18,"column":30}},"14":{"start":{"line":20,"column":12},"end":{"line":20,"column":56}},"15":{"start":{"line":26,"column":8},"end":{"line":49,"column":9}},"16":{"start":{"line":27,"column":26},"end":{"line":27,"column":27}},"17":{"start":{"line":28,"column":25},"end":{"line":28,"column":51}},"18":{"start":{"line":29,"column":12},"end":{"line":36,"column":10}},"19":{"start":{"line":30,"column":16},"end":{"line":30,"column":56}},"20":{"start":{"line":34,"column":12},"end":{"line":34,"column":45}},"21":{"start":{"line":38,"column":12},"end":{"line":38,"column":32}},"22":{"start":{"line":39,"column":27},"end":{"line":39,"column":68}},"23":{"start":{"line":40,"column":25},"end":{"line":40,"column":47}},"24":{"start":{"line":41,"column":12},"end":{"line":41,"column":42}},"25":{"start":{"line":42,"column":12},"end":{"line":42,"column":57}},"26":{"start":{"line":45,"column":12},"end":{"line":45,"column":30}},"27":{"start":{"line":47,"column":12},"end":{"line":47,"column":56}},"28":{"start":{"line":53,"column":22},"end":{"line":53,"column":23}},"29":{"start":{"line":54,"column":21},"end":{"line":54,"column":47}},"30":{"start":{"line":57,"column":8},"end":{"line":113,"column":9}},"31":{"start":{"line":58,"column":12},"end":{"line":65,"column":10}},"32":{"start":{"line":59,"column":16},"end":{"line":59,"column":56}},"33":{"start":{"line":63,"column":12},"end":{"line":63,"column":45}},"34":{"start":{"line":66,"column":9},"end":{"line":66,"column":51}},"35":{"start":{"line":68,"column":28},"end":{"line":68,"column":45}},"36":{"start":{"line":69,"column":26},"end":{"line":69,"column":63}},"37":{"start":{"line":70,"column":12},"end":{"line":74,"column":13}},"38":{"start":{"line":71,"column":16},"end":{"line":71,"column":89}},"39":{"start":{"line":75,"column":12},"end":{"line":89,"column":17}},"40":{"start":{"line":76,"column":16},"end":{"line":76,"column":49}},"41":{"start":{"line":76,"column":25},"end":{"line":76,"column":49}},"42":{"start":{"line":77,"column":16},"end":{"line":87,"column":17}},"43":{"start":{"line":77,"column":28},"end":{"line":77,"column":29}},"44":{"start":{"line":79,"column":20},"end":{"line":86,"column":22}},"45":{"start":{"line":80,"column":24},"end":{"line":85,"column":25}},"46":{"start":{"line":81,"column":28},"end":{"line":81,"column":50}},"47":{"start":{"line":84,"column":28},"end":{"line":84,"column":48}},"48":{"start":{"line":90,"column":12},"end":{"line":90,"column":57}},"49":{"start":{"line":91,"column":27},"end":{"line":91,"column":73}},"50":{"start":{"line":92,"column":25},"end":{"line":92,"column":72}},"51":{"start":{"line":94,"column":12},"end":{"line":94,"column":52}},"52":{"start":{"line":95,"column":12},"end":{"line":95,"column":120}},"53":{"start":{"line":109,"column":12},"end":{"line":109,"column":43}},"54":{"start":{"line":110,"column":12},"end":{"line":110,"column":30}},"55":{"start":{"line":111,"column":12},"end":{"line":111,"column":112}},"56":{"start":{"line":118,"column":8},"end":{"line":128,"column":9}},"57":{"start":{"line":119,"column":28},"end":{"line":119,"column":40}},"58":{"start":{"line":120,"column":23},"end":{"line":120,"column":40}},"59":{"start":{"line":121,"column":27},"end":{"line":121,"column":68}},"60":{"start":{"line":122,"column":12},"end":{"line":122,"column":57}},"61":{"start":{"line":125,"column":12},"end":{"line":125,"column":30}},"62":{"start":{"line":126,"column":12},"end":{"line":126,"column":56}},"63":{"start":{"line":132,"column":8},"end":{"line":180,"column":9}},"64":{"start":{"line":133,"column":27},"end":{"line":133,"column":44}},"65":{"start":{"line":134,"column":26},"end":{"line":134,"column":45}},"66":{"start":{"line":135,"column":25},"end":{"line":135,"column":44}},"67":{"start":{"line":152,"column":12},"end":{"line":157,"column":17}},"68":{"start":{"line":153,"column":16},"end":{"line":155,"column":17}},"69":{"start":{"line":154,"column":18},"end":{"line":154,"column":39}},"70":{"start":{"line":156,"column":16},"end":{"line":156,"column":37}},"71":{"start":{"line":158,"column":29},"end":{"line":158,"column":70}},"72":{"start":{"line":169,"column":27},"end":{"line":169,"column":70}},"73":{"start":{"line":171,"column":12},"end":{"line":171,"column":61}},"74":{"start":{"line":173,"column":23},"end":{"line":173,"column":70}},"75":{"start":{"line":174,"column":12},"end":{"line":174,"column":54}},"76":{"start":{"line":177,"column":12},"end":{"line":177,"column":30}},"77":{"start":{"line":178,"column":12},"end":{"line":178,"column":56}}},"fnMap":{"0":{"name":"(anonymous_0)","decl":{"start":{"line":9,"column":15},"end":{"line":9,"column":16}},"loc":{"start":{"line":9,"column":49},"end":{"line":24,"column":5}},"line":9},"1":{"name":"(anonymous_1)","decl":{"start":{"line":25,"column":19},"end":{"line":25,"column":20}},"loc":{"start":{"line":25,"column":53},"end":{"line":51,"column":5}},"line":25},"2":{"name":"(anonymous_2)","decl":{"start":{"line":52,"column":15},"end":{"line":52,"column":16}},"loc":{"start":{"line":52,"column":49},"end":{"line":115,"column":5}},"line":52},"3":{"name":"(anonymous_3)","decl":{"start":{"line":75,"column":28},"end":{"line":75,"column":29}},"loc":{"start":{"line":75,"column":49},"end":{"line":89,"column":15}},"line":75},"4":{"name":"(anonymous_4)","decl":{"start":{"line":79,"column":38},"end":{"line":79,"column":39}},"loc":{"start":{"line":79,"column":56},"end":{"line":86,"column":21}},"line":79},"5":{"name":"(anonymous_5)","decl":{"start":{"line":116,"column":15},"end":{"line":116,"column":16}},"loc":{"start":{"line":116,"column":49},"end":{"line":130,"column":5}},"line":116},"6":{"name":"(anonymous_6)","decl":{"start":{"line":131,"column":16},"end":{"line":131,"column":17}},"loc":{"start":{"line":131,"column":50},"end":{"line":182,"column":5}},"line":131},"7":{"name":"(anonymous_7)","decl":{"start":{"line":152,"column":26},"end":{"line":152,"column":27}},"loc":{"start":{"line":152,"column":44},"end":{"line":157,"column":15}},"line":152}},"branchMap":{"0":{"loc":{"start":{"line":29,"column":12},"end":{"line":36,"column":10}},"type":"if","locations":[{"start":{"line":29,"column":12},"end":{"line":36,"column":10}},{"start":{"line":29,"column":12},"end":{"line":36,"column":10}}],"line":29},"1":{"loc":{"start":{"line":58,"column":12},"end":{"line":65,"column":10}},"type":"if","locations":[{"start":{"line":58,"column":12},"end":{"line":65,"column":10}},{"start":{"line":58,"column":12},"end":{"line":65,"column":10}}],"line":58},"2":{"loc":{"start":{"line":70,"column":12},"end":{"line":74,"column":13}},"type":"if","locations":[{"start":{"line":70,"column":12},"end":{"line":74,"column":13}},{"start":{"line":70,"column":12},"end":{"line":74,"column":13}}],"line":70},"3":{"loc":{"start":{"line":76,"column":16},"end":{"line":76,"column":49}},"type":"if","locations":[{"start":{"line":76,"column":16},"end":{"line":76,"column":49}},{"start":{"line":76,"column":16},"end":{"line":76,"column":49}}],"line":76},"4":{"loc":{"start":{"line":80,"column":24},"end":{"line":85,"column":25}},"type":"if","locations":[{"start":{"line":80,"column":24},"end":{"line":85,"column":25}},{"start":{"line":80,"column":24},"end":{"line":85,"column":25}}],"line":80},"5":{"loc":{"start":{"line":153,"column":16},"end":{"line":155,"column":17}},"type":"if","locations":[{"start":{"line":153,"column":16},"end":{"line":155,"column":17}},{"start":{"line":153,"column":16},"end":{"line":155,"column":17}}],"line":153}},"s":{"0":0,"1":0,"2":0,"3":0,"4":0,"5":0,"6":0,"7":0,"8":0,"9":0,"10":0,"11":0,"12":0,"13":0,"14":0,"15":0,"16":0,"17":0,"18":0,"19":0,"20":0,"21":0,"22":0,"23":0,"24":0,"25":0,"26":0,"27":0,"28":0,"29":0,"30":0,"31":0,"32":0,"33":0,"34":0,"35":0,"36":0,"37":0,"38":0,"39":0,"40":0,"41":0,"42":0,"43":0,"44":0,"45":0,"46":0,"47":0,"48":0,"49":0,"50":0,"51":0,"52":0,"53":0,"54":0,"55":0,"56":0,"57":0,"58":0,"59":0,"60":0,"61":0,"62":0,"63":0,"64":0,"65":0,"66":0,"67":0,"68":0,"69":0,"70":0,"71":0,"72":0,"73":0,"74":0,"75":0,"76":0,"77":0},"f":{"0":0,"1":0,"2":0,"3":0,"4":0,"5":0,"6":0,"7":0},"b":{"0":[0,0],"1":[0,0],"2":[0,0],"3":[0,0],"4":[0,0],"5":[0,0]},"all":true},"/Users/dwikyhutomo/Documents/LibraryExpressJS/libraryapp-api/src/controllers/genre.js":{"path":"/Users/dwikyhutomo/Documents/LibraryExpressJS/libraryapp-api/src/controllers/genre.js","statementMap":{"0":{"start":{"line":1,"column":19},"end":{"line":1,"column":44}},"1":{"start":{"line":2,"column":19},"end":{"line":2,"column":45}},"2":{"start":{"line":3,"column":15},"end":{"line":3,"column":36}},"3":{"start":{"line":4,"column":16},"end":{"line":4,"column":34}},"4":{"start":{"line":6,"column":0},"end":{"line":100,"column":1}},"5":{"start":{"line":8,"column":8},"end":{"line":15,"column":9}},"6":{"start":{"line":9,"column":27},"end":{"line":9,"column":60}},"7":{"start":{"line":10,"column":12},"end":{"line":10,"column":57}},"8":{"start":{"line":13,"column":12},"end":{"line":13,"column":56}},"9":{"start":{"line":21,"column":8},"end":{"line":38,"column":9}},"10":{"start":{"line":22,"column":23},"end":{"line":22,"column":40}},"11":{"start":{"line":24,"column":27},"end":{"line":24,"column":67}},"12":{"start":{"line":26,"column":12},"end":{"line":32,"column":13}},"13":{"start":{"line":27,"column":16},"end":{"line":27,"column":61}},"14":{"start":{"line":31,"column":16},"end":{"line":31,"column":85}},"15":{"start":{"line":34,"column":12},"end":{"line":34,"column":30}},"16":{"start":{"line":36,"column":12},"end":{"line":36,"column":56}},"17":{"start":{"line":42,"column":8},"end":{"line":52,"column":9}},"18":{"start":{"line":43,"column":28},"end":{"line":43,"column":40}},"19":{"start":{"line":45,"column":27},"end":{"line":45,"column":70}},"20":{"start":{"line":46,"column":12},"end":{"line":46,"column":57}},"21":{"start":{"line":50,"column":12},"end":{"line":50,"column":56}},"22":{"start":{"line":57,"column":8},"end":{"line":67,"column":9}},"23":{"start":{"line":58,"column":28},"end":{"line":58,"column":40}},"24":{"start":{"line":59,"column":23},"end":{"line":59,"column":40}},"25":{"start":{"line":60,"column":27},"end":{"line":60,"column":73}},"26":{"start":{"line":61,"column":12},"end":{"line":61,"column":57}},"27":{"start":{"line":64,"column":12},"end":{"line":64,"column":30}},"28":{"start":{"line":65,"column":12},"end":{"line":65,"column":56}},"29":{"start":{"line":71,"column":8},"end":{"line":94,"column":9}},"30":{"start":{"line":72,"column":23},"end":{"line":72,"column":40}},"31":{"start":{"line":74,"column":25},"end":{"line":74,"column":60}},"32":{"start":{"line":75,"column":12},"end":{"line":89,"column":110}},"33":{"start":{"line":77,"column":31},"end":{"line":77,"column":71}},"34":{"start":{"line":78,"column":16},"end":{"line":84,"column":17}},"35":{"start":{"line":79,"column":20},"end":{"line":79,"column":65}},"36":{"start":{"line":83,"column":20},"end":{"line":83,"column":108}},"37":{"start":{"line":89,"column":12},"end":{"line":89,"column":109}},"38":{"start":{"line":92,"column":12},"end":{"line":92,"column":56}}},"fnMap":{"0":{"name":"(anonymous_0)","decl":{"start":{"line":7,"column":14},"end":{"line":7,"column":15}},"loc":{"start":{"line":7,"column":48},"end":{"line":17,"column":5}},"line":7},"1":{"name":"(anonymous_1)","decl":{"start":{"line":18,"column":18},"end":{"line":18,"column":19}},"loc":{"start":{"line":18,"column":52},"end":{"line":40,"column":5}},"line":18},"2":{"name":"(anonymous_2)","decl":{"start":{"line":41,"column":15},"end":{"line":41,"column":16}},"loc":{"start":{"line":41,"column":49},"end":{"line":54,"column":5}},"line":41},"3":{"name":"(anonymous_3)","decl":{"start":{"line":55,"column":14},"end":{"line":55,"column":15}},"loc":{"start":{"line":55,"column":48},"end":{"line":69,"column":5}},"line":55},"4":{"name":"(anonymous_4)","decl":{"start":{"line":70,"column":17},"end":{"line":70,"column":18}},"loc":{"start":{"line":70,"column":51},"end":{"line":96,"column":5}},"line":70}},"branchMap":{"0":{"loc":{"start":{"line":26,"column":12},"end":{"line":32,"column":13}},"type":"if","locations":[{"start":{"line":26,"column":12},"end":{"line":32,"column":13}},{"start":{"line":26,"column":12},"end":{"line":32,"column":13}}],"line":26},"1":{"loc":{"start":{"line":75,"column":12},"end":{"line":89,"column":110}},"type":"if","locations":[{"start":{"line":75,"column":12},"end":{"line":89,"column":110}},{"start":{"line":75,"column":12},"end":{"line":89,"column":110}}],"line":75},"2":{"loc":{"start":{"line":78,"column":16},"end":{"line":84,"column":17}},"type":"if","locations":[{"start":{"line":78,"column":16},"end":{"line":84,"column":17}},{"start":{"line":78,"column":16},"end":{"line":84,"column":17}}],"line":78}},"s":{"0":0,"1":0,"2":0,"3":0,"4":0,"5":0,"6":0,"7":0,"8":0,"9":0,"10":0,"11":0,"12":0,"13":0,"14":0,"15":0,"16":0,"17":0,"18":0,"19":0,"20":0,"21":0,"22":0,"23":0,"24":0,"25":0,"26":0,"27":0,"28":0,"29":0,"30":0,"31":0,"32":0,"33":0,"34":0,"35":0,"36":0,"37":0,"38":0},"f":{"0":0,"1":0,"2":0,"3":0,"4":0},"b":{"0":[0,0],"1":[0,0],"2":[0,0]},"all":true},"/Users/dwikyhutomo/Documents/LibraryExpressJS/libraryapp-api/src/controllers/role.js":{"path":"/Users/dwikyhutomo/Documents/LibraryExpressJS/libraryapp-api/src/controllers/role.js","statementMap":{"0":{"start":{"line":1,"column":19},"end":{"line":1,"column":44}},"1":{"start":{"line":2,"column":15},"end":{"line":2,"column":36}},"2":{"start":{"line":3,"column":16},"end":{"line":3,"column":34}},"3":{"start":{"line":5,"column":0},"end":{"line":61,"column":1}},"4":{"start":{"line":7,"column":8},"end":{"line":14,"column":9}},"5":{"start":{"line":8,"column":27},"end":{"line":8,"column":59}},"6":{"start":{"line":9,"column":12},"end":{"line":9,"column":57}},"7":{"start":{"line":12,"column":12},"end":{"line":12,"column":56}},"8":{"start":{"line":18,"column":8},"end":{"line":28,"column":9}},"9":{"start":{"line":19,"column":28},"end":{"line":19,"column":40}},"10":{"start":{"line":21,"column":27},"end":{"line":21,"column":69}},"11":{"start":{"line":22,"column":12},"end":{"line":22,"column":57}},"12":{"start":{"line":25,"column":12},"end":{"line":25,"column":30}},"13":{"start":{"line":26,"column":12},"end":{"line":26,"column":56}},"14":{"start":{"line":33,"column":8},"end":{"line":43,"column":9}},"15":{"start":{"line":34,"column":28},"end":{"line":34,"column":40}},"16":{"start":{"line":35,"column":23},"end":{"line":35,"column":40}},"17":{"start":{"line":36,"column":27},"end":{"line":36,"column":72}},"18":{"start":{"line":37,"column":12},"end":{"line":37,"column":57}},"19":{"start":{"line":40,"column":12},"end":{"line":40,"column":30}},"20":{"start":{"line":41,"column":12},"end":{"line":41,"column":56}},"21":{"start":{"line":47,"column":8},"end":{"line":55,"column":9}},"22":{"start":{"line":48,"column":23},"end":{"line":48,"column":40}},"23":{"start":{"line":49,"column":27},"end":{"line":49,"column":66}},"24":{"start":{"line":50,"column":12},"end":{"line":50,"column":57}},"25":{"start":{"line":53,"column":12},"end":{"line":53,"column":56}}},"fnMap":{"0":{"name":"(anonymous_0)","decl":{"start":{"line":6,"column":13},"end":{"line":6,"column":14}},"loc":{"start":{"line":6,"column":47},"end":{"line":16,"column":5}},"line":6},"1":{"name":"(anonymous_1)","decl":{"start":{"line":17,"column":14},"end":{"line":17,"column":15}},"loc":{"start":{"line":17,"column":48},"end":{"line":30,"column":5}},"line":17},"2":{"name":"(anonymous_2)","decl":{"start":{"line":31,"column":13},"end":{"line":31,"column":14}},"loc":{"start":{"line":31,"column":47},"end":{"line":45,"column":5}},"line":31},"3":{"name":"(anonymous_3)","decl":{"start":{"line":46,"column":16},"end":{"line":46,"column":17}},"loc":{"start":{"line":46,"column":50},"end":{"line":57,"column":5}},"line":46}},"branchMap":{},"s":{"0":0,"1":0,"2":0,"3":0,"4":0,"5":0,"6":0,"7":0,"8":0,"9":0,"10":0,"11":0,"12":0,"13":0,"14":0,"15":0,"16":0,"17":0,"18":0,"19":0,"20":0,"21":0,"22":0,"23":0,"24":0,"25":0},"f":{"0":0,"1":0,"2":0,"3":0},"b":{},"all":true},"/Users/dwikyhutomo/Documents/LibraryExpressJS/libraryapp-api/src/helpers/imageUpload.js":{"path":"/Users/dwikyhutomo/Documents/LibraryExpressJS/libraryapp-api/src/helpers/imageUpload.js","statementMap":{"0":{"start":{"line":1,"column":15},"end":{"line":1,"column":32}},"1":{"start":{"line":2,"column":13},"end":{"line":2,"column":28}},"2":{"start":{"line":3,"column":18},"end":{"line":3,"column":20}},"3":{"start":{"line":4,"column":15},"end":{"line":4,"column":36}},"4":{"start":{"line":5,"column":16},"end":{"line":15,"column":2}},"5":{"start":{"line":8,"column":8},"end":{"line":9,"column":16}},"6":{"start":{"line":12,"column":24},"end":{"line":12,"column":55}},"7":{"start":{"line":13,"column":8},"end":{"line":13,"column":67}},"8":{"start":{"line":16,"column":15},"end":{"line":22,"column":2}},"9":{"start":{"line":20,"column":8},"end":{"line":20,"column":32}},"10":{"start":{"line":25,"column":22},"end":{"line":25,"column":40}},"11":{"start":{"line":26,"column":20},"end":{"line":26,"column":81}},"12":{"start":{"line":27,"column":21},"end":{"line":27,"column":50}},"13":{"start":{"line":28,"column":4},"end":{"line":33,"column":5}},"14":{"start":{"line":29,"column":8},"end":{"line":29,"column":29}},"15":{"start":{"line":31,"column":8},"end":{"line":31,"column":25}},"16":{"start":{"line":32,"column":8},"end":{"line":32,"column":45}},"17":{"start":{"line":43,"column":0},"end":{"line":43,"column":40}}},"fnMap":{"0":{"name":"(anonymous_0)","decl":{"start":{"line":7,"column":17},"end":{"line":7,"column":18}},"loc":{"start":{"line":7,"column":41},"end":{"line":10,"column":5}},"line":7},"1":{"name":"(anonymous_1)","decl":{"start":{"line":11,"column":14},"end":{"line":11,"column":15}},"loc":{"start":{"line":11,"column":38},"end":{"line":14,"column":5}},"line":11},"2":{"name":"(anonymous_2)","decl":{"start":{"line":19,"column":16},"end":{"line":19,"column":17}},"loc":{"start":{"line":19,"column":40},"end":{"line":21,"column":5}},"line":19},"3":{"name":"checkFileType","decl":{"start":{"line":24,"column":9},"end":{"line":24,"column":22}},"loc":{"start":{"line":24,"column":33},"end":{"line":41,"column":1}},"line":24}},"branchMap":{"0":{"loc":{"start":{"line":28,"column":4},"end":{"line":33,"column":5}},"type":"if","locations":[{"start":{"line":28,"column":4},"end":{"line":33,"column":5}},{"start":{"line":28,"column":4},"end":{"line":33,"column":5}}],"line":28},"1":{"loc":{"start":{"line":28,"column":7},"end":{"line":28,"column":26}},"type":"binary-expr","locations":[{"start":{"line":28,"column":7},"end":{"line":28,"column":14}},{"start":{"line":28,"column":18},"end":{"line":28,"column":26}}],"line":28}},"s":{"0":0,"1":0,"2":0,"3":0,"4":0,"5":0,"6":0,"7":0,"8":0,"9":0,"10":0,"11":0,"12":0,"13":0,"14":0,"15":0,"16":0,"17":0},"f":{"0":0,"1":0,"2":0,"3":0},"b":{"0":[0,0],"1":[0,0]},"all":true},"/Users/dwikyhutomo/Documents/LibraryExpressJS/libraryapp-api/src/helpers/index.js":{"path":"/Users/dwikyhutomo/Documents/LibraryExpressJS/libraryapp-api/src/helpers/index.js","statementMap":{"0":{"start":{"line":1,"column":11},"end":{"line":1,"column":24}},"1":{"start":{"line":3,"column":0},"end":{"line":36,"column":1}},"2":{"start":{"line":6,"column":23},"end":{"line":6,"column":25}},"3":{"start":{"line":7,"column":8},"end":{"line":7,"column":31}},"4":{"start":{"line":8,"column":8},"end":{"line":8,"column":37}},"5":{"start":{"line":9,"column":8},"end":{"line":9,"column":26}},"6":{"start":{"line":10,"column":6},"end":{"line":10,"column":59}},"7":{"start":{"line":10,"column":29},"end":{"line":10,"column":59}},"8":{"start":{"line":15,"column":8},"end":{"line":15,"column":58}},"9":{"start":{"line":18,"column":8},"end":{"line":34,"column":9}},"10":{"start":{"line":19,"column":12},"end":{"line":33,"column":15}},"11":{"start":{"line":20,"column":16},"end":{"line":32,"column":19}},"12":{"start":{"line":21,"column":20},"end":{"line":21,"column":39}},"13":{"start":{"line":23,"column":20},"end":{"line":25,"column":21}},"14":{"start":{"line":24,"column":24},"end":{"line":24,"column":50}},"15":{"start":{"line":27,"column":20},"end":{"line":31,"column":23}},"16":{"start":{"line":28,"column":24},"end":{"line":28,"column":57}},"17":{"start":{"line":28,"column":33},"end":{"line":28,"column":57}},"18":{"start":{"line":30,"column":24},"end":{"line":30,"column":65}}},"fnMap":{"0":{"name":"(anonymous_0)","decl":{"start":{"line":4,"column":14},"end":{"line":4,"column":15}},"loc":{"start":{"line":4,"column":67},"end":{"line":16,"column":5}},"line":4},"1":{"name":"(anonymous_1)","decl":{"start":{"line":17,"column":16},"end":{"line":17,"column":17}},"loc":{"start":{"line":17,"column":32},"end":{"line":35,"column":5}},"line":17},"2":{"name":"(anonymous_2)","decl":{"start":{"line":19,"column":26},"end":{"line":19,"column":27}},"loc":{"start":{"line":19,"column":46},"end":{"line":33,"column":13}},"line":19},"3":{"name":"(anonymous_3)","decl":{"start":{"line":20,"column":61},"end":{"line":20,"column":62}},"loc":{"start":{"line":20,"column":82},"end":{"line":32,"column":17}},"line":20},"4":{"name":"(anonymous_4)","decl":{"start":{"line":27,"column":67},"end":{"line":27,"column":68}},"loc":{"start":{"line":27,"column":81},"end":{"line":31,"column":21}},"line":27}},"branchMap":{"0":{"loc":{"start":{"line":8,"column":24},"end":{"line":8,"column":37}},"type":"binary-expr","locations":[{"start":{"line":8,"column":24},"end":{"line":8,"column":30}},{"start":{"line":8,"column":34},"end":{"line":8,"column":37}}],"line":8},"1":{"loc":{"start":{"line":10,"column":6},"end":{"line":10,"column":59}},"type":"if","locations":[{"start":{"line":10,"column":6},"end":{"line":10,"column":59}},{"start":{"line":10,"column":6},"end":{"line":10,"column":59}}],"line":10},"2":{"loc":{"start":{"line":18,"column":8},"end":{"line":34,"column":9}},"type":"if","locations":[{"start":{"line":18,"column":8},"end":{"line":34,"column":9}},{"start":{"line":18,"column":8},"end":{"line":34,"column":9}}],"line":18},"3":{"loc":{"start":{"line":23,"column":20},"end":{"line":25,"column":21}},"type":"if","locations":[{"start":{"line":23,"column":20},"end":{"line":25,"column":21}},{"start":{"line":23,"column":20},"end":{"line":25,"column":21}}],"line":23},"4":{"loc":{"start":{"line":28,"column":24},"end":{"line":28,"column":57}},"type":"if","locations":[{"start":{"line":28,"column":24},"end":{"line":28,"column":57}},{"start":{"line":28,"column":24},"end":{"line":28,"column":57}}],"line":28}},"s":{"0":0,"1":0,"2":0,"3":0,"4":0,"5":0,"6":0,"7":0,"8":0,"9":0,"10":0,"11":0,"12":0,"13":0,"14":0,"15":0,"16":0,"17":0,"18":0},"f":{"0":0,"1":0,"2":0,"3":0,"4":0},"b":{"0":[0,0],"1":[0,0],"2":[0,0],"3":[0,0],"4":[0,0]},"all":true},"/Users/dwikyhutomo/Documents/LibraryExpressJS/libraryapp-api/src/index.js":{"path":"/Users/dwikyhutomo/Documents/LibraryExpressJS/libraryapp-api/src/index.js","statementMap":{"0":{"start":{"line":1,"column":16},"end":{"line":1,"column":34}},"1":{"start":{"line":2,"column":14},"end":{"line":2,"column":30}},"2":{"start":{"line":5,"column":19},"end":{"line":5,"column":44}},"3":{"start":{"line":6,"column":0},"end":{"line":6,"column":30}},"4":{"start":{"line":8,"column":21},"end":{"line":8,"column":47}},"5":{"start":{"line":9,"column":0},"end":{"line":9,"column":32}},"6":{"start":{"line":10,"column":20},"end":{"line":10,"column":45}},"7":{"start":{"line":11,"column":0},"end":{"line":11,"column":31}},"8":{"start":{"line":13,"column":19},"end":{"line":13,"column":43}},"9":{"start":{"line":14,"column":0},"end":{"line":14,"column":30}},"10":{"start":{"line":16,"column":19},"end":{"line":16,"column":43}},"11":{"start":{"line":17,"column":0},"end":{"line":17,"column":30}},"12":{"start":{"line":20,"column":21},"end":{"line":20,"column":47}},"13":{"start":{"line":21,"column":0},"end":{"line":21,"column":39}},"14":{"start":{"line":23,"column":0},"end":{"line":23,"column":22}}},"fnMap":{},"branchMap":{},"s":{"0":0,"1":0,"2":0,"3":0,"4":0,"5":0,"6":0,"7":0,"8":0,"9":0,"10":0,"11":0,"12":0,"13":0,"14":0},"f":{},"b":{},"all":true},"/Users/dwikyhutomo/Documents/LibraryExpressJS/libraryapp-api/src/middleware/auth.js":{"path":"/Users/dwikyhutomo/Documents/LibraryExpressJS/libraryapp-api/src/middleware/auth.js","statementMap":{"0":{"start":{"line":1,"column":12},"end":{"line":1,"column":35}},"1":{"start":{"line":2,"column":15},"end":{"line":2,"column":36}},"2":{"start":{"line":3,"column":0},"end":{"line":3,"column":26}},"3":{"start":{"line":5,"column":0},"end":{"line":35,"column":1}},"4":{"start":{"line":8,"column":22},"end":{"line":8,"column":51}},"5":{"start":{"line":9,"column":8},"end":{"line":19,"column":10}},"6":{"start":{"line":10,"column":12},"end":{"line":18,"column":13}},"7":{"start":{"line":11,"column":16},"end":{"line":11,"column":78}},"8":{"start":{"line":13,"column":16},"end":{"line":13,"column":38}},"9":{"start":{"line":14,"column":16},"end":{"line":14,"column":41}},"10":{"start":{"line":17,"column":16},"end":{"line":17,"column":22}},"11":{"start":{"line":23,"column":22},"end":{"line":23,"column":40}},"12":{"start":{"line":24,"column":8},"end":{"line":33,"column":10}},"13":{"start":{"line":25,"column":12},"end":{"line":32,"column":13}},"14":{"start":{"line":26,"column":16},"end":{"line":26,"column":69}},"15":{"start":{"line":28,"column":18},"end":{"line":28,"column":40}},"16":{"start":{"line":29,"column":18},"end":{"line":29,"column":44}},"17":{"start":{"line":31,"column":16},"end":{"line":31,"column":22}}},"fnMap":{"0":{"name":"(anonymous_0)","decl":{"start":{"line":6,"column":19},"end":{"line":6,"column":20}},"loc":{"start":{"line":6,"column":53},"end":{"line":20,"column":5}},"line":6},"1":{"name":"(anonymous_1)","decl":{"start":{"line":9,"column":50},"end":{"line":9,"column":51}},"loc":{"start":{"line":9,"column":74},"end":{"line":19,"column":9}},"line":9},"2":{"name":"(anonymous_2)","decl":{"start":{"line":22,"column":31},"end":{"line":22,"column":32}},"loc":{"start":{"line":22,"column":65},"end":{"line":34,"column":5}},"line":22},"3":{"name":"(anonymous_3)","decl":{"start":{"line":24,"column":60},"end":{"line":24,"column":61}},"loc":{"start":{"line":24,"column":85},"end":{"line":33,"column":9}},"line":24}},"branchMap":{"0":{"loc":{"start":{"line":10,"column":12},"end":{"line":18,"column":13}},"type":"if","locations":[{"start":{"line":10,"column":12},"end":{"line":18,"column":13}},{"start":{"line":10,"column":12},"end":{"line":18,"column":13}}],"line":10},"1":{"loc":{"start":{"line":10,"column":16},"end":{"line":10,"column":106}},"type":"binary-expr","locations":[{"start":{"line":10,"column":16},"end":{"line":10,"column":21}},{"start":{"line":10,"column":25},"end":{"line":10,"column":59}},{"start":{"line":10,"column":63},"end":{"line":10,"column":68}},{"start":{"line":10,"column":72},"end":{"line":10,"column":106}}],"line":10},"2":{"loc":{"start":{"line":25,"column":12},"end":{"line":32,"column":13}},"type":"if","locations":[{"start":{"line":25,"column":12},"end":{"line":32,"column":13}},{"start":{"line":25,"column":12},"end":{"line":32,"column":13}}],"line":25},"3":{"loc":{"start":{"line":25,"column":16},"end":{"line":25,"column":106}},"type":"binary-expr","locations":[{"start":{"line":25,"column":16},"end":{"line":25,"column":21}},{"start":{"line":25,"column":25},"end":{"line":25,"column":59}},{"start":{"line":25,"column":63},"end":{"line":25,"column":68}},{"start":{"line":25,"column":72},"end":{"line":25,"column":106}}],"line":25}},"s":{"0":0,"1":0,"2":0,"3":0,"4":0,"5":0,"6":0,"7":0,"8":0,"9":0,"10":0,"11":0,"12":0,"13":0,"14":0,"15":0,"16":0,"17":0},"f":{"0":0,"1":0,"2":0,"3":0},"b":{"0":[0,0],"1":[0,0,0,0],"2":[0,0],"3":[0,0,0,0]},"all":true},"/Users/dwikyhutomo/Documents/LibraryExpressJS/libraryapp-api/src/middleware/authen.js":{"path":"/Users/dwikyhutomo/Documents/LibraryExpressJS/libraryapp-api/src/middleware/authen.js","statementMap":{"0":{"start":{"line":1,"column":12},"end":{"line":1,"column":35}},"1":{"start":{"line":2,"column":15},"end":{"line":2,"column":36}},"2":{"start":{"line":3,"column":0},"end":{"line":3,"column":26}},"3":{"start":{"line":5,"column":0},"end":{"line":40,"column":1}},"4":{"start":{"line":7,"column":22},"end":{"line":7,"column":51}},"5":{"start":{"line":8,"column":8},"end":{"line":35,"column":10}},"6":{"start":{"line":9,"column":23},"end":{"line":9,"column":24}},"7":{"start":{"line":10,"column":12},"end":{"line":17,"column":13}},"8":{"start":{"line":11,"column":19},"end":{"line":11,"column":58}},"9":{"start":{"line":12,"column":17},"end":{"line":12,"column":62}},"10":{"start":{"line":15,"column":17},"end":{"line":15,"column":49}},"11":{"start":{"line":19,"column":12},"end":{"line":33,"column":13}},"12":{"start":{"line":20,"column":16},"end":{"line":20,"column":41}},"13":{"start":{"line":24,"column":16},"end":{"line":24,"column":22}},"14":{"start":{"line":25,"column":19},"end":{"line":33,"column":13}},"15":{"start":{"line":26,"column":16},"end":{"line":26,"column":88}},"16":{"start":{"line":31,"column":16},"end":{"line":31,"column":60}}},"fnMap":{"0":{"name":"(anonymous_0)","decl":{"start":{"line":6,"column":20},"end":{"line":6,"column":21}},"loc":{"start":{"line":6,"column":54},"end":{"line":39,"column":5}},"line":6},"1":{"name":"(anonymous_1)","decl":{"start":{"line":8,"column":50},"end":{"line":8,"column":51}},"loc":{"start":{"line":8,"column":74},"end":{"line":35,"column":9}},"line":8}},"branchMap":{"0":{"loc":{"start":{"line":10,"column":12},"end":{"line":17,"column":13}},"type":"if","locations":[{"start":{"line":10,"column":12},"end":{"line":17,"column":13}},{"start":{"line":10,"column":12},"end":{"line":17,"column":13}}],"line":10},"1":{"loc":{"start":{"line":19,"column":12},"end":{"line":33,"column":13}},"type":"if","locations":[{"start":{"line":19,"column":12},"end":{"line":33,"column":13}},{"start":{"line":19,"column":12},"end":{"line":33,"column":13}}],"line":19},"2":{"loc":{"start":{"line":25,"column":19},"end":{"line":33,"column":13}},"type":"if","locations":[{"start":{"line":25,"column":19},"end":{"line":33,"column":13}},{"start":{"line":25,"column":19},"end":{"line":33,"column":13}}],"line":25}},"s":{"0":0,"1":0,"2":0,"3":0,"4":0,"5":0,"6":0,"7":0,"8":0,"9":0,"10":0,"11":0,"12":0,"13":0,"14":0,"15":0,"16":0},"f":{"0":0,"1":0},"b":{"0":[0,0],"1":[0,0],"2":[0,0]},"all":true},"/Users/dwikyhutomo/Documents/LibraryExpressJS/libraryapp-api/src/middleware/Caching.js":{"path":"/Users/dwikyhutomo/Documents/LibraryExpressJS/libraryapp-api/src/middleware/Caching.js","statementMap":{"0":{"start":{"line":1,"column":14},"end":{"line":1,"column":51}},"1":{"start":{"line":2,"column":15},"end":{"line":2,"column":36}},"2":{"start":{"line":6,"column":8},"end":{"line":8,"column":9}},"3":{"start":{"line":7,"column":12},"end":{"line":7,"column":34}},"4":{"start":{"line":10,"column":8},"end":{"line":12,"column":9}},"5":{"start":{"line":11,"column":12},"end":{"line":11,"column":35}},"6":{"start":{"line":13,"column":8},"end":{"line":15,"column":9}},"7":{"start":{"line":14,"column":12},"end":{"line":14,"column":41}},"8":{"start":{"line":17,"column":8},"end":{"line":19,"column":9}},"9":{"start":{"line":18,"column":12},"end":{"line":18,"column":39}},"10":{"start":{"line":21,"column":8},"end":{"line":23,"column":9}},"11":{"start":{"line":22,"column":12},"end":{"line":22,"column":36}},"12":{"start":{"line":25,"column":8},"end":{"line":31,"column":9}},"13":{"start":{"line":26,"column":12},"end":{"line":26,"column":39}},"14":{"start":{"line":30,"column":12},"end":{"line":30,"column":22}},"15":{"start":{"line":34,"column":8},"end":{"line":39,"column":9}},"16":{"start":{"line":35,"column":12},"end":{"line":35,"column":49}},"17":{"start":{"line":38,"column":12},"end":{"line":38,"column":21}},"18":{"start":{"line":41,"column":8},"end":{"line":46,"column":9}},"19":{"start":{"line":42,"column":12},"end":{"line":42,"column":26}},"20":{"start":{"line":45,"column":12},"end":{"line":45,"column":72}},"21":{"start":{"line":48,"column":8},"end":{"line":53,"column":9}},"22":{"start":{"line":49,"column":12},"end":{"line":49,"column":47}},"23":{"start":{"line":52,"column":12},"end":{"line":52,"column":20}},"24":{"start":{"line":54,"column":8},"end":{"line":56,"column":9}},"25":{"start":{"line":55,"column":12},"end":{"line":55,"column":84}},"26":{"start":{"line":57,"column":8},"end":{"line":59,"column":9}},"27":{"start":{"line":58,"column":12},"end":{"line":58,"column":29}},"28":{"start":{"line":63,"column":8},"end":{"line":68,"column":9}},"29":{"start":{"line":64,"column":12},"end":{"line":64,"column":41}},"30":{"start":{"line":67,"column":12},"end":{"line":67,"column":25}},"31":{"start":{"line":70,"column":8},"end":{"line":76,"column":9}},"32":{"start":{"line":71,"column":12},"end":{"line":71,"column":40}},"33":{"start":{"line":75,"column":12},"end":{"line":75,"column":24}},"34":{"start":{"line":80,"column":18},"end":{"line":80,"column":114}},"35":{"start":{"line":81,"column":9},"end":{"line":97,"column":11}},"36":{"start":{"line":82,"column":13},"end":{"line":86,"column":14}},"37":{"start":{"line":83,"column":16},"end":{"line":83,"column":34}},"38":{"start":{"line":84,"column":17},"end":{"line":84,"column":28}},"39":{"start":{"line":87,"column":13},"end":{"line":96,"column":14}},"40":{"start":{"line":88,"column":17},"end":{"line":88,"column":47}},"41":{"start":{"line":89,"column":30},"end":{"line":89,"column":48}},"42":{"start":{"line":90,"column":8},"end":{"line":90,"column":68}},"43":{"start":{"line":95,"column":17},"end":{"line":95,"column":23}},"44":{"start":{"line":103,"column":21},"end":{"line":103,"column":43}},"45":{"start":{"line":104,"column":8},"end":{"line":117,"column":10}},"46":{"start":{"line":105,"column":12},"end":{"line":107,"column":13}},"47":{"start":{"line":106,"column":
[...]
lumn":114},"end":{"line":117,"column":13}},"line":107},"24":{"name":"(anonymous_24)","decl":{"start":{"line":120,"column":16},"end":{"line":120,"column":17}},"loc":{"start":{"line":120,"column":29},"end":{"line":134,"column":5}},"line":120},"25":{"name":"(anonymous_25)","decl":{"start":{"line":121,"column":27},"end":{"line":121,"column":28}},"loc":{"start":{"line":121,"column":53},"end":{"line":133,"column":9}},"line":121},"26":{"name":"(anonymous_26)","decl":{"start":{"line":122,"column":87},"end":{"line":122,"column":88}},"loc":{"start":{"line":122,"column":111},"end":{"line":132,"column":13}},"line":122},"27":{"name":"(anonymous_27)","decl":{"start":{"line":135,"column":26},"end":{"line":135,"column":27}},"loc":{"start":{"line":135,"column":39},"end":{"line":149,"column":5}},"line":135},"28":{"name":"(anonymous_28)","decl":{"start":{"line":136,"column":27},"end":{"line":136,"column":28}},"loc":{"start":{"line":136,"column":53},"end":{"line":148,"column":9}},"line":136},"29":{"name":"(anonymous_29)","decl":{"start":{"line":137,"column":73},"end":{"line":137,"column":74}},"loc":{"start":{"line":137,"column":97},"end":{"line":147,"column":13}},"line":137},"30":{"name":"(anonymous_30)","decl":{"start":{"line":150,"column":21},"end":{"line":150,"column":22}},"loc":{"start":{"line":150,"column":36},"end":{"line":160,"column":5}},"line":150},"31":{"name":"(anonymous_31)","decl":{"start":{"line":151,"column":27},"end":{"line":151,"column":28}},"loc":{"start":{"line":151,"column":53},"end":{"line":159,"column":9}},"line":151},"32":{"name":"(anonymous_32)","decl":{"start":{"line":152,"column":81},"end":{"line":152,"column":82}},"loc":{"start":{"line":152,"column":105},"end":{"line":158,"column":13}},"line":152},"33":{"name":"(anonymous_33)","decl":{"start":{"line":161,"column":19},"end":{"line":161,"column":20}},"loc":{"start":{"line":161,"column":68},"end":{"line":182,"column":5}},"line":161},"34":{"name":"(anonymous_34)","decl":{"start":{"line":162,"column":27},"end":{"line":162,"column":28}},"loc":{"start":{"line":162,"column":53},"end":{"line":180,"column":9}},"line":162},"35":{"name":"(anonymous_35)","decl":{"start":{"line":164,"column":433},"end":{"line":164,"column":434}},"loc":{"start":{"line":164,"column":457},"end":{"line":170,"column":17}},"line":164},"36":{"name":"(anonymous_36)","decl":{"start":{"line":172,"column":403},"end":{"line":172,"column":404}},"loc":{"start":{"line":172,"column":427},"end":{"line":178,"column":17}},"line":172},"37":{"name":"(anonymous_37)","decl":{"start":{"line":184,"column":14},"end":{"line":184,"column":15}},"loc":{"start":{"line":184,"column":25},"end":{"line":194,"column":5}},"line":184},"38":{"name":"(anonymous_38)","decl":{"start":{"line":185,"column":27},"end":{"line":185,"column":28}},"loc":{"start":{"line":185,"column":53},"end":{"line":193,"column":9}},"line":185},"39":{"name":"(anonymous_39)","decl":{"start":{"line":186,"column":69},"end":{"line":186,"column":70}},"loc":{"start":{"line":186,"column":93},"end":{"line":192,"column":13}},"line":186},"40":{"name":"(anonymous_40)","decl":{"start":{"line":196,"column":22},"end":{"line":196,"column":23}},"loc":{"start":{"line":196,"column":35},"end":{"line":207,"column":5}},"line":196},"41":{"name":"(anonymous_41)","decl":{"start":{"line":197,"column":27},"end":{"line":197,"column":28}},"loc":{"start":{"line":197,"column":53},"end":{"line":206,"column":9}},"line":197},"42":{"name":"(anonymous_42)","decl":{"start":{"line":199,"column":75},"end":{"line":199,"column":76}},"loc":{"start":{"line":199,"column":99},"end":{"line":205,"column":13}},"line":199}},"branchMap":{"0":{"loc":{"start":{"line":8,"column":16},"end":{"line":12,"column":17}},"type":"if","locations":[{"start":{"line":8,"column":16},"end":{"line":12,"column":17}},{"start":{"line":8,"column":16},"end":{"line":12,"column":17}}],"line":8},"1":{"loc":{"start":{"line":20,"column":16},"end":{"line":24,"column":17}},"type":"if","locations":[{"start":{"line":20,"column":16},"end":{"line":24,"column":17}},{"start":{"line":20,"column":16},"end":{"line":24,"column":17}}],"line":20},"2":{"loc":{"start":{"line":35,"column":16},"end":{"line":39,"column":17}},"type":"if","locations":[{"start":{"line":35,"column":16},"end":{"line":39,"column":17}},{"start":{"line":35,"column":16},"end":{"line":39,"column":17}}],"line":35},"3":{"loc":{"start":{"line":47,"column":16},"end":{"line":51,"column":17}},"type":"if","locations":[{"start":{"line":47,"column":16},"end":{"line":51,"column":17}},{"start":{"line":47,"column":16},"end":{"line":51,"column":17}}],"line":47},"4":{"loc":{"start":{"line":58,"column":16},"end":{"line":69,"column":17}},"type":"if","locations":[{"start":{"line":58,"column":16},"end":{"line":69,"column":17}},{"start":{"line":58,"column":16},"end":{"line":69,"column":17}}],"line":58},"5":{"loc":{"start":{"line":77,"column":16},"end":{"line":86,"column":17}},"type":"if","locations":[{"start":{"line":77,"column":16},"end":{"line":86,"column":17}},{"start":{"line":77,"column":16},"end":{"line":86,"column":17}}],"line":77},"6":{"loc":{"start":{"line":93,"column":16},"end":{"line":101,"column":17}},"type":"if","locations":[{"start":{"line":93,"column":16},"end":{"line":101,"column":17}},{"start":{"line":93,"column":16},"end":{"line":101,"column":17}}],"line":93},"7":{"loc":{"start":{"line":108,"column":16},"end":{"line":116,"column":17}},"type":"if","locations":[{"start":{"line":108,"column":16},"end":{"line":116,"column":17}},{"start":{"line":108,"column":16},"end":{"line":116,"column":17}}],"line":108},"8":{"loc":{"start":{"line":123,"column":16},"end":{"line":131,"column":17}},"type":"if","locations":[{"start":{"line":123,"column":16},"end":{"line":131,"column":17}},{"start":{"line":123,"column":16},"end":{"line":131,"column":17}}],"line":123},"9":{"loc":{"start":{"line":138,"column":16},"end":{"line":146,"column":17}},"type":"if","locations":[{"start":{"line":138,"column":16},"end":{"line":146,"column":17}},{"start":{"line":138,"column":16},"end":{"line":146,"column":17}}],"line":138},"10":{"loc":{"start":{"line":153,"column":16},"end":{"line":157,"column":17}},"type":"if","locations":[{"start":{"line":153,"column":16},"end":{"line":157,"column":17}},{"start":{"line":153,"column":16},"end":{"line":157,"column":17}}],"line":153},"11":{"loc":{"start":{"line":163,"column":12},"end":{"line":179,"column":13}},"type":"if","locations":[{"start":{"line":163,"column":12},"end":{"line":179,"column":13}},{"start":{"line":163,"column":12},"end":{"line":179,"column":13}}],"line":163},"12":{"loc":{"start":{"line":165,"column":20},"end":{"line":169,"column":21}},"type":"if","locations":[{"start":{"line":165,"column":20},"end":{"line":169,"column":21}},{"start":{"line":165,"column":20},"end":{"line":169,"column":21}}],"line":165},"13":{"loc":{"start":{"line":173,"column":20},"end":{"line":177,"column":21}},"type":"if","locations":[{"start":{"line":173,"column":20},"end":{"line":177,"column":21}},{"start":{"line":173,"column":20},"end":{"line":177,"column":21}}],"line":173},"14":{"loc":{"start":{"line":187,"column":16},"end":{"line":191,"column":17}},"type":"if","locations":[{"start":{"line":187,"column":16},"end":{"line":191,"column":17}},{"start":{"line":187,"column":16},"end":{"line":191,"column":17}}],"line":187},"15":{"loc":{"start":{"line":200,"column":16},"end":{"line":204,"column":17}},"type":"if","locations":[{"start":{"line":200,"column":16},"end":{"line":204,"column":17}},{"start":{"line":200,"column":16},"end":{"line":204,"column":17}}],"line":200}},"s":{"0":0,"1":0,"2":0,"3":0,"4":0,"5":0,"6":0,"7":0,"8":0,"9":0,"10":0,"11":0,"12":0,"13":0,"14":0,"15":0,"16":0,"17":0,"18":0,"19":0,"20":0,"21":0,"22":0,"23":0,"24":0,"25":0,"26":0,"27":0,"28":0,"29":0,"30":0,"31":0,"32":0,"33":0,"34":0,"35":0,"36":0,"37":0,"38":0,"39":0,"40":0,"41":0,"42":0,"43":0,"44":0,"45":0,"46":0,"47":0,"48":0,"49":0,"50":0,"51":0,"52":0,"53":0,"54":0,"55":0,"56":0,"57":0,"58":0,"59":0,"60":0,"61":0,"62":0,"63":0,"64":0,"65":0,"66":0,"67":0,"68":0,"69":0,"70":0,"71":0,"72":0,"73":0,"74":0,"75":0,"76":0,"77":0,"78":0,"79":0,"80":0,"81":0,"82":0,"83":0},"f":{"0":0,"1":0,"2":0,"3":0,"4":0,"5":0,"6":0,"7":0,"8":0,"9":0,"10":0,"11":0,"12":0,"13":0,"14":0,"15":0,"16":0,"17":0,"18":0,"19":0,"20":0,"21":0,"22":0,"23":0,"24":0,"25":0,"26":0,"27":0,"28":0,"29":0,"30":0,"31":0,"32":0,"33":0,"34":0,"35":0,"36":0,"37":0,"38":0,"39":0,"40":0,"41":0,"42":0},"b":{"0":[0,0],"1":[0,0],"2":[0,0],"3":[0,0],"4":[0,0],"5":[0,0],"6":[0,0],"7":[0,0],"8":[0,0],"9":[0,0],"10":[0,0],"11":[0,0],"12":[0,0],"13":[0,0],"14":[0,0],"15":[0,0]},"all":true},"/Users/dwikyhutomo/Documents/LibraryExpressJS/libraryapp-api/src/models/data.js":{"path":"/Users/dwikyhutomo/Documents/LibraryExpressJS/libraryapp-api/src/models/data.js","statementMap":{"0":{"start":{"line":1,"column":19},"end":{"line":1,"column":45}},"1":{"start":{"line":4,"column":0},"end":{"line":82,"column":1}},"2":{"start":{"line":7,"column":8},"end":{"line":15,"column":10}},"3":{"start":{"line":8,"column":12},"end":{"line":14,"column":14}},"4":{"start":{"line":9,"column":16},"end":{"line":13,"column":17}},"5":{"start":{"line":10,"column":20},"end":{"line":10,"column":35}},"6":{"start":{"line":12,"column":20},"end":{"line":12,"column":44}},"7":{"start":{"line":18,"column":8},"end":{"line":26,"column":10}},"8":{"start":{"line":19,"column":12},"end":{"line":25,"column":14}},"9":{"start":{"line":20,"column":16},"end":{"line":24,"column":17}},"10":{"start":{"line":21,"column":20},"end":{"line":21,"column":38}},"11":{"start":{"line":23,"column":20},"end":{"line":23,"column":44}},"12":{"start":{"line":29,"column":8},"end":{"line":42,"column":10}},"13":{"start":{"line":30,"column":12},"end":{"line":41,"column":14}},"14":{"start":{"line":31,"column":16},"end":{"line":40,"column":17}},"15":{"start":{"line":32,"column":36},"end":{"line":36,"column":21}},"16":{"start":{"line":37,"column":20},"end":{"line":37,"column":36}},"17":{"start":{"line":39,"column":20},"end":{"line":39,"column":44}},"18":{"start":{"line":45,"column":8},"end":{"line":60,"column":10}},"19":{"start":{"line":46,"column":12},"end":{"line":58,"column":14}},"20":{"start":{"line":47,"column":16},"end":{"line":57,"column":17}},"21":{"start":{"line":48,"column":36},"end":{"line":52,"column":21}},"22":{"start":{"line":53,"column":20},"end":{"line":53,"column":36}},"23":{"start":{"line":56,"column":20},"end":{"line":56,"column":44}},"24":{"start":{"line":63,"column":8},"end":{"line":77,"column":10}},"25":{"start":{"line":64,"column":12},"end":{"line":76,"column":14}},"26":{"start":{"line":65,"column":16},"end":{"line":75,"column":17}},"27":{"start":{"line":66,"column":36},"end":{"line":71,"column":21}},"28":{"start":{"line":72,"column":20},"end":{"line":72,"column":36}},"29":{"start":{"line":74,"column":20},"end":{"line":74,"column":44}}},"fnMap":{"0":{"name":"(anonymous_0)","decl":{"start":{"line":6,"column":13},"end":{"line":6,"column":14}},"loc":{"start":{"line":6,"column":28},"end":{"line":16,"column":5}},"line":6},"1":{"name":"(anonymous_1)","decl":{"start":{"line":7,"column":27},"end":{"line":7,"column":28}},"loc":{"start":{"line":7,"column":53},"end":{"line":15,"column":9}},"line":7},"2":{"name":"(anonymous_2)","decl":{"start":{"line":8,"column":55},"end":{"line":8,"column":56}},"loc":{"start":{"line":8,"column":79},"end":{"line":14,"column":13}},"line":8},"3":{"name":"(anonymous_3)","decl":{"start":{"line":17,"column":17},"end":{"line":17,"column":18}},"loc":{"start":{"line":17,"column":35},"end":{"line":27,"column":5}},"line":17},"4":{"name":"(anonymous_4)","decl":{"start":{"line":18,"column":27},"end":{"line":18,"column":28}},"loc":{"start":{"line":18,"column":53},"end":{"line":26,"column":9}},"line":18},"5":{"name":"(anonymous_5)","decl":{"start":{"line":19,"column":71},"end":{"line":19,"column":72}},"loc":{"start":{"line":19,"column":95},"end":{"line":25,"column":13}},"line":19},"6":{"name":"(anonymous_6)","decl":{"start":{"line":28,"column":14},"end":{"line":28,"column":15}},"loc":{"start":{"line":28,"column":38},"end":{"line":43,"column":5}},"line":28},"7":{"name":"(anonymous_7)","decl":{"start":{"line":29,"column":27},"end":{"line":29,"column":28}},"loc":{"start":{"line":29,"column":53},"end":{"line":42,"column":9}},"line":29},"8":{"name":"(anonymous_8)","decl":{"start":{"line":30,"column":70},"end":{"line":30,"column":71}},"loc":{"start":{"line":30,"column":94},"end":{"line":41,"column":13}},"line":30},"9":{"name":"(anonymous_9)","decl":{"start":{"line":44,"column":13},"end":{"line":44,"column":14}},"loc":{"start":{"line":44,"column":41},"end":{"line":61,"column":5}},"line":44},"10":{"name":"(anonymous_10)","decl":{"start":{"line":45,"column":27},"end":{"line":45,"column":28}},"loc":{"start":{"line":45,"column":53},"end":{"line":60,"column":9}},"line":45},"11":{"name":"(anonymous_11)","decl":{"start":{"line":46,"column":82},"end":{"line":46,"column":83}},"loc":{"start":{"line":46,"column":106},"end":{"line":58,"column":13}},"line":46},"12":{"name":"(anonymous_12)","decl":{"start":{"line":62,"column":16},"end":{"line":62,"column":17}},"loc":{"start":{"line":62,"column":35},"end":{"line":78,"column":5}},"line":62},"13":{"name":"(anonymous_13)","decl":{"start":{"line":63,"column":27},"end":{"line":63,"column":28}},"loc":{"start":{"line":63,"column":53},"end":{"line":77,"column":9}},"line":63},"14":{"name":"(anonymous_14)","decl":{"start":{"line":64,"column":72},"end":{"line":64,"column":73}},"loc":{"start":{"line":64,"column":96},"end":{"line":76,"column":13}},"line":64}},"branchMap":{"0":{"loc":{"start":{"line":9,"column":16},"end":{"line":13,"column":17}},"type":"if","locations":[{"start":{"line":9,"column":16},"end":{"line":13,"column":17}},{"start":{"line":9,"column":16},"end":{"line":13,"column":17}}],"line":9},"1":{"loc":{"start":{"line":20,"column":16},"end":{"line":24,"column":17}},"type":"if","locations":[{"start":{"line":20,"column":16},"end":{"line":24,"column":17}},{"start":{"line":20,"column":16},"end":{"line":24,"column":17}}],"line":20},"2":{"loc":{"start":{"line":31,"column":16},"end":{"line":40,"column":17}},"type":"if","locations":[{"start":{"line":31,"column":16},"end":{"line":40,"column":17}},{"start":{"line":31,"column":16},"end":{"line":40,"column":17}}],"line":31},"3":{"loc":{"start":{"line":47,"column":16},"end":{"line":57,"column":17}},"type":"if","locations":[{"start":{"line":47,"column":16},"end":{"line":57,"column":17}},{"start":{"line":47,"column":16},"end":{"line":57,"column":17}}],"line":47},"4":{"loc":{"start":{"line":65,"column":16},"end":{"line":75,"column":17}},"type":"if","locations":[{"start":{"line":65,"column":16},"end":{"line":75,"column":17}},{"start":{"line":65,"column":16},"end":{"line":75,"column":17}}],"line":65}},"s":{"0":0,"1":0,"2":0,"3":0,"4":0,"5":0,"6":0,"7":0,"8":0,"9":0,"10":0,"11":0,"12":0,"13":0,"14":0,"15":0,"16":0,"17":0,"18":0,"19":0,"20":0,"21":0,"22":0,"23":0,"24":0,"25":0,"26":0,"27":0,"28":0,"29":0},"f":{"0":0,"1":0,"2":0,"3":0,"4":0,"5":0,"6":0,"7":0,"8":0,"9":0,"10":0,"11":0,"12":0,"13":0,"14":0},"b":{"0":[0,0],"1":[0,0],"2":[0,0],"3":[0,0],"4":[0,0]},"all":true},"/Users/dwikyhutomo/Documents/LibraryExpressJS/libraryapp-api/src/routes/auth.js":{"path":"/Users/dwikyhutomo/Documents/LibraryExpressJS/libraryapp-api/src/routes/auth.js","statementMap":{"0":{"start":{"line":1,"column":16},"end":{"line":1,"column":34}},"1":{"start":{"line":2,"column":14},"end":{"line":2,"column":30}},"2":{"start":{"line":4,"column":26},"end":{"line":4,"column":55}},"3":{"start":{"line":6,"column":38},"end":{"line":6,"column":67}},"4":{"start":{"line":7,"column":27},"end":{"line":7,"column":58}},"5":{"start":{"line":8,"column":23},"end":{"line":8,"column":53}},"6":{"start":{"line":10,"column":0},"end":{"line":21,"column":87}},"7":{"start":{"line":24,"column":0},"end":{"line":24,"column":22}}},"fnMap":{},"branchMap":{},"s":{"0":0,"1":0,"2":0,"3":0,"4":0,"5":0,"6":0,"7":0},"f":{},"b":{},"all":true},"/Users/dwikyhutomo/Documents/LibraryExpressJS/libraryapp-api/src/routes/author.js":{"path":"/Users/dwikyhutomo/Documents/LibraryExpressJS/libraryapp-api/src/routes/author.js","statementMap":{"0":{"start":{"line":1,"column":16},"end":{"line":1,"column":34}},"1":{"start":{"line":2,"column":14},"end":{"line":2,"column":30}},"2":{"start":{"line":3,"column":26},"end":{"line":3,"column":55}},"3":{"start":{"line":4,"column":27},"end":{"line":4,"column":58}},"4":{"start":{"line":6,"column":25},"end":{"line":6,"column":57}},"5":{"start":{"line":7,"column":0},"end":{"line":15,"column":88}},"6":{"start":{"line":18,"column":0},"end":{"line":18,"column":22}}},"fnMap":{},"branchMap":{},"s":{"0":0,"1":0,"2":0,"3":0,"4":0,"5":0,"6":0},"f":{},"b":{},"all":true},"/Users/dwikyhutomo/Documents/LibraryExpressJS/libraryapp-api/src/routes/books.js":{"path":"/Users/dwikyhutomo/Documents/LibraryExpressJS/libraryapp-api/src/routes/books.js","statementMap":{"0":{"start":{"line":1,"column":16},"end":{"line":1,"column":34}},"1":{"start":{"line":2,"column":14},"end":{"line":2,"column":30}},"2":{"start":{"line":4,"column":26},"end":{"line":4,"column":55}},"3":{"start":{"line":5,"column":27},"end":{"line":5,"column":58}},"4":{"start":{"line":6,"column":24},"end":{"line":6,"column":55}},"5":{"start":{"line":7,"column":13},"end":{"line":7,"column":45}},"6":{"start":{"line":9,"column":13},"end":{"line":9,"column":28}},"7":{"start":{"line":10,"column":20},"end":{"line":10,"column":53}},"8":{"start":{"line":13,"column":0},"end":{"line":27,"column":74}},"9":{"start":{"line":30,"column":0},"end":{"line":30,"column":22}}},"fnMap":{},"branchMap":{},"s":{"0":0,"1":0,"2":0,"3":0,"4":0,"5":0,"6":0,"7":0,"8":0,"9":0},"f":{},"b":{},"all":true},"/Users/dwikyhutomo/Documents/LibraryExpressJS/libraryapp-api/src/routes/borrow.js":{"path":"/Users/dwikyhutomo/Documents/LibraryExpressJS/libraryapp-api/src/routes/borrow.js","statementMap":{"0":{"start":{"line":1,"column":16},"end":{"line":1,"column":34}},"1":{"start":{"line":2,"column":14},"end":{"line":2,"column":30}},"2":{"start":{"line":3,"column":26},"end":{"line":3,"column":55}},"3":{"start":{"line":4,"column":27},"end":{"line":4,"column":58}},"4":{"start":{"line":5,"column":13},"end":{"line":5,"column":45}},"5":{"start":{"line":8,"column":25},"end":{"line":8,"column":57}},"6":{"start":{"line":9,"column":0},"end":{"line":17,"column":60}},"7":{"start":{"line":20,"column":0},"end":{"line":20,"column":22}}},"fnMap":{},"branchMap":{},"s":{"0":0,"1":0,"2":0,"3":0,"4":0,"5":0,"6":0,"7":0},"f":{},"b":{},"all":true},"/Users/dwikyhutomo/Documents/LibraryExpressJS/libraryapp-api/src/routes/genre.js":{"path":"/Users/dwikyhutomo/Documents/LibraryExpressJS/libraryapp-api/src/routes/genre.js","statementMap":{"0":{"start":{"line":1,"column":16},"end":{"line":1,"column":34}},"1":{"start":{"line":2,"column":14},"end":{"line":2,"column":30}},"2":{"start":{"line":3,"column":26},"end":{"line":3,"column":55}},"3":{"start":{"line":4,"column":27},"end":{"line":4,"column":58}},"4":{"start":{"line":6,"column":24},"end":{"line":6,"column":55}},"5":{"start":{"line":7,"column":0},"end":{"line":15,"column":85}},"6":{"start":{"line":18,"column":0},"end":{"line":18,"column":22}}},"fnMap":{},"branchMap":{},"s":{"0":0,"1":0,"2":0,"3":0,"4":0,"5":0,"6":0},"f":{},"b":{},"all":true},"/Users/dwikyhutomo/Documents/LibraryExpressJS/libraryapp-api/src/routes/role.js":{"path":"/Users/dwikyhutomo/Documents/LibraryExpressJS/libraryapp-api/src/routes/role.js","statementMap":{"0":{"start":{"line":1,"column":16},"end":{"line":1,"column":34}},"1":{"start":{"line":2,"column":14},"end":{"line":2,"column":30}},"2":{"start":{"line":3,"column":26},"end":{"line":3,"column":55}},"3":{"start":{"line":4,"column":27},"end":{"line":4,"column":58}},"4":{"start":{"line":6,"column":23},"end":{"line":6,"column":53}},"5":{"start":{"line":7,"column":0},"end":{"line":13,"column":82}},"6":{"start":{"line":16,"column":0},"end":{"line":16,"column":22}}},"fnMap":{},"branchMap":{},"s":{"0":0,"1":0,"2":0,"3":0,"4":0,"5":0,"6":0},"f":{},"b":{},"all":true}}