{"/Users/dwikyhutomo/Documents/LibraryExpressJS/libraryapp-api/src/config/mysql.js":{"path":"/Users/dwikyhutomo/Documents/LibraryExpressJS/libraryapp-api/src/config/mysql.js","statementMap":{"0":{"start":{"line":1,"column":14},"end":{"line":1,"column":30}},"1":{"start":{"line":2,"column":19},"end":{"line":7,"column":2}},"2":{"start":{"line":8,"column":0},"end":{"line":12,"column":2}},"3":{"start":{"line":9,"column":4},"end":{"line":9,"column":26}},"4":{"start":{"line":9,"column":15},"end":{"line":9,"column":26}},"5":{"start":{"line":10,"column":4},"end":{"line":10,"column":41}},"6":{"start":{"line":13,"column":0},"end":{"line":13,"column":27}}},"fnMap":{"0":{"name":"(anonymous_0)","decl":{"start":{"line":8,"column":19},"end":{"line":8,"column":20}},"loc":{"start":{"line":8,"column":35},"end":{"line":12,"column":1}},"line":8}},"branchMap":{"0":{"loc":{"start":{"line":9,"column":4},"end":{"line":9,"column":26}},"type":"if","locations":[{"start":{"line":9,"column":4},"end":{"line":9,"column":26}},{"start":{"line":9,"column":4},"end":{"line":9,"column":26}}],"line":9}},"s":{"0":0,"1":0,"2":0,"3":0,"4":0,"5":0,"6":0},"f":{"0":0},"b":{"0":[0,0]},"all":true},"/Users/dwikyhutomo/Documents/LibraryExpressJS/libraryapp-api/src/controllers/auth.js":{"path":"/Users/dwikyhutomo/Documents/LibraryExpressJS/libraryapp-api/src/controllers/auth.js","statementMap":{"0":{"start":{"line":1,"column":18},"end":{"line":1,"column":43}},"1":{"start":{"line":2,"column":20},"end":{"line":2,"column":47}},"2":{"start":{"line":3,"column":15},"end":{"line":3,"column":36}},"3":{"start":{"line":4,"column":12},"end":{"line":4,"column":35}},"4":{"start":{"line":5,"column":12},"end":{"line":5,"column":26}},"5":{"start":{"line":6,"column":0},"end":{"line":6,"column":26}},"6":{"start":{"line":7,"column":22},"end":{"line":7,"column":24}},"7":{"start":{"line":8,"column":0},"end":{"line":191,"column":1}},"8":{"start":{"line":11,"column":8},"end":{"line":21,"column":9}},"9":{"start":{"line":12,"column":27},"end":{"line":12,"column":52}},"10":{"start":{"line":14,"column":12},"end":{"line":14,"column":57}},"11":{"start":{"line":17,"column":12},"end":{"line":17,"column":30}},"12":{"start":{"line":19,"column":12},"end":{"line":19,"column":56}},"13":{"start":{"line":25,"column":8},"end":{"line":36,"column":9}},"14":{"start":{"line":26,"column":23},"end":{"line":26,"column":24}},"15":{"start":{"line":27,"column":27},"end":{"line":27,"column":62}},"16":{"start":{"line":29,"column":12},"end":{"line":29,"column":57}},"17":{"start":{"line":32,"column":12},"end":{"line":32,"column":30}},"18":{"start":{"line":34,"column":12},"end":{"line":34,"column":56}},"19":{"start":{"line":40,"column":8},"end":{"line":64,"column":9}},"20":{"start":{"line":43,"column":28},"end":{"line":43,"column":40}},"21":{"start":{"line":44,"column":12},"end":{"line":48,"column":13}},"22":{"start":{"line":46,"column":16},"end":{"line":46,"column":83}},"23":{"start":{"line":49,"column":31},"end":{"line":49,"column":70}},"24":{"start":{"line":50,"column":12},"end":{"line":50,"column":35}},"25":{"start":{"line":51,"column":12},"end":{"line":58,"column":13}},"26":{"start":{"line":53,"column":16},"end":{"line":53,"column":61}},"27":{"start":{"line":54,"column":31},"end":{"line":54,"column":64}},"28":{"start":{"line":55,"column":16},"end":{"line":55,"column":61}},"29":{"start":{"line":59,"column":12},"end":{"line":59,"column":82}},"30":{"start":{"line":61,"column":12},"end":{"line":61,"column":31}},"31":{"start":{"line":62,"column":12},"end":{"line":62,"column":56}},"32":{"start":{"line":68,"column":8},"end":{"line":100,"column":9}},"33":{"start":{"line":69,"column":28},"end":{"line":69,"column":40}},"34":{"start":{"line":70,"column":12},"end":{"line":70,"column":57}},"35":{"start":{"line":71,"column":39},"end":{"line":71,"column":71}},"36":{"start":{"line":74,"column":12},"end":{"line":74,"column":41}},"37":{"start":{"line":76,"column":27},"end":{"line":76,"column":61}},"38":{"start":{"line":78,"column":12},"end":{"line":94,"column":13}},"39":{"start":{"line":79,"column":16},"end":{"line":79,"column":103}},"40":{"start":{"line":83,"column":30},"end":{"line":83,"column":95}},"41":{"start":{"line":84,"column":37},"end":{"line":84,"column":97}},"42":{"start":{"line":85,"column":32},"end":{"line":89,"column":17}},"43":{"start":{"line":90,"column":16},"end":{"line":90,"column":39}},"44":{"start":{"line":91,"column":16},"end":{"line":91,"column":49}},"45":{"start":{"line":93,"column":16},"end":{"line":93,"column":55}},"46":{"start":{"line":97,"column":12},"end":{"line":97,"column":30}},"47":{"start":{"line":98,"column":12},"end":{"line":98,"column":56}},"48":{"start":{"line":107,"column":8},"end":{"line":137,"column":9}},"49":{"start":{"line":108,"column":26},"end":{"line":108,"column":44}},"50":{"start":{"line":109,"column":12},"end":{"line":109,"column":38}},"51":{"start":{"line":111,"column":12},"end":{"line":113,"column":13}},"52":{"start":{"line":112,"column":16},"end":{"line":112,"column":85}},"53":{"start":{"line":114,"column":12},"end":{"line":116,"column":13}},"54":{"start":{"line":115,"column":16},"end":{"line":115,"column":94}},"55":{"start":{"line":117,"column":12},"end":{"line":130,"column":14}},"56":{"start":{"line":119,"column":16},"end":{"line":129,"column":17}},"57":{"start":{"line":120,"column":20},"end":{"line":120,"column":82}},"58":{"start":{"line":123,"column":34},"end":{"line":123,"column":99}},"59":{"start":{"line":125,"column":20},"end":{"line":125,"column":68}},"60":{"start":{"line":134,"column":12},"end":{"line":134,"column":30}},"61":{"start":{"line":135,"column":12},"end":{"line":135,"column":56}},"62":{"start":{"line":143,"column":8},"end":{"line":155,"column":9}},"63":{"start":{"line":144,"column":28},"end":{"line":144,"column":40}},"64":{"start":{"line":145,"column":12},"end":{"line":145,"column":57}},"65":{"start":{"line":147,"column":23},"end":{"line":147,"column":40}},"66":{"start":{"line":148,"column":27},"end":{"line":148,"column":63}},"67":{"start":{"line":149,"column":12},"end":{"line":149,"column":57}},"68":{"start":{"line":152,"column":12},"end":{"line":152,"column":30}},"69":{"start":{"line":153,"column":12},"end":{"line":153,"column":56}},"70":{"start":{"line":159,"column":8},"end":{"line":175,"column":9}},"71":{"start":{"line":160,"column":23},"end":{"line":160,"column":40}},"72":{"start":{"line":161,"column":25},"end":{"line":161,"column":63}},"73":{"start":{"line":162,"column":12},"end":{"line":168,"column":119}},"74":{"start":{"line":163,"column":31},"end":{"line":163,"column":61}},"75":{"start":{"line":165,"column":16},"end":{"line":165,"column":61}},"76":{"start":{"line":168,"column":16},"end":{"line":168,"column":118}},"77":{"start":{"line":173,"column":12},"end":{"line":173,"column":56}},"78":{"start":{"line":179,"column":8},"end":{"line":188,"column":9}},"79":{"start":{"line":180,"column":13},"end":{"line":180,"column":65}},"80":{"start":{"line":180,"column":42},"end":{"line":180,"column":64}},"81":{"start":{"line":182,"column":11},"end":{"line":182,"column":47}},"82":{"start":{"line":185,"column":12},"end":{"line":185,"column":30}},"83":{"start":{"line":186,"column":12},"end":{"line":186,"column":56}}},"fnMap":{"0":{"name":"(anonymous_0)","decl":{"start":{"line":10,"column":13},"end":{"line":10,"column":14}},"loc":{"start":{"line":10,"column":47},"end":{"line":23,"column":5}},"line":10},"1":{"name":"(anonymous_1)","decl":{"start":{"line":24,"column":19},"end":{"line":24,"column":20}},"loc":{"start":{"line":24,"column":53},"end":{"line":38,"column":5}},"line":24},"2":{"name":"(anonymous_2)","decl":{"start":{"line":39,"column":14},"end":{"line":39,"column":15}},"loc":{"start":{"line":39,"column":48},"end":{"line":66,"column":5}},"line":39},"3":{"name":"(anonymous_3)","decl":{"start":{"line":67,"column":15},"end":{"line":67,"column":16}},"loc":{"start":{"line":67,"column":49},"end":{"line":102,"column":5}},"line":67},"4":{"name":"(anonymous_4)","decl":{"start":{"line":104,"column":14},"end":{"line":104,"column":15}},"loc":{"start":{"line":104,"column":48},"end":{"line":139,"column":5}},"line":104},"5":{"name":"(anonymous_5)","decl":{"start":{"line":117,"column":64},"end":{"line":117,"column":65}},"loc":{"start":{"line":117,"column":88},"end":{"line":130,"column":13}},"line":117},"6":{"name":"(anonymous_6)","decl":{"start":{"line":140,"column":13},"end":{"line":140,"column":14}},"loc":{"start":{"line":140,"column":47},"end":{"line":157,"column":5}},"line":140},"7":{"name":"(anonymous_7)","decl":{"start":{"line":158,"column":16},"end":{"line":158,"column":17}},"loc":{"start":{"line":158,"column":50},"end":{"line":177,"column":5}},"line":158},"8":{"name":"(anonymous_8)","decl":{"start":{"line":178,"column":17},"end":{"line":178,"column":18}},"loc":{"start":{"line":178,"column":51},"end":{"line":190,"column":5}},"line":178},"9":{"name":"(anonymous_9)","decl":{"start":{"line":180,"column":34},"end":{"line":180,"column":35}},"loc":{"start":{"line":180,"column":42},"end":{"line":180,"column":64}},"line":180}},"branchMap":{"0":{"loc":{"start":{"line":44,"column":12},"end":{"line":48,"column":13}},"type":"if","locations":[{"start":{"line":44,"column":12},"end":{"line":48,"column":13}},{"start":{"line":44,"column":12},"end":{"line":48,"column":13}}],"line":44},"1":{"loc":{"start":{"line":51,"column":12},"end":{"line":58,"column":13}},"type":"if","locations":[{"start":{"line":51,"column":12},"end":{"line":58,"column":13}},{"start":{"line":51,"column":12},"end":{"line":58,"column":13}}],"line":51},"2":{"loc":{"start":{"line":78,"column":12},"end":{"line":94,"column":13}},"type":"if","locations":[{"start":{"line":78,"column":12},"end":{"line":94,"column":13}},{"start":{"line":78,"column":12},"end":{"line":94,"column":13}}],"line":78},"3":{"loc":{"start":{"line":111,"column":12},"end":{"line":113,"column":13}},"type":"if","locations":[{"start":{"line":111,"column":12},"end":{"line":113,"column":13}},{"start":{"line":111,"column":12},"end":{"line":113,"column":13}}],"line":111},"4":{"loc":{"start":{"line":114,"column":12},"end":{"line":116,"column":13}},"type":"if","locations":[{"start":{"line":114,"column":12},"end":{"line":116,"column":13}},{"start":{"line":114,"column":12},"end":{"line":116,"column":13}}],"line":114},"5":{"loc":{"start":{"line":119,"column":16},"end":{"line":129,"column":17}},"type":"if","locations":[{"start":{"line":119,"column":16},"end":{"line":129,"column":17}},{"start":{"line":119,"column":16},"end":{"line":129,"column":17}}],"line":119},"6":{"loc":{"start":{"line":119,"column":20},"end":{"line":119,"column":110}},"type":"binary-expr","locations":[{"start":{"line":119,"column":20},"end":{"line":119,"column":25}},{"start":{"line":119,"column":29},"end":{"line":119,"column":63}},{"start":{"line":119,"column":67},"end":{"line":119,"column":72}},{"start":{"line":119,"column":76},"end":{"line":119,"column":110}}],"line":119},"7":{"loc":{"start":{"line":162,"column":12},"end":{"line":168,"column":119}},"type":"if","locations":[{"start":{"line":162,"column":12},"end":{"line":168,"column":119}},{"start":{"line":162,"column":12},"end":{"line":168,"column":119}}],"line":162}},"s":{"0":0,"1":0,"2":0,"3":0,"4":0,"5":0,"6":0,"7":0,"8":0,"9":0,"10":0,"11":0,"12":0,"13":0,"14":0,"15":0,"16":0,"17":0,"18":0,"19":0,"20":0,"21":0,"22":0,"23":0,"24":0,"25":0,"26":0,"27":0,"28":0,"29":0,"30":0,"31":0,"32":0,"33":0,"34":0,"35":0,"36":0,"37":0,"38":0,"39":0,"40":0,"41":0,"42":0,"43":0,"44":0,"45":0,"46":0,"47":0,"48":0,"49":0,"50":0,"51":0,"52":0,"53":0,"54":0,"55":0,"56":0,"57":0,"58":0,"59":0,"60":0,"61":0,"62":0,"63":0,"64":0,"65":0,"66":0,"67":0,"68":0,"69":0,"70":0,"71":0,"72":0,"73":0,"74":0,"75":0,"76":0,"77":0,"78":0,"79":0,"80":0,"81":0,"82":0,"83":0},"f":{"0":0,"1":0,"2":0,"3":0,"4":0,"5":0,"6":0,"7":0,"8":0,"9":0},"b":{"0":[0,0],"1":[0,0],"2":[0,0],"3":[0,0],"4":[0,0],"5":[0,0],"6":[0,0,0,0],"7":[0,0]},"all":true},"/Users/dwikyhutomo/Documents/LibraryExpressJS/libraryapp-api/src/controllers/author.js":{"path":"/Users/dwikyhutomo/Documents/LibraryExpressJS/libraryapp-api/src/controllers/author.js","statementMap":{"0":{"start":{"line":1,"column":19},"end":{"line":1,"column":44}},"1":{"start":{"line":2,"column":19},"end":{"line":2,"column":45}},"2":{"start":{"line":3,"column":15},"end":{"line":3,"column":36}},"3":{"start":{"line":4,"column":16},"end":{"line":4,"column":34}},"4":{"start":{"line":6,"column":0},"end":{"line":105,"column":1}},"5":{"start":{"line":8,"column":8},"end":{"line":16,"column":9}},"6":{"start":{"line":10,"column":27},"end":{"line":10,"column":61}},"7":{"start":{"line":11,"column":12},"end":{"line":11,"column":57}},"8":{"start":{"line":14,"column":12},"end":{"line":14,"column":56}},"9":{"start":{"line":22,"column":8},"end":{"line":43,"column":9}},"10":{"start":{"line":26,"column":23},"end":{"line":26,"column":40}},"11":{"start":{"line":28,"column":27},"end":{"line":28,"column":68}},"12":{"start":{"line":29,"column":12},"end":{"line":35,"column":13}},"13":{"start":{"line":30,"column":16},"end":{"line":30,"column":61}},"14":{"start":{"line":34,"column":16},"end":{"line":34,"column":86}},"15":{"start":{"line":41,"column":12},"end":{"line":41,"column":56}},"16":{"start":{"line":47,"column":8},"end":{"line":56,"column":9}},"17":{"start":{"line":48,"column":28},"end":{"line":48,"column":40}},"18":{"start":{"line":49,"column":27},"end":{"line":49,"column":71}},"19":{"start":{"line":50,"column":12},"end":{"line":50,"column":57}},"20":{"start":{"line":53,"column":12},"end":{"line":53,"column":30}},"21":{"start":{"line":54,"column":12},"end":{"line":54,"column":56}},"22":{"start":{"line":61,"column":8},"end":{"line":71,"column":9}},"23":{"start":{"line":62,"column":28},"end":{"line":62,"column":40}},"24":{"start":{"line":63,"column":23},"end":{"line":63,"column":40}},"25":{"start":{"line":64,"column":27},"end":{"line":64,"column":74}},"26":{"start":{"line":65,"column":12},"end":{"line":65,"column":57}},"27":{"start":{"line":68,"column":12},"end":{"line":68,"column":30}},"28":{"start":{"line":69,"column":12},"end":{"line":69,"column":56}},"29":{"start":{"line":75,"column":8},"end":{"line":99,"column":9}},"30":{"start":{"line":76,"column":23},"end":{"line":76,"column":40}},"31":{"start":{"line":77,"column":25},"end":{"line":77,"column":61}},"32":{"start":{"line":78,"column":12},"end":{"line":93,"column":109}},"33":{"start":{"line":80,"column":31},"end":{"line":80,"column":72}},"34":{"start":{"line":81,"column":16},"end":{"line":87,"column":17}},"35":{"start":{"line":82,"column":20},"end":{"line":82,"column":65}},"36":{"start":{"line":86,"column":20},"end":{"line":86,"column":109}},"37":{"start":{"line":93,"column":12},"end":{"line":93,"column":108}},"38":{"start":{"line":96,"column":12},"end":{"line":96,"column":30}},"39":{"start":{"line":97,"column":12},"end":{"line":97,"column":56}}},"fnMap":{"0":{"name":"(anonymous_0)","decl":{"start":{"line":7,"column":15},"end":{"line":7,"column":16}},"loc":{"start":{"line":7,"column":49},"end":{"line":18,"column":5}},"line":7},"1":{"name":"(anonymous_1)","decl":{"start":{"line":19,"column":19},"end":{"line":19,"column":20}},"loc":{"start":{"line":19,"column":53},"end":{"line":45,"column":5}},"line":19},"2":{"name":"(anonymous_2)","decl":{"start":{"line":46,"column":16},"end":{"line":46,"column":17}},"loc":{"start":{"line":46,"column":50},"end":{"line":58,"column":5}},"line":46},"3":{"name":"(anonymous_3)","decl":{"start":{"line":59,"column":15},"end":{"line":59,"column":16}},"loc":{"start":{"line":59,"column":49},"end":{"line":73,"column":5}},"line":59},"4":{"name":"(anonymous_4)","decl":{"start":{"line":74,"column":18},"end":{"line":74,"column":19}},"loc":{"start":{"line":74,"column":52},"end":{"line":101,"column":5}},"line":74}},"branchMap":{"0":{"loc":{"start":{"line":29,"column":12},"end":{"line":35,"column":13}},"type":"if","locations":[{"start":{"line":29,"column":12},"end":{"line":35,"column":13}},{"start":{"line":29,"column":12},"end":{"line":35,"column":13}}],"line":29},"1":{"loc":{"start":{"line":78,"column":12},"end":{"line":93,"column":109}},"type":"if","locations":[{"start":{"line":78,"column":12},"end":{"line":93,"column":109}},{"start":{"line":78,"column":12},"end":{"line":93,"column":109}}],"line":78},"2":{"loc":{"start":{"line":81,"column":16},"end":{"line":87,"column":17}},"type":"if","locations":[{"start":{"line":81,"column":16},"end":{"line":87,"column":17}},{"start":{"line":81,"column":16},"end":{"line":87,"column":17}}],"line":81}},"s":{"0":0,"1":0,"2":0,"3":0,"4":0,"5":0,"6":0,"7":0,"8":0,"9":0,"10":0,"11":0,"12":0,"13":0,"14":0,"15":0,"16":0,"17":0,"18":0,"19":0,"20":0,"21":0,"22":0,"23":0,"24":0,"25":0,"26":0,"27":0,"28":0,"29":0,"30":0,"31":0,"32":0,"33":0,"34":0,"35":0,"36":0,"37":0,"38":0,"39":0},"f":{"0":0,"1":0,"2":0,"3":0,"4":0},"b":{"0":[0,0],"1":[0,0],"2":[0,0]},"all":true},"/Users/dwikyhutomo/Documents/LibraryExpressJS/libraryapp-api/src/controllers/books.js":{"path":"/Users/dwikyhutomo/Documents/LibraryExpressJS/libraryapp-api/src/controllers/books.js","statementMap":{"0":{"start":{"line":1,"column":20},"end":{"line":1,"column":46}},"1":{"start":{"line":2,"column":15},"end":{"line":2,"column":36}},"2":{"start":{"line":3,"column":21},"end":{"line":3,"column":48}},"3":{"start":{"line":5,"column":0},"end":{"line":349,"column":1}},"4":{"start":{"line":10,"column":8},"end":{"line":130,"column":9}},"5":{"start":{"line":12,"column":12},"end":{"line":14,"column":13}},"6":{"start":{"line":13,"column":16},"end":{"line":13,"column":38}},"7":{"start":{"line":16,"column":12},"end":{"line":18,"column":13}},"8":{"start":{"line":17,"column":16},"end":{"line":17,"column":39}},"9":{"start":{"line":19,"column":12},"end":{"line":21,"column":13}},"10":{"start":{"line":20,"column":16},"end":{"line":20,"column":45}},"11":{"start":{"line":23,"column":12},"end":{"line":25,"column":13}},"12":{"start":{"line":24,"column":16},"end":{"line":24,"column":43}},"13":{"start":{"line":27,"column":12},"end":{"line":29,"column":13}},"14":{"start":{"line":28,"column":16},"end":{"line":28,"column":40}},"15":{"start":{"line":31,"column":12},"end":{"line":37,"column":13}},"16":{"start":{"line":32,"column":16},"end":{"line":32,"column":43}},"17":{"start":{"line":36,"column":16},"end":{"line":36,"column":26}},"18":{"start":{"line":40,"column":12},"end":{"line":43,"column":13}},"19":{"start":{"line":41,"column":12},"end":{"line":41,"column":51}},"20":{"start":{"line":44,"column":12},"end":{"line":44,"column":33}},"21":{"start":{"line":45,"column":12},"end":{"line":50,"column":13}},"22":{"start":{"line":47,"column":16},"end":{"line":47,"column":66}},"23":{"start":{"line":48,"column":16},"end":{"line":48,"column":49}},"24":{"start":{"line":52,"column":12},"end":{"line":57,"column":13}},"25":{"start":{"line":53,"column":16},"end":{"line":53,"column":53}},"26":{"start":{"line":56,"column":16},"end":{"line":56,"column":25}},"27":{"start":{"line":59,"column":12},"end":{"line":64,"column":13}},"28":{"start":{"line":60,"column":16},"end":{"line":60,"column":30}},"29":{"start":{"line":63,"column":16},"end":{"line":63,"column":76}},"30":{"start":{"line":72,"column":12},"end":{"line":77,"column":13}},"31":{"start":{"line":73,"column":16},"end":{"line":73,"column":51}},"32":{"start":{"line":76,"column":16},"end":{"line":76,"column":24}},"33":{"start":{"line":78,"column":12},"end":{"line":80,"column":13}},"34":{"start":{"line":79,"column":16},"end":{"line":79,"column":93}},"35":{"start":{"line":81,"column":12},"end":{"line":83,"column":13}},"36":{"start":{"line":82,"column":16},"end":{"line":82,"column":33}},"37":{"start":{"line":87,"column":12},"end":{"line":92,"column":13}},"38":{"start":{"line":88,"column":16},"end":{"line":88,"column":45}},"39":{"start":{"line":91,"column":16},"end":{"line":91,"column":29}},"40":{"start":{"line":94,"column":12},"end":{"line":100,"column":13}},"41":{"start":{"line":95,"column":16},"end":{"line":95,"column":44}},"42":{"start":{"line":99,"column":16},"end":{"line":99,"column":28}},"43":{"start":{"line":102,"column":31},"end":{"line":102,"column":49}},"44":{"start":{"line":103,"column":30},"end":{"line":103,"column":69}},"45":{"start":{"line":104,"column":31},"end":{"line":115,"column":13}},"46":{"start":{"line":116,"column":10},"end":{"line":122,"column":11}},"47":{"start":{"line":117,"column":27},"end":{"line":117,"column":96}},"48":{"start":{"line":118,"column":12},"end":{"line":118,"column":69}},"49":{"start":{"line":126,"column":12},"end":{"line":126,"column":30}},"50":{"start":{"line":128,"column":12},"end":{"line":128,"column":56}},"51":{"start":{"line":136,"column":8},"end":{"line":155,"column":9}},"52":{"start":{"line":138,"column":23},"end":{"line":138,"column":40}},"53":{"start":{"line":140,"column":27},"end":{"line":140,"column":60}},"54":{"start":{"line":141,"column":12},"end":{"line":148,"column":13}},"55":{"start":{"line":142,"column":16},"end":{"line":142,"column":93}},"56":{"start":{"line":146,"column":16},"end":{"line":146,"column":84}},"57":{"start":{"line":151,"column":12},"end":{"line":151,"column":30}},"58":{"start":{"line":153,"column":12},"end":{"line":153,"column":56}},"59":{"start":{"line":162,"column":8},"end":{"line":177,"column":9}},"60":{"start":{"line":166,"column":23},"end":{"line":166,"column":40}},"61":{"start":{"line":168,"column":27},"end":{"line":168,"column":62}},"62":{"start":{"line":170,"column":12},"end":{"line":170,"column":57}},"63":{"start":{"line":173,"column":12},"end":{"line":173,"column":30}},"64":{"start":{"line":175,"column":12},"end":{"line":175,"column":56}},"65":{"start":{"line":184,"column":8},"end":{"line":195,"column":9}},"66":{"start":{"line":185,"column":28},"end":{"line":185,"column":40}},"67":{"start":{"line":186,"column":12},"end":{"line":186,"column":49}},"68":{"start":{"line":187,"column":27},"end":{"line":187,"column":62}},"69":{"start":{"line":188,"column":25},"end":{"line":188,"column":65}},"70":{"start":{"line":189,"column":12},"end":{"line":189,"column":64}},"71":{"start":{"line":192,"column":12},"end":{"line":192,"column":30}},"72":{"start":{"line":193,"column":12},"end":{"line":193,"column":74}},"73":{"start":{"line":201,"column":8},"end":{"line":231,"column":9}},"74":{"start":{"line":202,"column":23},"end":{"line":202,"column":40}},"75":{"start":{"line":204,"column":25},"end":{"line":204,"column":64}},"76":{"start":{"line":205,"column":28},"end":{"line":205,"column":40}},"77":{"start":{"line":206,"column":12},"end":{"line":219,"column":13}},"78":{"start":{"line":207,"column":16},"end":{"line":218,"column":17}},"79":{"start":{"line":208,"column":20},"end":{"line":208,"column":51}},"80":{"start":{"line":211,"column":20},"end":{"line":211,"column":57}},"81":{"start":{"line":212,"column":20},"end":{"line":217,"column":25}},"82":{"start":{"line":213,"column":24},"end":{"line":213,"column":72}},"83":{"start":{"line":216,"column":28},"end":{"line":216,"column":61}},"84":{"start":{"line":223,"column":27},"end":{"line":223,"column":65}},"85":{"start":{"line":224,"column":25},"end":{"line":224,"column":58}},"86":{"start":{"line":225,"column":12},"end":{"line":225,"column":64}},"87":{"start":{"line":228,"column":12},"end":{"line":228,"column":30}},"88":{"start":{"line":229,"column":12},"end":{"line":229,"column":56}},"89":{"start":{"line":235,"column":8},"end":{"line":267,"column":9}},"90":{"start":{"line":236,"column":23},"end":{"line":236,"column":40}},"91":{"start":{"line":237,"column":25},"end":{"line":237,"column":64}},"92":{"start":{"line":238,"column":13},"end":{"line":238,"column":48}},"93":{"start":{"line":239,"column":12},"end":{"line":239,"column":35}},"94":{"start":{"line":240,"column":12},"end":{"line":240,"column":55}},"95":{"start":{"line":242,"column":12},"end":{"line":262,"column":13}},"96":{"start":{"line":245,"column":31},"end":{"line":245,"column":63}},"97":{"start":{"line":246,"column":16},"end":{"line":246,"column":61}},"98":{"start":{"line":251,"column":16},"end":{"line":251,"column":42}},"99":{"start":{"line":252,"column":16},"end":{"line":257,"column":17}},"100":{"start":{"line":253,"column":16},"end":{"line":253,"column":64}},"101":{"start":{"line":256,"column":20},"end":{"line":256,"column":53}},"102":{"start":{"line":259,"column":31},"end":{"line":259,"column":63}},"103":{"start":{"line":261,"column":16},"end":{"line":261,"column":61}},"104":{"start":{"line":264,"column":12},"end":{"line":264,"column":30}},"105":{"start":{"line":265,"column":12},"end":{"line":265,"column":56}},"106":{"start":{"line":272,"column":8},"end":{"line":281,"column":9}},"107":{"start":{"line":273,"column":25},"end":{"line":273,"column":44}},"108":{"start":{"line":275,"column":27},"end":{"line":275,"column":64}},"109":{"start":{"line":276,"column":12},"end":{"line":276,"column":57}},"110":{"start":{"line":279,"column":12},"end":{"line":279,"column":56}},"111":{"start":{"line":288,"column":8},"end":{"line":311,"column":9}},"112":{"start":{"line":290,"column":29},"end":{"line":290,"column":57}},"113":{"start":{"line":291,"column":29},"end":{"line":291,"column":70}},"114":{"start":{"line":292,"column":26},"end":{"line":292,"column":55}},"115":{"start":{"line":293,"column":12},"end":{"line":295,"column":13}},"116":{"start":{"line":294,"column":16},"end":{"line":294,"column":93}},"117":{"start":{"line":296,"column":12},"end":{"line":298,"column":13}},"118":{"start":{"line":297,"column":16},"end":{"line":297,"column":47}},"119":{"start":{"line":299,"column":25},"end":{"line":299,"column":53}},"120":{"start":{"line":300,"column":31},"end":{"line":300,"column":49}},"121":{"start":{"line":302,"column":25},"end":{"line":302,"column":46}},"122":{"start":{"line":303,"column":27},"end":{"line":303,"column":47}},"123":{"start":{"line":304,"column":27},"end":{"line":304,"column":89}},"124":{"start":{"line":305,"column":12},"end":{"line":305,"column":57}},"125":{"start":{"line":308,"column":12},"end":{"line":308,"column":30}},"126":{"start":{"line":309,"column":12},"end":{"line":309,"column":56}},"127":{"start":{"line":316,"column":8},"end":{"line":347,"column":9}},"128":{"start":{"line":317,"column":29},"end":{"line":317,"column":57}},"129":{"start":{"line":318,"column":29},"end":{"line":318,"column":70}},"130":{"start":{"line":319,"column":26},"end":{"line":319,"column":55}},"131":{"start":{"line":320,"column":12},"end":{"line":323,"column":13}},"132":{"start":{"line":321,"column":16},"end":{"line":321,"column":93}},"133":{"start":{"line":324,"column":12},"end":{"line":326,"column":13}},"134":{"start":{"line":325,"column":16},"end":{"line":325,"column":47}},"135":{"start":{"line":327,"column":25},"end":{"line":327,"column":53}},"136":{"start":{"line":328,"column":31},"end":{"line":335,"column":13}},"137":{"start":{"line":337,"column":31},"end":{"line":337,"column":49}},"138":{"start":{"line":340,"column":27},"end":{"line":340,"column":82}},"139":{"start":{"line":342,"column":12},"end":{"line":342,"column":69}},"140":{"start":{"line":345,"column":12},"end":{"line":345,"column":56}}},"fnMap":{"0":{"name":"(anonymous_0)","decl":{"start":{"line":7,"column":14},"end":{"line":7,"column":15}},"loc":{"start":{"line":7,"column":49},"end":{"line":132,"column":5}},"line":7},"1":{"name":"(anonymous_1)","decl":{"start":{"line":133,"column":17},"end":{"line":133,"column":18}},"loc":{"start":{"line":133,"column":52},"end":{"line":157,"column":5}},"line":133},"2":{"name":"(anonymous_2)","decl":{"start":{"line":159,"column":19},"end":{"line":159,"column":20}},"loc":{"start":{"line":159,"column":54},"end":{"line":179,"column":5}},"line":159},"3":{"name":"(anonymous_3)","decl":{"start":{"line":182,"column":14},"end":{"line":182,"column":15}},"loc":{"start":{"line":182,"column":49},"end":{"line":197,"column":5}},"line":182},"4":{"name":"(anonymous_4)","decl":{"start":{"line":198,"column":13},"end":{"line":198,"column":14}},"loc":{"start":{"line":198,"column":48},"end":{"line":233,"column":5}},"line":198},"5":{"name":"(anonymous_5)","decl":{"start":{"line":234,"column":16},"end":{"line":234,"column":17}},"loc":{"start":{"line":234,"column":51},"end":{"line":269,"column":5}},"line":234},"6":{"name":"(anonymous_6)","decl":{"start":{"line":271,"column":19},"end":{"line":271,"column":20}},"loc":{"start":{"line":271,"column":54},"end":{"line":283,"column":5}},"line":271},"7":{"name":"(anonymous_7)","decl":{"start":{"line":284,"column":17},"end":{"line":284,"column":18}},"loc":{"start":{"line":284,"column":52},"end":{"line":313,"column":5}},"line":284},"8":{"name":"(anonymous_8)","decl":{"start":{"line":315,"column":24},"end":{"line":315,"column":25}},"loc":{"start":{"line":315,"column":65},"end":{"line":348,"column":5}},"line":315}},"branchMap":{"0":{"loc":{"start":{"line":12,"column":12},"end":{"line":14,"column":13}},"type":"if","locations":[{"start":{"line":12,"column":12},"end":{"line":14,"column":13}},{"start":{"line":12,"column":12},"end":{"line":14,"column":13}}],"line":12},"1":{"loc":{"start":{"line":16,"column":12},"end":{"line":18,"column":13}},"type":"if","locations":[{"start":{"line":16,"column":12},"end":{"line":18,"column":13}},{"start":{"line":16,"column":12},"end":{"line":18,"column":13}}],"line":16},"2":{"loc":{"start":{"line":19,"column":12},"end":{"line":21,"column":13}},"type":"if","locations":[{"start":{"line":19,"column":12},"end":{"line":21,"column":13}},{"start":{"line":19,"column":12},"end":{"line":21,"column":13}}],"line":19},"3":{"loc":{"start":{"line":23,"column":12},"end":{"line":25,"column":13}},"type":"if","locations":[{"start":{"line":23,"column":12},"end":{"line":25,"column":13}},{"start":{"line":23,"column":12},"end":{"line":25,"column":13}}],"line":23},"4":{"loc":{"start":{"line":27,"column":12},"end":{"line":29,"column":13}},"type":"if","locations":[{"start":{"line":27,"column":12},"end":{"line":29,"column":13}},{"start":{"line":27,"column":12},"end":{"line":29,"column":13}}],"line":27},"5":{"loc":{"start":{"line":31,"column":12},"end":{"line":37,"column":13}},"type":"if","locations":[{"start":{"line":31,"column":12},"end":{"line":37,"column":13}},{"start":{"line":31,"column":12},"end":{"line":37,"column":13}}],"line":31},"6":{"loc":{"start":{"line":40,"column":12},"end":{"line":43,"column":13}},"type":"if","locations":[{"start":{"line":40,"column":12},"end":{"line":43,"column":13}},{"start":{"line":40,"column":12},"end":{"line":43,"column":13}}],"line":40},"7":{"loc":{"start":{"line":45,"column":12},"end":{"line":50,"column":13}},"type":"if","locations":[{"start":{"line":45,"column":12},"end":{"line":50,"column":13}},{"start":{"line":45,"column":12},"end":{"line":50,"column":13}}],"line":45},"8":{"loc":{"start":{"line":52,"column":12},"end":{"line":57,"column":13}},"type":"if","locations":[{"start":{"line":52,"column":12},"end":{"line":57,"column":13}},{"start":{"line":52,"column":12},"end":{"line":57,"column":13}}],"line":52},"9":{"loc":{"start":{"line":59,"column":12},"end":{"line":64,"column":13}},"type":"if","locations":[{"start":{"line":59,"column":12},"end":{"line":64,"column":13}},{"start":{"line":59,"column":12},"end":{"line":64,"column":13}}],"line":59},"10":{"loc":{"start":{"line":72,"column":12},"end":{"line":77,"column":13}},"type":"if","locations":[{"start":{"line":72,"column":12},"end":{"line":77,"column":13}},{"start":{"line":72,"column":12},"end":{"line":77,"column":13}}],"line":72},"11":{"loc":{"start":{"line":78,"column":12},"end":{"line":80,"column":13}},"type":"if","locations":[{"start":{"line":78,"column":12},"end":{"line":80,"column":13}},{"start":{"line":78,"column":12},"end":{"line":80,"column":13}}],"line":78},"12":{"loc":{"start":{"line":78,"column":16},"end":{"line":78,"column":39}},"type":"binary-expr","locations":[{"start":{"line":78,"column":16},"end":{"line":78,"column":25}},{"start":{"line":78,"column":29},"end":{"line":78,"column":39}}],"line":78},"13":{"loc":{"start":{"line":81,"column":12},"end":{"line":83,"column":13}},"type":"if","locations":[{"start":{"line":81,"column":12},"end":{"line":83,"column":13}},{"start":{"line":81,"column":12},"end":{"line":83,"column":13}}],"line":81},"14":{"loc":{"start":{"line":87,"column":12},"end":{"line":92,"column":13}},"type":"if","locations":[{"start":{"line":87,"column":12},"end":{"line":92,"column":13}},{"start":{"line":87,"column":12},"end":{"line":92,"column":13}}],"line":87},"15":{"loc":{"start":{"line":94,"column":12},"end":{"line":100,"column":13}},"type":"if","locations":[{"start":{"line":94,"column":12},"end":{"line":100,"column":13}},{"start":{"line":94,"column":12},"end":{"line":100,"column":13}}],"line":94},"16":{"loc":{"start":{"line":141,"column":12},"end":{"line":148,"column":13}},"type":"if","locations":[{"start":{"line":141,"column":12},"end":{"line":148,"column":13}},{"start":{"line":141,"column":12},"end":{"line":148,"column":13}}],"line":141},"17":{"loc":{"start":{"line":206,"column":12},"end":{"line":219,"column":13}},"type":"if","locations":[{"start":{"line":206,"column":12},"end":{"line":219,"column":13}},{"start":{"line":206,"column":12},"end":{"line":219,"column":13}}],"line":206},"18":{"loc":{"start":{"line":207,"column":16},"end":{"line":218,"column":17}},"type":"if","locations":[{"start":{"line":207,"column":16},"end":{"line":218,"column":17}},{"start":{"line":207,"column":16},"end":{"line":218,"column":17}}],"line":207},"19":{"loc":{"start":{"line":242,"column":12},"end":{"line":262,"column":13}},"type":"if","locations":[{"start":{"line":242,"column":12},"end":{"line":262,"column":13}},{"start":{"line":242,"column":12},"end":{"line":262,"column":13}}],"line":242},"20":{"loc":{"start":{"line":293,"column":12},"end":{"line":295,"column":13}},"type":"if","locations":[{"start":{"line":293,"column":12},"end":{"line":295,"column":13}},{"start":{"line":293,"column":12},"end":{"line":295,"column":13}}],"line":293},"21":{"loc":{"start":{"line":293,"column":16},"end":{"line":293,"column":53}},"type":"binary-expr","locations":[{"start":{"line":293,"column":16},"end":{"line":293,"column":39}},{"start":{"line":293,"column":43},"end":{"line":293,"column":53}}],"line":293},"22":{"loc":{"start":{"line":296,"column":12},"end":{"line":298,"column":13}},"type":"if","locations":[{"start":{"line":296,"column":12},"end":{"line":298,"column":13}},{"start":{"line":296,"column":12},"end":{"line":298,"column":13}}],"line":296},"23":{"loc":{"start":{"line":320,"column":12},"end":{"line":323,"column":13}},"type":"if","locations":[{"start":{"line":320,"column":12},"end":{"line":323,"column":13}},{"start":{"line":320,"column":12},"end":{"line":323,"column":13}}],"line":320},"24":{"loc":{"start":{"line":320,"column":16},"end":{"line":320,"column":67}},"type":"binary-expr","locations":[{"start":{"line":320,"column":16},"end":{"line":320,"column":39}},{"start":{"line":320,"column":43},"end":{"line":320,"column":67}}],"line":320},"25":{"loc":{"start":{"line":324,"column":12},"end":{"line":326,"column":13}},"type":"if","locations":[{"start":{"line":324,"column":12},"end":{"line":326,"column":13}},{"start":{"line":324,"column":12},"end":{"line":326,"column":13}}],"line":324}},"s":{"0":0,"1":0,"2":0,"3":0,"4":0,"5":0,"6":0,"7":0,"8":0,"9":0,"10":0,"11":0,"12":0,"13":0,"14":0,"15":0,"16":0,"17":0,"18":0,"19":0,"20":0,"21":0,"22":0,"23":0,"24":0,"25":0,"26":0,"27":0,"28":0,"29":0,"30":0,"31":0,"32":0,"33":0,"34":0,"35":0,"36":0,"37":0,"38":0,"39":0,"40":0,"41":0,"42":0,"43":0,"44":0,"45":0,"46":0,"47":0,"48":0,"49":0,"50":0,"51":0,"52":0,"53":0,"54":0,"55":0,"56":0,"57":0,"58":0,"59":0,"60":0,"61":0,"62":0,"63":0,"64":0,"65":0,"66":0,"67":0,"68":0,"69":0,"70":0,"71":0,"72":0,"73":0,"74":0,"75":0,"76":0,"77":0,"78":0,"79":0,"80":0,"81":0,"82":0,"83":0,"84":0,"85":0,"86":0,"87":0,"88":0,"89":0,"90":0,"91":0,"92":0,"93":0,"94":0,"95":0,"96":0,"97":0,"98":0,"99":0,"100":0,"101":0,"102":0,"103":0,"104":0,"105":0,"106":0,"107":0,"108":0,"109":0,"110":0,"111":0,"112":0,"113":0,"114":0,"115":0,"116":0,"117":0,"118":0,"119":0,"120":0,"121":0,"122":0,"123":0,"124":0,"125":0,"126":0,"127":0,"128":0,"129":0,"130":0,"131":0,"132":0,"133":0,"134":0,"135":0,"136":0,"137":0,"138":0,"139":0,"140":0},"f":{"0":0,"1":0,"2":0,"3":0,"4":0,"5":0,"6":0,"7":0,"8":0},"b":{"0":[0,0],"1":[0,0],"2":[0,0],"3":[0,0],"4":[0,0],"5":[0,0],"6":[0,0],"7":[0,0],"8":[0,0],"9":[0,0],"10":[0,0],"11":[0,0],"12":[0,0],"13":[0,0],"14":[0,0],"15":[0,0],"16":[0,0],"17":[0,0],"18":[0,0],"19":[0,0],"20":[0,0],"21":[0,0],"22":[0,0],"23":[0,0],"24":[0,0],"25":[0,0]},"all":true},"/Users/dwikyhutomo/Documents/LibraryExpressJS/libraryapp-api/src/controllers/borrow.js":{"path":"/Users/dwikyhutomo/Documents/LibraryExpressJS/libraryapp-api/src/controllers/borrow.js","statementMap":{"0":{"start":{"line":1,"column":21},"end":{"line":1,"column":48}},"1":{"start":{"line":2,"column":15},"end":{"line":2,"column":36}},"2":{"start":{"line":3,"column":16},"end":{"line":3,"column":34}},"3":{"start":{"line":4,"column":12},"end":{"line":4,"column":35}},"4":{"start":{"line":5,"column":19},"end":{"line":5,"column":45}},"5":{"start":{"line":7,"column":0},"end":{"line":137,"column":1}},"6":{"start":{"line":9,"column":8},"end":{"line":18,"column":9}},"7":{"start":{"line":10,"column":27},"end":{"line":10,"column":57}},"8":{"start":{"line":11,"column":12},"end":{"line":11,"column":57}},"9":{"start":{"line":14,"column":12},"end":{"line":14,"column":30}},"10":{"start":{"line":16,"column":12},"end":{"line":16,"column":56}},"11":{"start":{"line":22,"column":8},"end":{"line":42,"column":9}},"12":{"start":{"line":23,"column":26},"end":{"line":23,"column":27}},"13":{"start":{"line":24,"column":12},"end":{"line":31,"column":10}},"14":{"start":{"line":25,"column":16},"end":{"line":25,"column":56}},"15":{"start":{"line":29,"column":12},"end":{"line":29,"column":45}},"16":{"start":{"line":33,"column":12},"end":{"line":33,"column":32}},"17":{"start":{"line":34,"column":27},"end":{"line":34,"column":68}},"18":{"start":{"line":35,"column":12},"end":{"line":35,"column":57}},"19":{"start":{"line":38,"column":12},"end":{"line":38,"column":30}},"20":{"start":{"line":40,"column":12},"end":{"line":40,"column":56}},"21":{"start":{"line":46,"column":22},"end":{"line":46,"column":23}},"22":{"start":{"line":49,"column":8},"end":{"line":90,"column":9}},"23":{"start":{"line":50,"column":12},"end":{"line":57,"column":10}},"24":{"start":{"line":51,"column":16},"end":{"line":51,"column":56}},"25":{"start":{"line":55,"column":12},"end":{"line":55,"column":45}},"26":{"start":{"line":58,"column":9},"end":{"line":58,"column":51}},"27":{"start":{"line":60,"column":28},"end":{"line":60,"column":45}},"28":{"start":{"line":61,"column":26},"end":{"line":61,"column":63}},"29":{"start":{"line":62,"column":12},"end":{"line":66,"column":13}},"30":{"start":{"line":63,"column":16},"end":{"line":63,"column":89}},"31":{"start":{"line":67,"column":12},"end":{"line":67,"column":57}},"32":{"start":{"line":68,"column":27},"end":{"line":68,"column":73}},"33":{"start":{"line":69,"column":25},"end":{"line":69,"column":72}},"34":{"start":{"line":71,"column":12},"end":{"line":71,"column":52}},"35":{"start":{"line":72,"column":12},"end":{"line":72,"column":120}},"36":{"start":{"line":86,"column":12},"end":{"line":86,"column":43}},"37":{"start":{"line":87,"column":12},"end":{"line":87,"column":30}},"38":{"start":{"line":88,"column":12},"end":{"line":88,"column":112}},"39":{"start":{"line":95,"column":8},"end":{"line":105,"column":9}},"40":{"start":{"line":96,"column":28},"end":{"line":96,"column":40}},"41":{"start":{"line":97,"column":23},"end":{"line":97,"column":40}},"42":{"start":{"line":98,"column":27},"end":{"line":98,"column":68}},"43":{"start":{"line":99,"column":12},"end":{"line":99,"column":57}},"44":{"start":{"line":102,"column":12},"end":{"line":102,"column":30}},"45":{"start":{"line":103,"column":12},"end":{"line":103,"column":56}},"46":{"start":{"line":109,"column":8},"end":{"line":131,"column":9}},"47":{"start":{"line":110,"column":27},"end":{"line":110,"column":44}},"48":{"start":{"line":111,"column":26},"end":{"line":111,"column":45}},"49":{"start":{"line":112,"column":25},"end":{"line":112,"column":44}},"50":{"start":{"line":113,"column":12},"end":{"line":118,"column":13}},"51":{"start":{"line":114,"column":33},"end":{"line":114,"column":74}},"52":{"start":{"line":115,"column":16},"end":{"line":115,"column":44}},"53":{"start":{"line":117,"column":16},"end":{"line":117,"column":82}},"54":{"start":{"line":122,"column":27},"end":{"line":122,"column":70}},"55":{"start":{"line":123,"column":12},"end":{"line":123,"column":61}},"56":{"start":{"line":124,"column":23},"end":{"line":124,"column":70}},"57":{"start":{"line":125,"column":12},"end":{"line":125,"column":54}},"58":{"start":{"line":128,"column":12},"end":{"line":128,"column":30}},"59":{"start":{"line":129,"column":12},"end":{"line":129,"column":56}}},"fnMap":{"0":{"name":"(anonymous_0)","decl":{"start":{"line":8,"column":15},"end":{"line":8,"column":16}},"loc":{"start":{"line":8,"column":49},"end":{"line":20,"column":5}},"line":8},"1":{"name":"(anonymous_1)","decl":{"start":{"line":21,"column":19},"end":{"line":21,"column":20}},"loc":{"start":{"line":21,"column":53},"end":{"line":44,"column":5}},"line":21},"2":{"name":"(anonymous_2)","decl":{"start":{"line":45,"column":15},"end":{"line":45,"column":16}},"loc":{"start":{"line":45,"column":49},"end":{"line":92,"column":5}},"line":45},"3":{"name":"(anonymous_3)","decl":{"start":{"line":93,"column":15},"end":{"line":93,"column":16}},"loc":{"start":{"line":93,"column":49},"end":{"line":107,"column":5}},"line":93},"4":{"name":"(anonymous_4)","decl":{"start":{"line":108,"column":16},"end":{"line":108,"column":17}},"loc":{"start":{"line":108,"column":50},"end":{"line":133,"column":5}},"line":108}},"branchMap":{"0":{"loc":{"start":{"line":24,"column":12},"end":{"line":31,"column":10}},"type":"if","locations":[{"start":{"line":24,"column":12},"end":{"line":31,"column":10}},{"start":{"line":24,"column":12},"end":{"line":31,"column":10}}],"line":24},"1":{"loc":{"start":{"line":50,"column":12},"end":{"line":57,"column":10}},"type":"if","locations":[{"start":{"line":50,"column":12},"end":{"line":57,"column":10}},{"start":{"line":50,"column":12},"end":{"line":57,"column":10}}],"line":50},"2":{"loc":{"start":{"line":62,"column":12},"end":{"line":66,"column":13}},"type":"if","locations":[{"start":{"line":62,"column":12},"end":{"line":66,"column":13}},{"start":{"line":62,"column":12},"end":{"line":66,"column":13}}],"line":62}},"s":{"0":0,"1":0,"2":0,"3":0,"4":0,"5":0,"6":0,"7":0,"8":0,"9":0,"10":0,"11":0,"12":0,"13":0,"14":0,"15":0,"16":0,"17":0,"18":0,"19":0,"20":0,"21":0,"22":0,"23":0,"24":0,"25":0,"26":0,"27":0,"28":0,"29":0,"30":0,"31":0,"32":0,"33":0,"34":0,"35":0,"36":0,"37":0,"38":0,"39":0,"40":0,"41":0,"42":0,"43":0,"44":0,"45":0,"46":0,"47":0,"48":0,"49":0,"50":0,"51":0,"52":0,"53":0,"54":0,"55":0,"56":0,"57":0,"58":0,"59":0},"f":{"0":0,"1":0,"2":0,"3":0,"4":0},"b":{"0":[0,0],"1":[0,0],"2":[0,0]},"all":true},"/Users/dwikyhutomo/Documents/LibraryExpressJS/libraryapp-api/src/controllers/genre.js":{"path":"/Users/dwikyhutomo/Documents/LibraryExpressJS/libraryapp-api/src/controllers/genre.js","statementMap":{"0":{"start":{"line":1,"column":19},"end":{"line":1,"column":44}},"1":{"start":{"line":2,"column":19},"end":{"line":2,"column":45}},"2":{"start":{"line":3,"column":15},"end":{"line":3,"column":36}},"3":{"start":{"line":4,"column":16},"end":{"line":4,"column":34}},"4":{"start":{"line":6,"column":0},"end":{"line":100,"column":1}},"5":{"start":{"line":8,"column":8},"end":{"line":15,"column":9}},"6":{"start":{"line":9,"column":27},"end":{"line":9,"column":60}},"7":{"start":{"line":10,"column":12},"end":{"line":10,"column":57}},"8":{"start":{"line":13,"column":12},"end":{"line":13,"column":56}},"9":{"start":{"line":21,"column":8},"end":{"line":38,"column":9}},"10":{"start":{"line":22,"column":23},"end":{"line":22,"column":40}},"11":{"start":{"line":24,"column":27},"end":{"line":24,"column":67}},"12":{"start":{"line":26,"column":12},"end":{"line":32,"column":13}},"13":{"start":{"line":27,"column":16},"end":{"line":27,"column":61}},"14":{"start":{"line":31,"column":16},"end":{"line":31,"column":85}},"15":{"start":{"line":34,"column":12},"end":{"line":34,"column":30}},"16":{"start":{"line":36,"column":12},"end":{"line":36,"column":56}},"17":{"start":{"line":42,"column":8},"end":{"line":52,"column":9}},"18":{"start":{"line":43,"column":28},"end":{"line":43,"column":40}},"19":{"start":{"line":45,"column":27},"end":{"line":45,"column":70}},"20":{"start":{"line":46,"column":12},"end":{"line":46,"column":57}},"21":{"start":{"line":50,"column":12},"end":{"line":50,"column":56}},"22":{"start":{"line":57,"column":8},"end":{"line":67,"column":9}},"23":{"start":{"line":58,"column":28},"end":{"line":58,"column":40}},"24":{"start":{"line":59,"column":23},"end":{"line":59,"column":40}},"25":{"start":{"line":60,"column":27},"end":{"line":60,"column":73}},"26":{"start":{"line":61,"column":12},"end":{"line":61,"column":57}},"27":{"start":{"line":64,"column":12},"end":{"line":64,"column":30}},"28":{"start":{"line":65,"column":12},"end":{"line":65,"column":56}},"29":{"start":{"line":71,"column":8},"end":{"line":94,"column":9}},"30":{"start":{"line":72,"column":23},"end":{"line":72,"column":40}},"31":{"start":{"line":74,"column":25},"end":{"line":74,"column":60}},"32":{"start":{"line":75,"column":12},"end":{"line":89,"column":110}},"33":{"start":{"line":77,"column":31},"end":{"line":77,"column":71}},"34":{"start":{"line":78,"column":16},"end":{"line":84,"column":17}},"35":{"start":{"line":79,"column":20},"end":{"line":79,"column":65}},"36":{"start":{"line":83,"column":20},"end":{"line":83,"column":108}},"37":{"start":{"line":89,"column":12},"end":{"line":89,"column":109}},"38":{"start":{"line":92,"column":12},"end":{"line":92,"column":56}}},"fnMap":{"0":{"name":"(anonymous_0)","decl":{"start":{"line":7,"column":14},"end":{"line":7,"column":15}},"loc":{"start":{"line":7,"column":48},"end":{"line":17,"column":5}},"line":7},"1":{"name":"(anonymous_1)","decl":{"start":{"line":18,"column":18},"end":{"line":18,"column":19}},"loc":{"start":{"line":18,"column":52},"end":{"line":40,"column":5}},"line":18},"2":{"name":"(anonymous_2)","decl":{"start":{"line":41,"column":15},"end":{"line":41,"column":16}},"loc":{"start":{"line":41,"column":49},"end":{"line":54,"column":5}},"line":41},"3":{"name":"(anonymous_3)","decl":{"start":{"line":55,"column":14},"end":{"line":55,"column":15}},"loc":{"start":{"line":55,"column":48},"end":{"line":69,"column":5}},"line":55},"4":{"name":"(anonymous_4)","decl":{"start":{"line":70,"column":17},"end":{"line":70,"column":18}},"loc":{"start":{"line":70,"column":51},"end":{"line":96,"column":5}},"line":70}},"branchMap":{"0":{"loc":{"start":{"line":26,"column":12},"end":{"line":32,"column":13}},"type":"if","locations":[{"start":{"line":26,"column":12},"end":{"line":32,"column":13}},{"start":{"line":26,"column":12},"end":{"line":32,"column":13}}],"line":26},"1":{"loc":{"start":{"line":75,"column":12},"end":{"line":89,"column":110}},"type":"if","locations":[{"start":{"line":75,"column":12},"end":{"line":89,"column":110}},{"start":{"line":75,"column":12},"end":{"line":89,"column":110}}],"line":75},"2":{"loc":{"start":{"line":78,"column":16},"end":{"line":84,"column":17}},"type":"if","locations":[{"start":{"line":78,"column":16},"end":{"line":84,"column":17}},{"start":{"line":78,"column":16},"end":{"line":84,"column":17}}],"line":78}},"s":{"0":0,"1":0,"2":0,"3":0,"4":0,"5":0,"6":0,"7":0,"8":0,"9":0,"10":0,"11":0,"12":0,"13":0,"14":0,"15":0,"16":0,"17":0,"18":0,"19":0,"20":0,"21":0,"22":0,"23":0,"24":0,"25":0,"26":0,"27":0,"28":0,"29":0,"30":0,"31":0,"32":0,"33":0,"34":0,"35":0,"36":0,"37":0,"38":0},"f":{"0":0,"1":0,"2":0,"3":0,"4":0},"b":{"0":[0,0],"1":[0,0],"2":[0,0]},"all":true},"/Users/dwikyhutomo/Documents/LibraryExpressJS/libraryapp-api/src/controllers/role.js":{"path":"/Users/dwikyhutomo/Documents/LibraryExpressJS/libraryapp-api/src/controllers/role.js","statementMap":{"0":{"start":{"line":1,"column":19},"end":{"line":1,"column":44}},"1":{"start":{"line":2,"column":15},"end":{"line":2,"column":36}},"2":{"start":{"line":3,"column":16},"end":{"line":3,"column":34}},"3":{"start":{"line":5,"column":0},"end":{"line":61,"column":1}},"4":{"start":{"line":7,"column":8},"end":{"line":14,"column":9}},"5":{"start":{"line":8,"column":27},"end":{"line":8,"column":59}},"6":{"start":{"line":9,"column":12},"end":{"line":9,"column":57}},"7":{"start":{"line":12,"column":12},"end":{"line":12,"column":56}},"8":{"start":{"line":18,"column":8},"end":{"line":28,"column":9}},"9":{"start":{"line":19,"column":28},"end":{"line":19,"column":40}},"10":{"start":{"line":21,"column":27},"end":{"line":21,"column":69}},"11":{"start":{"line":22,"column":12},"end":{"line":22,"column":57}},"12":{"start":{"line":25,"column":12},"end":{"line":25,"column":30}},"13":{"start":{"line":26,"column":12},"end":{"line":26,"column":56}},"14":{"start":{"line":33,"column":8},"end":{"line":43,"column":9}},"15":{"start":{"line":34,"column":28},"end":{"line":34,"column":40}},"16":{"start":{"line":35,"column":23},"end":{"line":35,"column":40}},"17":{"start":{"line":36,"column":27},"end":{"line":36,"column":72}},"18":{"start":{"line":37,"column":12},"end":{"line":37,"column":57}},"19":{"start":{"line":40,"column":12},"end":{"line":40,"column":30}},"20":{"start":{"line":41,"column":12},"end":{"line":41,"column":56}},"21":{"start":{"line":47,"column":8},"end":{"line":55,"column":9}},"22":{"start":{"line":48,"column":23},"end":{"line":48,"column":40}},"23":{"start":{"line":49,"column":27},"end":{"line":49,"column":66}},"24":{"start":{"line":50,"column":12},"end":{"line":50,"column":57}},"25":{"start":{"line":53,"column":12},"end":{"line":53,"column":56}}},"fnMap":{"0":{"name":"(anonymous_0)","decl":{"start":{"line":6,"column":13},"end":{"line":6,"column":14}},"loc":{"start":{"line":6,"column":47},"end":{"line":16,"column":5}},"line":6},"1":{"name":"(anonymous_1)","decl":{"start":{"line":17,"column":14},"end":{"line":17,"column":15}},"loc":{"start":{"line":17,"column":48},"end":{"line":30,"column":5}},"line":17},"2":{"name":"(anonymous_2)","decl":{"start":{"line":31,"column":13},"end":{"line":31,"column":14}},"loc":{"start":{"line":31,"column":47},"end":{"line":45,"column":5}},"line":31},"3":{"name":"(anonymous_3)","decl":{"start":{"line":46,"column":16},"end":{"line":46,"column":17}},"loc":{"start":{"line":46,"column":50},"end":{"line":57,"column":5}},"line":46}},"branchMap":{},"s":{"0":0,"1":0,"2":0,"3":0,"4":0,"5":0,"6":0,"7":0,"8":0,"9":0,"10":0,"11":0,"12":0,"13":0,"14":0,"15":0,"16":0,"17":0,"18":0,"19":0,"20":0,"21":0,"22":0,"23":0,"24":0,"25":0},"f":{"0":0,"1":0,"2":0,"3":0},"b":{},"all":true},"/Users/dwikyhutomo/Documents/LibraryExpressJS/libraryapp-api/src/helpers/imageUpload.js":{"path":"/Users/dwikyhutomo/Documents/LibraryExpressJS/libraryapp-api/src/helpers/imageUpload.js","statementMap":{"0":{"start":{"line":1,"column":15},"end":{"line":1,"column":32}},"1":{"start":{"line":2,"column":13},"end":{"line":2,"column":28}},"2":{"start":{"line":3,"column":18},"end":{"line":3,"column":20}},"3":{"start":{"line":4,"column":15},"end":{"line":4,"column":36}},"4":{"start":{"line":5,"column":16},"end":{"line":15,"column":2}},"5":{"start":{"line":8,"column":8},"end":{"line":9,"column":16}},"6":{"start":{"line":12,"column":24},"end":{"line":12,"column":55}},"7":{"start":{"line":13,"column":8},"end":{"line":13,"column":67}},"8":{"start":{"line":16,"column":15},"end":{"line":22,"column":2}},"9":{"start":{"line":20,"column":8},"end":{"line":20,"column":32}},"10":{"start":{"line":25,"column":22},"end":{"line":25,"column":40}},"11":{"start":{"line":26,"column":20},"end":{"line":26,"column":81}},"12":{"start":{"line":27,"column":21},"end":{"line":27,"column":50}},"13":{"start":{"line":28,"column":4},"end":{"line":33,"column":5}},"14":{"start":{"line":29,"column":8},"end":{"line":29,"column":29}},"15":{"start":{"line":31,"column":8},"end":{"line":31,"column":25}},"16":{"start":{"line":32,"column":8},"end":{"line":32,"column":45}},"17":{"start":{"line":43,"column":0},"end":{"line":43,"column":40}}},"fnMap":{"0":{"name":"(anonymous_0)","decl":{"start":{"line":7,"column":17},"end":{"line":7,"column":18}},"loc":{"start":{"line":7,"column":41},"end":{"line":10,"column":5}},"line":7},"1":{"name":"(anonymous_1)","decl":{"start":{"line":11,"column":14},"end":{"line":11,"column":15}},"loc":{"start":{"line":11,"column":38},"end":{"line":14,"column":5}},"line":11},"2":{"name":"(anonymous_2)","decl":{"start":{"line":19,"column":16},"end":{"line":19,"column":17}},"loc":{"start":{"line":19,"column":40},"end":{"line":21,"column":5}},"line":19},"3":{"name":"checkFileType","decl":{"start":{"line":24,"column":9},"end":{"line":24,"column":22}},"loc":{"start":{"line":24,"column":33},"end":{"line":41,"column":1}},"line":24}},"branchMap":{"0":{"loc":{"start":{"line":28,"column":4},"end":{"line":33,"column":5}},"type":"if","locations":[{"start":{"line":28,"column":4},"end":{"line":33,"column":5}},{"start":{"line":28,"column":4},"end":{"line":33,"column":5}}],"line":28},"1":{"loc":{"start":{"line":28,"column":7},"end":{"line":28,"column":26}},"type":"binary-expr","locations":[{"start":{"line":28,"column":7},"end":{"line":28,"column":14}},{"start":{"line":28,"column":18},"end":{"line":28,"column":26}}],"line":28}},"s":{"0":0,"1":0,"2":0,"3":0,"4":0,"5":0,"6":0,"7":0,"8":0,"9":0,"10":0,"11":0,"12":0,"13":0,"14":0,"15":0,"16":0,"17":0},"f":{"0":0,"1":0,"2":0,"3":0},"b":{"0":[0,0],"1":[0,0]},"all":true},"/Users/dwikyhutomo/Documents/LibraryExpressJS/libraryapp-api/src/helpers/index.js":{"path":"/Users/dwikyhutomo/Documents/LibraryExpressJS/libraryapp-api/src/helpers/index.js","statementMap":{"0":{"start":{"line":1,"column":11},"end":{"line":1,"column":24}},"1":{"start":{"line":3,"column":0},"end":{"line":36,"column":1}},"2":{"start":{"line":6,"column":23},"end":{"line":6,"column":25}},"3":{"start":{"line":7,"column":8},"end":{"line":7,"column":31}},"4":{"start":{"line":8,"column":8},"end":{"line":8,"column":37}},"5":{"start":{"line":9,"column":8},"end":{"line":9,"column":26}},"6":{"start":{"line":10,"column":6},"end":{"line":10,"column":59}},"7":{"start":{"line":10,"column":29},"end":{"line":10,"column":59}},"8":{"start":{"line":15,"column":8},"end":{"line":15,"column":58}},"9":{"start":{"line":18,"column":8},"end":{"line":34,"column":9}},"10":{"start":{"line":19,"column":12},"end":{"line":33,"column":15}},"11":{"start":{"line":20,"column":16},"end":{"line":32,"column":19}},"12":{"start":{"line":21,"column":20},"end":{"line":21,"column":39}},"13":{"start":{"line":23,"column":20},"end":{"line":25,"column":21}},"14":{"start":{"line":24,"column":24},"end":{"line":24,"column":50}},"15":{"start":{"line":27,"column":20},"end":{"line":31,"column":23}},"16":{"start":{"line":28,"column":24},"end":{"line":28,"column":57}},"17":{"start":{"line":28,"column":33},"end":{"line":28,"column":57}},"18":{"start":{"line":30,"column":24},"end":{"line":30,"column":65}}},"fnMap":{"0":{"name":"(anonymous_0)","decl":{"start":{"line":4,"column":14},"end":{"line":4,"column":15}},"loc":{"start":{"line":4,"column":67},"end":{"line":16,"column":5}},"line":4},"1":{"name":"(anonymous_1)","decl":{"start":{"line":17,"column":16},"end":{"line":17,"column":17}},"loc":{"start":{"line":17,"column":32},"end":{"line":35,"column":5}},"line":17},"2":{"name":"(anonymous_2)","decl":{"start":{"line":19,"column":26},"end":{"line":19,"column":27}},"loc":{"start":{"line":19,"column":46},"end":{"line":33,"column":13}},"line":19},"3":{"name":"(anonymous_3)","decl":{"start":{"line":20,"column":61},"end":{"line":20,"column":62}},"loc":{"start":{"line":20,"column":82},"end":{"line":32,"column":17}},"line":20},"4":{"name":"(anonymous_4)","decl":{"start":{"line":27,"column":67},"end":{"line":27,"column":68}},"loc":{"start":{"line":27,"column":81},"end":{"line":31,"column":21}},"line":27}},"branchMap":{"0":{"loc":{"start":{"line":8,"column":24},"end":{"line":8,"column":37}},"type":"binary-expr","locations":[{"start":{"line":8,"column":24},"end":{"line":8,"column":30}},{"start":{"line":8,"column":34},"end":{"line":8,"column":37}}],"line":8},"1":{"loc":{"start":{"line":10,"column":6},"end":{"line":10,"column":59}},"type":"if","locations":[{"start":{"line":10,"column":6},"end":{"line":10,"column":59}},{"start":{"line":10,"column":6},"end":{"line":10,"column":59}}],"line":10},"2":{"loc":{"start":{"line":18,"column":8},"end":{"line":34,"column":9}},"type":"if","locations":[{"start":{"line":18,"column":8},"end":{"line":34,"column":9}},{"start":{"line":18,"column":8},"end":{"line":34,"column":9}}],"line":18},"3":{"loc":{"start":{"line":23,"column":20},"end":{"line":25,"column":21}},"type":"if","locations":[{"start":{"line":23,"column":20},"end":{"line":25,"column":21}},{"start":{"line":23,"column":20},"end":{"line":25,"column":21}}],"line":23},"4":{"loc":{"start":{"line":28,"column":24},"end":{"line":28,"column":57}},"type":"if","locations":[{"start":{"line":28,"column":24},"end":{"line":28,"column":57}},{"start":{"line":28,"column":24},"end":{"line":28,"column":57}}],"line":28}},"s":{"0":0,"1":0,"2":0,"3":0,"4":0,"5":0,"6":0,"7":0,"8":0,"9":0,"10":0,"11":0,"12":0,"13":0,"14":0,"15":0,"16":0,"17":0,"18":0},"f":{"0":0,"1":0,"2":0,"3":0,"4":0},"b":{"0":[0,0],"1":[0,0],"2":[0,0],"3":[0,0],"4":[0,0]},"all":true},"/Users/dwikyhutomo/Documents/LibraryExpressJS/libraryapp-api/src/index.js":{"path":"/Users/dwikyhutomo/Documents/LibraryExpressJS/libraryapp-api/src/index.js","statementMap":{"0":{"start":{"line":1,"column":16},"end":{"line":1,"column":34}},"1":{"start":{"line":2,"column":14},"end":{"line":2,"column":30}},"2":{"start":{"line":5,"column":19},"end":{"line":5,"column":44}},"3":{"start":{"line":6,"column":0},"end":{"line":6,"column":30}},"4":{"start":{"line":8,"column":21},"end":{"line":8,"column":47}},"5":{"start":{"line":9,"column":0},"end":{"line":9,"column":32}},"6":{"start":{"line":10,"column":20},"end":{"line":10,"column":45}},"7":{"start":{"line":11,"column":0},"end":{"line":11,"column":31}},"8":{"start":{"line":13,"column":19},"end":{"line":13,"column":43}},"9":{"start":{"line":14,"column":0},"end":{"line":14,"column":30}},"10":{"start":{"line":16,"column":19},"end":{"line":16,"column":43}},"11":{"start":{"line":17,"column":0},"end":{"line":17,"column":30}},"12":{"start":{"line":20,"column":21},"end":{"line":20,"column":47}},"13":{"start":{"line":21,"column":0},"end":{"line":21,"column":39}},"14":{"start":{"line":23,"column":0},"end":{"line":23,"column":22}}},"fnMap":{},"branchMap":{},"s":{"0":0,"1":0,"2":0,"3":0,"4":0,"5":0,"6":0,"7":0,"8":0,"9":0,"10":0,"11":0,"12":0,"13":0,"14":0},"f":{},"b":{},"all":true},"/Users/dwikyhutomo/Documents/LibraryExpressJS/libraryapp-api/src/middleware/auth.js":{"path":"/Users/dwikyhutomo/Documents/LibraryExpressJS/libraryapp-api/src/middleware/auth.js","statementMap":{"0":{"start":{"line":1,"column":12},"end":{"line":1,"column":35}},"1":{"start":{"line":2,"column":15},"end":{"line":2,"column":36}},"2":{"start":{"line":3,"column":0},"end":{"line":3,"column":26}},"3":{"start":{"line":5,"column":0},"end":{"line":35,"column":1}},"4":{"start":{"line":8,"column":22},"end":{"line":8,"column":51}},"5":{"start":{"line":9,"column":8},"end":{"line":19,"column":10}},"6":{"start":{"line":10,"column":12},"end":{"line":18,"column":13}},"7":{"start":{"line":11,"column":16},"end":{"line":11,"column":78}},"8":{"start":{"line":13,"column":16},"end":{"line":13,"column":38}},"9":{"start":{"line":14,"column":16},"end":{"line":14,"column":41}},"10":{"start":{"line":17,"column":16},"end":{"line":17,"column":22}},"11":{"start":{"line":23,"column":22},"end":{"line":23,"column":40}},"12":{"start":{"line":24,"column":8},"end":{"line":33,"column":10}},"13":{"start":{"line":25,"column":12},"end":{"line":32,"column":13}},"14":{"start":{"line":26,"column":16},"end":{"line":26,"column":69}},"15":{"start":{"line":28,"column":18},"end":{"line":28,"column":40}},"16":{"start":{"line":29,"column":18},"end":{"line":29,"column":44}},"17":{"start":{"line":31,"column":16},"end":{"line":31,"column":22}}},"fnMap":{"0":{"name":"(anonymous_0)","decl":{"start":{"line":6,"column":19},"end":{"line":6,"column":20}},"loc":{"start":{"line":6,"column":53},"end":{"line":20,"column":5}},"line":6},"1":{"name":"(anonymous_1)","decl":{"start":{"line":9,"column":50},"end":{"line":9,"column":51}},"loc":{"start":{"line":9,"column":74},"end":{"line":19,"column":9}},"line":9},"2":{"name":"(anonymous_2)","decl":{"start":{"line":22,"column":31},"end":{"line":22,"column":32}},"loc":{"start":{"line":22,"column":65},"end":{"line":34,"column":5}},"line":22},"3":{"name":"(anonymous_3)","decl":{"start":{"line":24,"column":60},"end":{"line":24,"column":61}},"loc":{"start":{"line":24,"column":85},"end":{"line":33,"column":9}},"line":24}},"branchMap":{"0":{"loc":{"start":{"line":10,"column":12},"end":{"line":18,"column":13}},"type":"if","locations":[{"start":{"line":10,"column":12},"end":{"line":18,"column":13}},{"start":{"line":10,"column":12},"end":{"line":18,"column":13}}],"line":10},"1":{"loc":{"start":{"line":10,"column":16},"end":{"line":10,"column":106}},"type":"binary-expr","locations":[{"start":{"line":10,"column":16},"end":{"line":10,"column":21}},{"start":{"line":10,"column":25},"end":{"line":10,"column":59}},{"start":{"line":10,"column":63},"end":{"line":10,"column":68}},{"start":{"line":10,"column":72},"end":{"line":10,"column":106}}],"line":10},"2":{"loc":{"start":{"line":25,"column":12},"end":{"line":32,"column":13}},"type":"if","locations":[{"start":{"line":25,"column":12},"end":{"line":32,"column":13}},{"start":{"line":25,"column":12},"end":{"line":32,"column":13}}],"line":25},"3":{"loc":{"start":{"line":25,"column":16},"end":{"line":25,"column":106}},"type":"binary-expr","locations":[{"start":{"line":25,"column":16},"end":{"line":25,"column":21}},{"start":{"line":25,"column":25},"end":{"line":25,"column":59}},{"start":{"line":25,"column":63},"end":{"line":25,"column":68}},{"start":{"line":25,"column":72},"end":{"line":25,"column":106}}],"line":25}},"s":{"0":0,"1":0,"2":0,"3":0,"4":0,"5":0,"6":0,"7":0,"8":0,"9":0,"10":0,"11":0,"12":0,"13":0,"14":0,"15":0,"16":0,"17":0},"f":{"0":0,"1":0,"2":0,"3":0},"b":{"0":[0,0],"1":[0,0,0,0],"2":[0,0],"3":[0,0,0,0]},"all":true},"/Users/dwikyhutomo/Documents/LibraryExpressJS/libraryapp-api/src/middleware/authen.js":{"path":"/Users/dwikyhutomo/Documents/LibraryExpressJS/libraryapp-api/src/middleware/authen.js","statementMap":{"0":{"start":{"line":1,"column":12},"end":{"line":1,"column":35}},"1":{"start":{"line":2,"column":15},"end":{"line":2,"column":36}},"2":{"start":{"line":3,"column":0},"end":{"line":3,"column":26}},"3":{"start":{"line":5,"column":0},"end":{"line":40,"column":1}},"4":{"start":{"line":7,"column":22},"end":{"line":7,"column":51}},"5":{"start":{"line":8,"column":8},"end":{"line":35,"column":10}},"6":{"start":{"line":9,"column":23},"end":{"line":9,"column":24}},"7":{"start":{"line":10,"column":12},"end":{"line":17,"column":13}},"8":{"start":{"line":11,"column":19},"end":{"line":11,"column":58}},"9":{"start":{"line":12,"column":17},"end":{"line":12,"column":62}},"10":{"start":{"line":15,"column":17},"end":{"line":15,"column":49}},"11":{"start":{"line":19,"column":12},"end":{"line":33,"column":13}},"12":{"start":{"line":20,"column":16},"end":{"line":20,"column":41}},"13":{"start":{"line":24,"column":16},"end":{"line":24,"column":22}},"14":{"start":{"line":25,"column":19},"end":{"line":33,"column":13}},"15":{"start":{"line":26,"column":16},"end":{"line":26,"column":88}},"16":{"start":{"line":31,"column":16},"end":{"line":31,"column":60}}},"fnMap":{"0":{"name":"(anonymous_0)","decl":{"start":{"line":6,"column":20},"end":{"line":6,"column":21}},"loc":{"start":{"line":6,"column":54},"end":{"line":39,"column":5}},"line":6},"1":{"name":"(anonymous_1)","decl":{"start":{"line":8,"column":50},"end":{"line":8,"column":51}},"loc":{"start":{"line":8,"column":74},"end":{"line":35,"column":9}},"line":8}},"branchMap":{"0":{"loc":{"start":{"line":10,"column":12},"end":{"line":17,"column":13}},"type":"if","locations":[{"start":{"line":10,"column":12},"end":{"line":17,"column":13}},{"start":{"line":10,"column":12},"end":{"line":17,"column":13}}],"line":10},"1":{"loc":{"start":{"line":19,"column":12},"end":{"line":33,"column":13}},"type":"if","locations":[{"start":{"line":19,"column":12},"end":{"line":33,"column":13}},{"start":{"line":19,"column":12},"end":{"line":33,"column":13}}],"line":19},"2":{"loc":{"start":{"line":25,"column":19},"end":{"line":33,"column":13}},"type":"if","locations":[{"start":{"line":25,"column":19},"end":{"line":33,"column":13}},{"start":{"line":25,"column":19},"end":{"line":33,"column":13}}],"line":25}},"s":{"0":0,"1":0,"2":0,"3":0,"4":0,"5":0,"6":0,"7":0,"8":0,"9":0,"10":0,"11":0,"12":0,"13":0,"14":0,"15":0,"16":0},"f":{"0":0,"1":0},"b":{"0":[0,0],"1":[0,0],"2":[0,0]},"all":true},"/Users/dwikyhutomo/Documents/LibraryExpressJS/libraryapp-api/src/models/auth.js":{"path":"/Users/dwikyhutomo/Documents/LibraryExpressJS/libraryapp-api/src/models/auth.js","statementMap":{"0":{"start":{"line":1,"column":19},"end":{"line":1,"column":45}},"1":{"start":{"line":2,"column":0},"end":{"line":115,"column":1}},"2":{"start":{"line":4,"column":8},"end":{"line":15,"column":10}},"3":{"start":{"line":6,"column":12},"end":{"line":14,"column":14}},"4":{"start":{"line":7,"column":16},"end":{"line":13,"column":17}},"5":{"start":{"line":9,"column":20},"end":{"line":9,"column":35}},"6":{"start":{"line":12,"column":20},"end":{"line":12,"column":44}},"7":{"start":{"line":19,"column":8},"end":{"line":28,"column":10}},"8":{"start":{"line":21,"column":12},"end":{"line":27,"column":14}},"9":{"start":{"line":22,"column":16},"end":{"line":26,"column":17}},"10":{"start":{"line":23,"column":20},"end":{"line":23,"column":38}},"11":{"start":{"line":25,"column":20},"end":{"line":25,"column":44}},"12":{"start":{"line":31,"column":8},"end":{"line":40,"column":10}},"13":{"start":{"line":33,"column":12},"end":{"line":39,"column":14}},"14":{"start":{"line":34,"column":16},"end":{"line":38,"column":17}},"15":{"start":{"line":35,"column":20},"end":{"line":35,"column":35}},"16":{"start":{"line":37,"column":20},"end":{"line":37,"column":44}},"17":{"start":{"line":43,"column":8},"end":{"line":56,"column":10}},"18":{"start":{"line":44,"column":12},"end":{"line":55,"column":14}},"19":{"start":{"line":45,"column":16},"end":{"line":54,"column":17}},"20":{"start":{"line":46,"column":38},"end":{"line":49,"column":21}},"21":{"start":{"line":50,"column":20},"end":{"line":50,"column":45}},"22":{"start":{"line":51,"column":20},"end":{"line":51,"column":38}},"23":{"start":{"line":53,"column":20},"end":{"line":53,"column":44}},"24":{"start":{"line":59,"column":8},"end":{"line":68,"column":10}},"25":{"start":{"line":60,"column":12},"end":{"line":67,"column":14}},"26":{"start":{"line":61,"column":16},"end":{"line":66,"column":17}},"27":{"start":{"line":63,"column":20},"end":{"line":63,"column":38}},"28":{"start":{"line":65,"column":20},"end":{"line":65,"column":44}},"29":{"start":{"line":71,"column":8},"end":{"line":83,"column":10}},"30":{"start":{"line":72,"column":12},"end":{"line":82,"column":14}},"31":{"start":{"line":73,"column":16},"end":{"line":81,"column":17}},"32":{"start":{"line":74,"column":36},"end":{"line":77,"column":21}},"33":{"start":{"line":78,"column":20},"end":{"line":78,"column":36}},"34":{"start":{"line":80,"column":20},"end":{"line":80,"column":44}},"35":{"start":{"line":86,"column":8},"end":{"line":98,"column":10}},"36":{"start":{"line":87,"column":12},"end":{"line":97,"column":14}},"37":{"start":{"line":88,"column":16},"end":{"line":96,"column":17}},"38":{"start":{"line":89,"column":36},"end":{"line":92,"column":21}},"39":{"start":{"line":93,"column":20},"end":{"line":93,"column":36}},"40":{"start":{"line":95,"column":20},"end":{"line":95,"column":44}},"41":{"start":{"line":101,"column":8},"end":{"line":113,"column":10}},"42":{"start":{"line":102,"column":12},"end":{"line":112,"column":14}},"43":{"start":{"line":103,"column":16},"end":{"line":111,"column":17}},"44":{"start":{"line":104,"column":36},"end":{"line":107,"column":21}},"45":{"start":{"line":108,"column":20},"end":{"line":108,"column":36}},"46":{"start":{"line":110,"column":20},"end":{"line":110,"column":44}}},"fnMap":{"0":{"name":"(anonymous_0)","decl":{"start":{"line":3,"column":13},"end":{"line":3,"column":14}},"loc":{"start":{"line":3,"column":24},"end":{"line":16,"column":5}},"line":3},"1":{"name":"(anonymous_1)","decl":{"start":{"line":4,"column":27},"end":{"line":4,"column":28}},"loc":{"start":{"line":4,"column":53},"end":{"line":15,"column":9}},"line":4},"2":{"name":"(anonymous_2)","decl":{"start":{"line":6,"column":63},"end":{"line":6,"column":64}},"loc":{"start":{"line":6,"column":87},"end":{"line":14,"column":13}},"line":6},"3":{"name":"(anonymous_3)","decl":{"start":{"line":18,"column":20},"end":{"line":18,"column":21}},"loc":{"start":{"line":18,"column":38},"end":{"line":29,"column":5}},"line":18},"4":{"name":"(anonymous_4)","decl":{"start":{"line":19,"column":27},"end":{"line":19,"column":28}},"loc":{"start":{"line":19,"column":53},"end":{"line":28,"column":9}},"line":19},"5":{"name":"(anonymous_5)","decl":{"start":{"line":21,"column":80},"end":{"line":21,"column":81}},"loc":{"start":{"line":21,"column":104},"end":{"line":27,"column":13}},"line":21},"6":{"name":"(anonymous_6)","decl":{"start":{"line":30,"column":19},"end":{"line":30,"column":20}},"loc":{"start":{"line":30,"column":34},"end":{"line":41,"column":5}},"line":30},"7":{"name":"(anonymous_7)","decl":{"start":{"line":31,"column":27},"end":{"line":31,"column":28}},"loc":{"start":{"line":31,"column":53},"end":{"line":40,"column":9}},"line":31},"8":{"name":"(anonymous_8)","decl":{"start":{"line":33,"column":70},"end":{"line":33,"column":71}},"loc":{"start":{"line":33,"column":94},"end":{"line":39,"column":13}},"line":33},"9":{"name":"(anonymous_9)","decl":{"start":{"line":42,"column":14},"end":{"line":42,"column":15}},"loc":{"start":{"line":42,"column":32},"end":{"line":57,"column":5}},"line":42},"10":{"name":"(anonymous_10)","decl":{"start":{"line":43,"column":27},"end":{"line":43,"column":28}},"loc":{"start":{"line":43,"column":53},"end":{"line":56,"column":9}},"line":43},"11":{"name":"(anonymous_11)","decl":{"start":{"line":44,"column":64},"end":{"line":44,"column":65}},"loc":{"start":{"line":44,"column":88},"end":{"line":55,"column":13}},"line":44},"12":{"name":"(anonymous_12)","decl":{"start":{"line":58,"column":15},"end":{"line":58,"column":16}},"loc":{"start":{"line":58,"column":33},"end":{"line":69,"column":5}},"line":58},"13":{"name":"(anonymous_13)","decl":{"start":{"line":59,"column":27},"end":{"line":59,"column":28}},"loc":{"start":{"line":59,"column":53},"end":{"line":68,"column":9}},"line":59},"14":{"name":"(anonymous_14)","decl":{"start":{"line":60,"column":120},"end":{"line":60,"column":121}},"loc":{"start":{"line":60,"column":144},"end":{"line":67,"column":13}},"line":60},"15":{"name":"(anonymous_15)","decl":{"start":{"line":70,"column":14},"end":{"line":70,"column":15}},"loc":{"start":{"line":70,"column":39},"end":{"line":84,"column":5}},"line":70},"16":{"name":"(anonymous_16)","decl":{"start":{"line":71,"column":27},"end":{"line":71,"column":28}},"loc":{"start":{"line":71,"column":53},"end":{"line":83,"column":9}},"line":71},"17":{"name":"(anonymous_17)","decl":{"start":{"line":72,"column":93},"end":{"line":72,"column":94}},"loc":{"start":{"line":72,"column":117},"end":{"line":82,"column":13}},"line":72},"18":{"name":"(anonymous_18)","decl":{"start":{"line":85,"column":13},"end":{"line":85,"column":14}},"loc":{"start":{"line":85,"column":35},"end":{"line":99,"column":5}},"line":85},"19":{"name":"(anonymous_19)","decl":{"start":{"line":86,"column":27},"end":{"line":86,"column":28}},"loc":{"start":{"line":86,"column":53},"end":{"line":98,"column":9}},"line":86},"20":{"name":"(anonymous_20)","decl":{"start":{"line":87,"column":78},"end":{"line":87,"column":79}},"loc":{"start":{"line":87,"column":102},"end":{"line":97,"column":13}},"line":87},"21":{"name":"(anonymous_21)","decl":{"start":{"line":100,"column":16},"end":{"line":100,"column":17}},"loc":{"start":{"line":100,"column":29},"end":{"line":114,"column":5}},"line":100},"22":{"name":"(anonymous_22)","decl":{"start":{"line":101,"column":27},"end":{"line":101,"column":28}},"loc":{"start":{"line":101,"column":53},"end":{"line":113,"column":9}},"line":101},"23":{"name":"(anonymous_23)","decl":{"start":{"line":102,"column":66},"end":{"line":102,"column":67}},"loc":{"start":{"line":102,"column":90},"end":{"line":112,"column":13}},"line":102}},"branchMap":{"0":{"loc":{"start":{"line":7,"column":16},"end":{"line":13,"column":17}},"type":"if","locations":[{"start":{"line":7,"column":16},"end":{"line":13,"column":17}},{"start":{"line":7,"column":16},"end":{"line":13,"column":17}}],"line":7},"1":{"loc":{"start":{"line":22,"column":16},"end":{"line":26,"column":17}},"type":"if","locations":[{"start":{"line":22,"column":16},"end":{"line":26,"column":17}},{"start":{"line":22,"column":16},"end":{"line":26,"column":17}}],"line":22},"2":{"loc":{"start":{"line":34,"column":16},"end":{"line":38,"column":17}},"type":"if","locations":[{"start":{"line":34,"column":16},"end":{"line":38,"column":17}},{"start":{"line":34,"column":16},"end":{"line":38,"column":17}}],"line":34},"3":{"loc":{"start":{"line":45,"column":16},"end":{"line":54,"column":17}},"type":"if","locations":[{"start":{"line":45,"column":16},"end":{"line":54,"column":17}},{"start":{"line":45,"column":16},"end":{"line":54,"column":17}}],"line":45},"4":{"loc":{"start":{"line":61,"column":16},"end":{"line":66,"column":17}},"type":"if","locations":[{"start":{"line":61,"column":16},"end":{"line":66,"column":17}},{"start":{"line":61,"column":16},"end":{"line":66,"column":17}}],"line":61},"5":{"loc":{"start":{"line":73,"column":16},"end":{"line":81,"column":17}},"type":"if","locations":[{"start":{"line":73,"column":16},"end":{"line":81,"column":17}},{"start":{"line":73,"column":16},"end":{"line":81,"column":17}}],"line":73},"6":{"loc":{"start":{"line":88,"column":16},"end":{"line":96,"column":17}},"type":"if","locations":[{"start":{"line":88,"column":16},"end":{"line":96,"column":17}},{"start":{"line":88,"column":16},"end":{"line":96,"column":17}}],"line":88},"7":{"loc":{"start":{"line":103,"column":16},"end":{"line":111,"column":17}},"type":"if","locations":[{"start":{"line":103,"column":16},"end":{"line":111,"column":17}},{"start":{"line":103,"column":16},"end":{"line":111,"column":17}}],"line":103}},"s":{"0":0,"1":0,"2":0,"3":0,"4":0,"5":0,"6":0,"7":0,"8":0,"9":0,"10":0,"11":0,"12":0,"13":0,"14":0,"15":0,"16":0,"17":0,"18":0,"19":0,"20":0,"21":0,"22":0,"23":0,"24":0,"25":0,"26":0,"27":0,"28":0,"29":0,"30":0,"31":0,"32":0,"33":0,"34":0,"35":0,"36":0,"37":0,"38":0,"39":0,"40":0,"41":0,"42":0,"43":0,"44":0,"45":0,"46":0},"f":{"0":0,"1":0,"2":0,"3":0,"4":0,"5":0,"6":0,"7":0,"8":0,"9":0,"10":0,"11":0,"12":0,"13":0,"14":0,"15":0,"16":0,"17":0,"18":0,"19":0,"20":0,"21":0,"22":0,"23":0},"b":{"0":[0,0],"1":[0,0],"2":[0,0],"3":[0,0],"4":[0,0],"5":[0,0],"6":[0,0],"7":[0,0]},"all":true},"/Users/dwikyhutomo/Documents/LibraryExpressJS/libraryapp-api/src/models/books.js":{"path":"/Users/dwikyhutomo/Documents/LibraryExpressJS/libraryapp-api/src/models/books.js","statementMap":{"0":{"start":{"line":1,"column":19},"end":{"line":1,"column":45}},"1":{"start":{"line":2,"column":11},"end":{"line":2,"column":24}},"2":{"start":{"line":3,"column":0},"end":{"line":206,"column":1}},"3":{"start":{"line":5,"column":8},"end":{"line":14,"column":10}},"4":{"start":{"line":7,"column":12},"end":{"line":13,"column":14}},"5":{"start":{"line":8,"column":16},"end":{"line":12,"column":17}},"6":{"start":{"line":9,"column":20},"end":{"line":9,"column":35}},"7":{"start":{"line":11,"column":20},"end":{"line":11,"column":44}},"8":{"start":{"line":17,"column":8},"end":{"line":27,"column":10}},"9":{"start":{"line":19,"column":12},"end":{"line":26,"column":14}},"10":{"start":{"line":20,"column":16},"end":{"line":25,"column":17}},"11":{"start":{"line":22,"column":20},"end":{"line":22,"column":35}},"12":{"start":{"line":24,"column":20},"end":{"line":24,"column":44}},"13":{"start":{"line":30,"column":8},"end":{"line":40,"column":10}},"14":{"start":{"line":32,"column":12},"end":{"line":39,"column":14}},"15":{"start":{"line":33,"column":16},"end":{"line":38,"column":17}},"16":{"start":{"line":34,"column":20},"end":{"line":34,"column":39}},"17":{"start":{"line":35,"column":20},"end":{"line":35,"column":38}},"18":{"start":{"line":37,"column":20},"end":{"line":37,"column":44}},"19":{"start":{"line":43,"column":8},"end":{"line":52,"column":10}},"20":{"start":{"line":45,"column":12},"end":{"line":51,"column":14}},"21":{"start":{"line":46,"column":16},"end":{"line":50,"column":17}},"22":{"start":{"line":47,"column":20},"end":{"line":47,"column":35}},"23":{"start":{"line":49,"column":20},"end":{"line":49,"column":44}},"24":{"start":{"line":55,"column":8},"end":{"line":69,"column":10}},"25":{"start":{"line":56,"column":12},"end":{"line":67,"column":14}},"26":{"start":{"line":57,"column":16},"end":{"line":66,"column":17}},"27":{"start":{"line":58,"column":36},"end":{"line":62,"column":21}},"28":{"start":{"line":63,"column":20},"end":{"line":63,"column":36}},"29":{"start":{"line":65,"column":20},"end":{"line":65,"column":44}},"30":{"start":{"line":72,"column":8},"end":{"line":84,"column":10}},"31":{"start":{"line":73,"column":12},"end":{"line":83,"column":14}},"32":{"start":{"line":74,"column":16},"end":{"line":82,"column":17}},"33":{"start":{"line":75,"column":36},"end":{"line":78,"column":21}},"34":{"start":{"line":79,"column":20},"end":{"line":79,"column":36}},"35":{"start":{"line":81,"column":20},"end":{"line":81,"column":44}},"36":{"start":{"line":88,"column":8},"end":{"line":100,"column":10}},"37":{"start":{"line":89,"column":12},"end":{"line":99,"column":14}},"38":{"start":{"line":90,"column":16},"end":{"line":98,"column":17}},"39":{"start":{"line":91,"column":36},"end":{"line":94,"column":21}},"40":{"start":{"line":95,"column":20},"end":{"line":95,"column":36}},"41":{"start":{"line":97,"column":20},"end":{"line":97,"column":44}},"42":{"start":{"line":105,"column":8},"end":{"line":113,"column":10}},"43":{"start":{"line":106,"column":12},"end":{"line":112,"column":14}},"44":{"start":{"line":107,"column":16},"end":{"line":111,"column":17}},"45":{"start":{"line":108,"column":20},"end":{"line":108,"column":35}},"46":{"start":{"line":110,"column":20},"end":{"line":110,"column":44}},"47":{"start":{"line":116,"column":8},"end":{"line":135,"column":10}},"48":{"start":{"line":117,"column":12},"end":{"line":134,"column":13}},"49":{"start":{"line":118,"column":16},"end":{"line":124,"column":18}},"50":{"start":{"line":119,"column":20},"end":{"line":123,"column":21}},"51":{"start":{"line":120,"column":24},"end":{"line":120,"column":39}},"52":{"start":{"line":122,"column":24},"end":{"line":122,"column":48}},"53":{"start":{"line":126,"column":16},"end":{"line":133,"column":18}},"54":{"start":{"line":128,"column":20},"end":{"line":132,"column":21}},"55":{"start":{"line":129,"column":24},"end":{"line":129,"column":39}},"56":{"start":{"line":131,"column":24},"end":{"line":131,"column":48}},"57":{"start":{"line":139,"column":8},"end":{"line":148,"column":10}},"58":{"start":{"line":141,"column":12},"end":{"line":147,"column":14}},"59":{"start":{"line":142,"column":16},"end":{"line":146,"column":17}},"60":{"start":{"line":143,"column":20},"end":{"line":143,"column":35}},"61":{"start":{"line":145,"column":20},"end":{"line":145,"column":44}},"62":{"start":{"line":152,"column":8},"end":{"line":160,"column":10}},"63":{"start":{"line":153,"column":12},"end":{"line":159,"column":14}},"64":{"start":{"line":154,"column":16},"end":{"line":158,"column":17}},"65":{"start":{"line":155,"column":20},"end":{"line":155,"column":44}},"66":{"start":{"line":157,"column":20},"end":{"line":157,"column":44}},"67":{"start":{"line":164,"column":8},"end
[...]
,"line":106},"23":{"name":"(anonymous_23)","decl":{"start":{"line":107,"column":90},"end":{"line":107,"column":91}},"loc":{"start":{"line":107,"column":114},"end":{"line":117,"column":13}},"line":107},"24":{"name":"(anonymous_24)","decl":{"start":{"line":120,"column":16},"end":{"line":120,"column":17}},"loc":{"start":{"line":120,"column":29},"end":{"line":134,"column":5}},"line":120},"25":{"name":"(anonymous_25)","decl":{"start":{"line":121,"column":27},"end":{"line":121,"column":28}},"loc":{"start":{"line":121,"column":53},"end":{"line":133,"column":9}},"line":121},"26":{"name":"(anonymous_26)","decl":{"start":{"line":122,"column":87},"end":{"line":122,"column":88}},"loc":{"start":{"line":122,"column":111},"end":{"line":132,"column":13}},"line":122},"27":{"name":"(anonymous_27)","decl":{"start":{"line":135,"column":26},"end":{"line":135,"column":27}},"loc":{"start":{"line":135,"column":39},"end":{"line":149,"column":5}},"line":135},"28":{"name":"(anonymous_28)","decl":{"start":{"line":136,"column":27},"end":{"line":136,"column":28}},"loc":{"start":{"line":136,"column":53},"end":{"line":148,"column":9}},"line":136},"29":{"name":"(anonymous_29)","decl":{"start":{"line":137,"column":73},"end":{"line":137,"column":74}},"loc":{"start":{"line":137,"column":97},"end":{"line":147,"column":13}},"line":137},"30":{"name":"(anonymous_30)","decl":{"start":{"line":150,"column":21},"end":{"line":150,"column":22}},"loc":{"start":{"line":150,"column":36},"end":{"line":160,"column":5}},"line":150},"31":{"name":"(anonymous_31)","decl":{"start":{"line":151,"column":27},"end":{"line":151,"column":28}},"loc":{"start":{"line":151,"column":53},"end":{"line":159,"column":9}},"line":151},"32":{"name":"(anonymous_32)","decl":{"start":{"line":152,"column":81},"end":{"line":152,"column":82}},"loc":{"start":{"line":152,"column":105},"end":{"line":158,"column":13}},"line":152},"33":{"name":"(anonymous_33)","decl":{"start":{"line":161,"column":19},"end":{"line":161,"column":20}},"loc":{"start":{"line":161,"column":68},"end":{"line":182,"column":5}},"line":161},"34":{"name":"(anonymous_34)","decl":{"start":{"line":162,"column":27},"end":{"line":162,"column":28}},"loc":{"start":{"line":162,"column":53},"end":{"line":180,"column":9}},"line":162},"35":{"name":"(anonymous_35)","decl":{"start":{"line":164,"column":433},"end":{"line":164,"column":434}},"loc":{"start":{"line":164,"column":457},"end":{"line":170,"column":17}},"line":164},"36":{"name":"(anonymous_36)","decl":{"start":{"line":172,"column":403},"end":{"line":172,"column":404}},"loc":{"start":{"line":172,"column":427},"end":{"line":178,"column":17}},"line":172},"37":{"name":"(anonymous_37)","decl":{"start":{"line":184,"column":14},"end":{"line":184,"column":15}},"loc":{"start":{"line":184,"column":25},"end":{"line":194,"column":5}},"line":184},"38":{"name":"(anonymous_38)","decl":{"start":{"line":185,"column":27},"end":{"line":185,"column":28}},"loc":{"start":{"line":185,"column":53},"end":{"line":193,"column":9}},"line":185},"39":{"name":"(anonymous_39)","decl":{"start":{"line":186,"column":69},"end":{"line":186,"column":70}},"loc":{"start":{"line":186,"column":93},"end":{"line":192,"column":13}},"line":186},"40":{"name":"(anonymous_40)","decl":{"start":{"line":196,"column":22},"end":{"line":196,"column":23}},"loc":{"start":{"line":196,"column":35},"end":{"line":207,"column":5}},"line":196},"41":{"name":"(anonymous_41)","decl":{"start":{"line":197,"column":27},"end":{"line":197,"column":28}},"loc":{"start":{"line":197,"column":53},"end":{"line":206,"column":9}},"line":197},"42":{"name":"(anonymous_42)","decl":{"start":{"line":199,"column":75},"end":{"line":199,"column":76}},"loc":{"start":{"line":199,"column":99},"end":{"line":205,"column":13}},"line":199}},"branchMap":{"0":{"loc":{"start":{"line":8,"column":16},"end":{"line":12,"column":17}},"type":"if","locations":[{"start":{"line":8,"column":16},"end":{"line":12,"column":17}},{"start":{"line":8,"column":16},"end":{"line":12,"column":17}}],"line":8},"1":{"loc":{"start":{"line":20,"column":16},"end":{"line":24,"column":17}},"type":"if","locations":[{"start":{"line":20,"column":16},"end":{"line":24,"column":17}},{"start":{"line":20,"column":16},"end":{"line":24,"column":17}}],"line":20},"2":{"loc":{"start":{"line":35,"column":16},"end":{"line":39,"column":17}},"type":"if","locations":[{"start":{"line":35,"column":16},"end":{"line":39,"column":17}},{"start":{"line":35,"column":16},"end":{"line":39,"column":17}}],"line":35},"3":{"loc":{"start":{"line":47,"column":16},"end":{"line":51,"column":17}},"type":"if","locations":[{"start":{"line":47,"column":16},"end":{"line":51,"column":17}},{"start":{"line":47,"column":16},"end":{"line":51,"column":17}}],"line":47},"4":{"loc":{"start":{"line":58,"column":16},"end":{"line":69,"column":17}},"type":"if","locations":[{"start":{"line":58,"column":16},"end":{"line":69,"column":17}},{"start":{"line":58,"column":16},"end":{"line":69,"column":17}}],"line":58},"5":{"loc":{"start":{"line":77,"column":16},"end":{"line":86,"column":17}},"type":"if","locations":[{"start":{"line":77,"column":16},"end":{"line":86,"column":17}},{"start":{"line":77,"column":16},"end":{"line":86,"column":17}}],"line":77},"6":{"loc":{"start":{"line":93,"column":16},"end":{"line":101,"column":17}},"type":"if","locations":[{"start":{"line":93,"column":16},"end":{"line":101,"column":17}},{"start":{"line":93,"column":16},"end":{"line":101,"column":17}}],"line":93},"7":{"loc":{"start":{"line":108,"column":16},"end":{"line":116,"column":17}},"type":"if","locations":[{"start":{"line":108,"column":16},"end":{"line":116,"column":17}},{"start":{"line":108,"column":16},"end":{"line":116,"column":17}}],"line":108},"8":{"loc":{"start":{"line":123,"column":16},"end":{"line":131,"column":17}},"type":"if","locations":[{"start":{"line":123,"column":16},"end":{"line":131,"column":17}},{"start":{"line":123,"column":16},"end":{"line":131,"column":17}}],"line":123},"9":{"loc":{"start":{"line":138,"column":16},"end":{"line":146,"column":17}},"type":"if","locations":[{"start":{"line":138,"column":16},"end":{"line":146,"column":17}},{"start":{"line":138,"column":16},"end":{"line":146,"column":17}}],"line":138},"10":{"loc":{"start":{"line":153,"column":16},"end":{"line":157,"column":17}},"type":"if","locations":[{"start":{"line":153,"column":16},"end":{"line":157,"column":17}},{"start":{"line":153,"column":16},"end":{"line":157,"column":17}}],"line":153},"11":{"loc":{"start":{"line":163,"column":12},"end":{"line":179,"column":13}},"type":"if","locations":[{"start":{"line":163,"column":12},"end":{"line":179,"column":13}},{"start":{"line":163,"column":12},"end":{"line":179,"column":13}}],"line":163},"12":{"loc":{"start":{"line":165,"column":20},"end":{"line":169,"column":21}},"type":"if","locations":[{"start":{"line":165,"column":20},"end":{"line":169,"column":21}},{"start":{"line":165,"column":20},"end":{"line":169,"column":21}}],"line":165},"13":{"loc":{"start":{"line":173,"column":20},"end":{"line":177,"column":21}},"type":"if","locations":[{"start":{"line":173,"column":20},"end":{"line":177,"column":21}},{"start":{"line":173,"column":20},"end":{"line":177,"column":21}}],"line":173},"14":{"loc":{"start":{"line":187,"column":16},"end":{"line":191,"column":17}},"type":"if","locations":[{"start":{"line":187,"column":16},"end":{"line":191,"column":17}},{"start":{"line":187,"column":16},"end":{"line":191,"column":17}}],"line":187},"15":{"loc":{"start":{"line":200,"column":16},"end":{"line":204,"column":17}},"type":"if","locations":[{"start":{"line":200,"column":16},"end":{"line":204,"column":17}},{"start":{"line":200,"column":16},"end":{"line":204,"column":17}}],"line":200}},"s":{"0":0,"1":0,"2":0,"3":0,"4":0,"5":0,"6":0,"7":0,"8":0,"9":0,"10":0,"11":0,"12":0,"13":0,"14":0,"15":0,"16":0,"17":0,"18":0,"19":0,"20":0,"21":0,"22":0,"23":0,"24":0,"25":0,"26":0,"27":0,"28":0,"29":0,"30":0,"31":0,"32":0,"33":0,"34":0,"35":0,"36":0,"37":0,"38":0,"39":0,"40":0,"41":0,"42":0,"43":0,"44":0,"45":0,"46":0,"47":0,"48":0,"49":0,"50":0,"51":0,"52":0,"53":0,"54":0,"55":0,"56":0,"57":0,"58":0,"59":0,"60":0,"61":0,"62":0,"63":0,"64":0,"65":0,"66":0,"67":0,"68":0,"69":0,"70":0,"71":0,"72":0,"73":0,"74":0,"75":0,"76":0,"77":0,"78":0,"79":0,"80":0,"81":0,"82":0,"83":0},"f":{"0":0,"1":0,"2":0,"3":0,"4":0,"5":0,"6":0,"7":0,"8":0,"9":0,"10":0,"11":0,"12":0,"13":0,"14":0,"15":0,"16":0,"17":0,"18":0,"19":0,"20":0,"21":0,"22":0,"23":0,"24":0,"25":0,"26":0,"27":0,"28":0,"29":0,"30":0,"31":0,"32":0,"33":0,"34":0,"35":0,"36":0,"37":0,"38":0,"39":0,"40":0,"41":0,"42":0},"b":{"0":[0,0],"1":[0,0],"2":[0,0],"3":[0,0],"4":[0,0],"5":[0,0],"6":[0,0],"7":[0,0],"8":[0,0],"9":[0,0],"10":[0,0],"11":[0,0],"12":[0,0],"13":[0,0],"14":[0,0],"15":[0,0]},"all":true},"/Users/dwikyhutomo/Documents/LibraryExpressJS/libraryapp-api/src/models/data.js":{"path":"/Users/dwikyhutomo/Documents/LibraryExpressJS/libraryapp-api/src/models/data.js","statementMap":{"0":{"start":{"line":1,"column":19},"end":{"line":1,"column":45}},"1":{"start":{"line":4,"column":0},"end":{"line":82,"column":1}},"2":{"start":{"line":7,"column":8},"end":{"line":15,"column":10}},"3":{"start":{"line":8,"column":12},"end":{"line":14,"column":14}},"4":{"start":{"line":9,"column":16},"end":{"line":13,"column":17}},"5":{"start":{"line":10,"column":20},"end":{"line":10,"column":35}},"6":{"start":{"line":12,"column":20},"end":{"line":12,"column":44}},"7":{"start":{"line":18,"column":8},"end":{"line":26,"column":10}},"8":{"start":{"line":19,"column":12},"end":{"line":25,"column":14}},"9":{"start":{"line":20,"column":16},"end":{"line":24,"column":17}},"10":{"start":{"line":21,"column":20},"end":{"line":21,"column":38}},"11":{"start":{"line":23,"column":20},"end":{"line":23,"column":44}},"12":{"start":{"line":29,"column":8},"end":{"line":42,"column":10}},"13":{"start":{"line":30,"column":12},"end":{"line":41,"column":14}},"14":{"start":{"line":31,"column":16},"end":{"line":40,"column":17}},"15":{"start":{"line":32,"column":36},"end":{"line":36,"column":21}},"16":{"start":{"line":37,"column":20},"end":{"line":37,"column":36}},"17":{"start":{"line":39,"column":20},"end":{"line":39,"column":44}},"18":{"start":{"line":45,"column":8},"end":{"line":60,"column":10}},"19":{"start":{"line":46,"column":12},"end":{"line":58,"column":14}},"20":{"start":{"line":47,"column":16},"end":{"line":57,"column":17}},"21":{"start":{"line":48,"column":36},"end":{"line":52,"column":21}},"22":{"start":{"line":53,"column":20},"end":{"line":53,"column":36}},"23":{"start":{"line":56,"column":20},"end":{"line":56,"column":44}},"24":{"start":{"line":63,"column":8},"end":{"line":77,"column":10}},"25":{"start":{"line":64,"column":12},"end":{"line":76,"column":14}},"26":{"start":{"line":65,"column":16},"end":{"line":75,"column":17}},"27":{"start":{"line":66,"column":36},"end":{"line":71,"column":21}},"28":{"start":{"line":72,"column":20},"end":{"line":72,"column":36}},"29":{"start":{"line":74,"column":20},"end":{"line":74,"column":44}}},"fnMap":{"0":{"name":"(anonymous_0)","decl":{"start":{"line":6,"column":13},"end":{"line":6,"column":14}},"loc":{"start":{"line":6,"column":28},"end":{"line":16,"column":5}},"line":6},"1":{"name":"(anonymous_1)","decl":{"start":{"line":7,"column":27},"end":{"line":7,"column":28}},"loc":{"start":{"line":7,"column":53},"end":{"line":15,"column":9}},"line":7},"2":{"name":"(anonymous_2)","decl":{"start":{"line":8,"column":55},"end":{"line":8,"column":56}},"loc":{"start":{"line":8,"column":79},"end":{"line":14,"column":13}},"line":8},"3":{"name":"(anonymous_3)","decl":{"start":{"line":17,"column":17},"end":{"line":17,"column":18}},"loc":{"start":{"line":17,"column":35},"end":{"line":27,"column":5}},"line":17},"4":{"name":"(anonymous_4)","decl":{"start":{"line":18,"column":27},"end":{"line":18,"column":28}},"loc":{"start":{"line":18,"column":53},"end":{"line":26,"column":9}},"line":18},"5":{"name":"(anonymous_5)","decl":{"start":{"line":19,"column":71},"end":{"line":19,"column":72}},"loc":{"start":{"line":19,"column":95},"end":{"line":25,"column":13}},"line":19},"6":{"name":"(anonymous_6)","decl":{"start":{"line":28,"column":14},"end":{"line":28,"column":15}},"loc":{"start":{"line":28,"column":38},"end":{"line":43,"column":5}},"line":28},"7":{"name":"(anonymous_7)","decl":{"start":{"line":29,"column":27},"end":{"line":29,"column":28}},"loc":{"start":{"line":29,"column":53},"end":{"line":42,"column":9}},"line":29},"8":{"name":"(anonymous_8)","decl":{"start":{"line":30,"column":70},"end":{"line":30,"column":71}},"loc":{"start":{"line":30,"column":94},"end":{"line":41,"column":13}},"line":30},"9":{"name":"(anonymous_9)","decl":{"start":{"line":44,"column":13},"end":{"line":44,"column":14}},"loc":{"start":{"line":44,"column":41},"end":{"line":61,"column":5}},"line":44},"10":{"name":"(anonymous_10)","decl":{"start":{"line":45,"column":27},"end":{"line":45,"column":28}},"loc":{"start":{"line":45,"column":53},"end":{"line":60,"column":9}},"line":45},"11":{"name":"(anonymous_11)","decl":{"start":{"line":46,"column":82},"end":{"line":46,"column":83}},"loc":{"start":{"line":46,"column":106},"end":{"line":58,"column":13}},"line":46},"12":{"name":"(anonymous_12)","decl":{"start":{"line":62,"column":16},"end":{"line":62,"column":17}},"loc":{"start":{"line":62,"column":35},"end":{"line":78,"column":5}},"line":62},"13":{"name":"(anonymous_13)","decl":{"start":{"line":63,"column":27},"end":{"line":63,"column":28}},"loc":{"start":{"line":63,"column":53},"end":{"line":77,"column":9}},"line":63},"14":{"name":"(anonymous_14)","decl":{"start":{"line":64,"column":72},"end":{"line":64,"column":73}},"loc":{"start":{"line":64,"column":96},"end":{"line":76,"column":13}},"line":64}},"branchMap":{"0":{"loc":{"start":{"line":9,"column":16},"end":{"line":13,"column":17}},"type":"if","locations":[{"start":{"line":9,"column":16},"end":{"line":13,"column":17}},{"start":{"line":9,"column":16},"end":{"line":13,"column":17}}],"line":9},"1":{"loc":{"start":{"line":20,"column":16},"end":{"line":24,"column":17}},"type":"if","locations":[{"start":{"line":20,"column":16},"end":{"line":24,"column":17}},{"start":{"line":20,"column":16},"end":{"line":24,"column":17}}],"line":20},"2":{"loc":{"start":{"line":31,"column":16},"end":{"line":40,"column":17}},"type":"if","locations":[{"start":{"line":31,"column":16},"end":{"line":40,"column":17}},{"start":{"line":31,"column":16},"end":{"line":40,"column":17}}],"line":31},"3":{"loc":{"start":{"line":47,"column":16},"end":{"line":57,"column":17}},"type":"if","locations":[{"start":{"line":47,"column":16},"end":{"line":57,"column":17}},{"start":{"line":47,"column":16},"end":{"line":57,"column":17}}],"line":47},"4":{"loc":{"start":{"line":65,"column":16},"end":{"line":75,"column":17}},"type":"if","locations":[{"start":{"line":65,"column":16},"end":{"line":75,"column":17}},{"start":{"line":65,"column":16},"end":{"line":75,"column":17}}],"line":65}},"s":{"0":0,"1":0,"2":0,"3":0,"4":0,"5":0,"6":0,"7":0,"8":0,"9":0,"10":0,"11":0,"12":0,"13":0,"14":0,"15":0,"16":0,"17":0,"18":0,"19":0,"20":0,"21":0,"22":0,"23":0,"24":0,"25":0,"26":0,"27":0,"28":0,"29":0},"f":{"0":0,"1":0,"2":0,"3":0,"4":0,"5":0,"6":0,"7":0,"8":0,"9":0,"10":0,"11":0,"12":0,"13":0,"14":0},"b":{"0":[0,0],"1":[0,0],"2":[0,0],"3":[0,0],"4":[0,0]},"all":true},"/Users/dwikyhutomo/Documents/LibraryExpressJS/libraryapp-api/src/routes/auth.js":{"path":"/Users/dwikyhutomo/Documents/LibraryExpressJS/libraryapp-api/src/routes/auth.js","statementMap":{"0":{"start":{"line":1,"column":16},"end":{"line":1,"column":34}},"1":{"start":{"line":2,"column":14},"end":{"line":2,"column":30}},"2":{"start":{"line":4,"column":26},"end":{"line":4,"column":55}},"3":{"start":{"line":6,"column":38},"end":{"line":6,"column":67}},"4":{"start":{"line":7,"column":27},"end":{"line":7,"column":58}},"5":{"start":{"line":8,"column":23},"end":{"line":8,"column":53}},"6":{"start":{"line":10,"column":0},"end":{"line":21,"column":87}},"7":{"start":{"line":24,"column":0},"end":{"line":24,"column":22}}},"fnMap":{},"branchMap":{},"s":{"0":0,"1":0,"2":0,"3":0,"4":0,"5":0,"6":0,"7":0},"f":{},"b":{},"all":true},"/Users/dwikyhutomo/Documents/LibraryExpressJS/libraryapp-api/src/routes/author.js":{"path":"/Users/dwikyhutomo/Documents/LibraryExpressJS/libraryapp-api/src/routes/author.js","statementMap":{"0":{"start":{"line":1,"column":16},"end":{"line":1,"column":34}},"1":{"start":{"line":2,"column":14},"end":{"line":2,"column":30}},"2":{"start":{"line":3,"column":26},"end":{"line":3,"column":55}},"3":{"start":{"line":4,"column":27},"end":{"line":4,"column":58}},"4":{"start":{"line":6,"column":25},"end":{"line":6,"column":57}},"5":{"start":{"line":7,"column":0},"end":{"line":15,"column":88}},"6":{"start":{"line":18,"column":0},"end":{"line":18,"column":22}}},"fnMap":{},"branchMap":{},"s":{"0":0,"1":0,"2":0,"3":0,"4":0,"5":0,"6":0},"f":{},"b":{},"all":true},"/Users/dwikyhutomo/Documents/LibraryExpressJS/libraryapp-api/src/routes/books.js":{"path":"/Users/dwikyhutomo/Documents/LibraryExpressJS/libraryapp-api/src/routes/books.js","statementMap":{"0":{"start":{"line":1,"column":16},"end":{"line":1,"column":34}},"1":{"start":{"line":2,"column":14},"end":{"line":2,"column":30}},"2":{"start":{"line":4,"column":26},"end":{"line":4,"column":55}},"3":{"start":{"line":5,"column":27},"end":{"line":5,"column":58}},"4":{"start":{"line":6,"column":24},"end":{"line":6,"column":55}},"5":{"start":{"line":8,"column":13},"end":{"line":8,"column":28}},"6":{"start":{"line":9,"column":20},"end":{"line":9,"column":53}},"7":{"start":{"line":12,"column":0},"end":{"line":26,"column":74}},"8":{"start":{"line":29,"column":0},"end":{"line":29,"column":22}}},"fnMap":{},"branchMap":{},"s":{"0":0,"1":0,"2":0,"3":0,"4":0,"5":0,"6":0,"7":0,"8":0},"f":{},"b":{},"all":true},"/Users/dwikyhutomo/Documents/LibraryExpressJS/libraryapp-api/src/routes/borrow.js":{"path":"/Users/dwikyhutomo/Documents/LibraryExpressJS/libraryapp-api/src/routes/borrow.js","statementMap":{"0":{"start":{"line":1,"column":16},"end":{"line":1,"column":34}},"1":{"start":{"line":2,"column":14},"end":{"line":2,"column":30}},"2":{"start":{"line":3,"column":26},"end":{"line":3,"column":55}},"3":{"start":{"line":4,"column":27},"end":{"line":4,"column":58}},"4":{"start":{"line":6,"column":25},"end":{"line":6,"column":57}},"5":{"start":{"line":7,"column":0},"end":{"line":15,"column":60}},"6":{"start":{"line":18,"column":0},"end":{"line":18,"column":22}}},"fnMap":{},"branchMap":{},"s":{"0":0,"1":0,"2":0,"3":0,"4":0,"5":0,"6":0},"f":{},"b":{},"all":true},"/Users/dwikyhutomo/Documents/LibraryExpressJS/libraryapp-api/src/routes/genre.js":{"path":"/Users/dwikyhutomo/Documents/LibraryExpressJS/libraryapp-api/src/routes/genre.js","statementMap":{"0":{"start":{"line":1,"column":16},"end":{"line":1,"column":34}},"1":{"start":{"line":2,"column":14},"end":{"line":2,"column":30}},"2":{"start":{"line":3,"column":26},"end":{"line":3,"column":55}},"3":{"start":{"line":4,"column":27},"end":{"line":4,"column":58}},"4":{"start":{"line":6,"column":24},"end":{"line":6,"column":55}},"5":{"start":{"line":7,"column":0},"end":{"line":15,"column":85}},"6":{"start":{"line":18,"column":0},"end":{"line":18,"column":22}}},"fnMap":{},"branchMap":{},"s":{"0":0,"1":0,"2":0,"3":0,"4":0,"5":0,"6":0},"f":{},"b":{},"all":true},"/Users/dwikyhutomo/Documents/LibraryExpressJS/libraryapp-api/src/routes/role.js":{"path":"/Users/dwikyhutomo/Documents/LibraryExpressJS/libraryapp-api/src/routes/role.js","statementMap":{"0":{"start":{"line":1,"column":16},"end":{"line":1,"column":34}},"1":{"start":{"line":2,"column":14},"end":{"line":2,"column":30}},"2":{"start":{"line":3,"column":26},"end":{"line":3,"column":55}},"3":{"start":{"line":4,"column":27},"end":{"line":4,"column":58}},"4":{"start":{"line":6,"column":23},"end":{"line":6,"column":53}},"5":{"start":{"line":7,"column":0},"end":{"line":13,"column":82}},"6":{"start":{"line":16,"column":0},"end":{"line":16,"column":22}}},"fnMap":{},"branchMap":{},"s":{"0":0,"1":0,"2":0,"3":0,"4":0,"5":0,"6":0},"f":{},"b":{},"all":true}}